[2023-02-12T04:06:13.776+0000] {processor.py:154} INFO - Started process (PID=71) to work on /home/airflow/.local/lib/python3.7/site-packages/airflow/example_dags/example_xcom.py
[2023-02-12T04:06:13.786+0000] {processor.py:756} INFO - Processing file /home/airflow/.local/lib/python3.7/site-packages/airflow/example_dags/example_xcom.py for tasks to queue
[2023-02-12T04:06:13.793+0000] {logging_mixin.py:120} INFO - [2023-02-12T04:06:13.792+0000] {dagbag.py:537} INFO - Filling up the DagBag from /home/airflow/.local/lib/python3.7/site-packages/airflow/example_dags/example_xcom.py
[2023-02-12T04:06:13.887+0000] {processor.py:766} INFO - DAG(s) dict_keys(['example_xcom']) retrieved from /home/airflow/.local/lib/python3.7/site-packages/airflow/example_dags/example_xcom.py
[2023-02-12T04:06:14.356+0000] {logging_mixin.py:120} INFO - [2023-02-12T04:06:14.356+0000] {manager.py:507} INFO - Created Permission View: can delete on DAG:example_xcom
[2023-02-12T04:06:14.381+0000] {logging_mixin.py:120} INFO - [2023-02-12T04:06:14.380+0000] {manager.py:507} INFO - Created Permission View: can read on DAG:example_xcom
[2023-02-12T04:06:14.399+0000] {logging_mixin.py:120} INFO - [2023-02-12T04:06:14.399+0000] {manager.py:507} INFO - Created Permission View: can edit on DAG:example_xcom
[2023-02-12T04:06:14.401+0000] {logging_mixin.py:120} INFO - [2023-02-12T04:06:14.401+0000] {dag.py:2585} INFO - Sync 1 DAGs
[2023-02-12T04:06:14.435+0000] {logging_mixin.py:120} INFO - [2023-02-12T04:06:14.435+0000] {dag.py:2606} INFO - Creating ORM DAG for example_xcom
[2023-02-12T04:06:14.465+0000] {logging_mixin.py:120} INFO - [2023-02-12T04:06:14.465+0000] {dag.py:3340} INFO - Setting next_dagrun for example_xcom to 2021-01-01T00:00:00+00:00, run_after=2021-01-01T00:00:00+00:00
[2023-02-12T04:06:14.509+0000] {processor.py:176} INFO - Processing /home/airflow/.local/lib/python3.7/site-packages/airflow/example_dags/example_xcom.py took 0.740 seconds
[2023-02-12T04:06:45.077+0000] {processor.py:154} INFO - Started process (PID=136) to work on /home/airflow/.local/lib/python3.7/site-packages/airflow/example_dags/example_xcom.py
[2023-02-12T04:06:45.081+0000] {processor.py:756} INFO - Processing file /home/airflow/.local/lib/python3.7/site-packages/airflow/example_dags/example_xcom.py for tasks to queue
[2023-02-12T04:06:45.084+0000] {logging_mixin.py:120} INFO - [2023-02-12T04:06:45.083+0000] {dagbag.py:537} INFO - Filling up the DagBag from /home/airflow/.local/lib/python3.7/site-packages/airflow/example_dags/example_xcom.py
[2023-02-12T04:06:45.136+0000] {processor.py:766} INFO - DAG(s) dict_keys(['example_xcom']) retrieved from /home/airflow/.local/lib/python3.7/site-packages/airflow/example_dags/example_xcom.py
[2023-02-12T04:06:45.222+0000] {logging_mixin.py:120} INFO - [2023-02-12T04:06:45.222+0000] {dag.py:2585} INFO - Sync 1 DAGs
[2023-02-12T04:06:45.276+0000] {logging_mixin.py:120} INFO - [2023-02-12T04:06:45.276+0000] {dag.py:3340} INFO - Setting next_dagrun for example_xcom to 2021-01-01T00:00:00+00:00, run_after=2021-01-01T00:00:00+00:00
[2023-02-12T04:06:45.310+0000] {processor.py:176} INFO - Processing /home/airflow/.local/lib/python3.7/site-packages/airflow/example_dags/example_xcom.py took 0.241 seconds
[2023-02-12T04:07:15.654+0000] {processor.py:154} INFO - Started process (PID=197) to work on /home/airflow/.local/lib/python3.7/site-packages/airflow/example_dags/example_xcom.py
[2023-02-12T04:07:15.657+0000] {processor.py:756} INFO - Processing file /home/airflow/.local/lib/python3.7/site-packages/airflow/example_dags/example_xcom.py for tasks to queue
[2023-02-12T04:07:15.662+0000] {logging_mixin.py:120} INFO - [2023-02-12T04:07:15.662+0000] {dagbag.py:537} INFO - Filling up the DagBag from /home/airflow/.local/lib/python3.7/site-packages/airflow/example_dags/example_xcom.py
[2023-02-12T04:07:15.706+0000] {processor.py:766} INFO - DAG(s) dict_keys(['example_xcom']) retrieved from /home/airflow/.local/lib/python3.7/site-packages/airflow/example_dags/example_xcom.py
[2023-02-12T04:07:15.781+0000] {logging_mixin.py:120} INFO - [2023-02-12T04:07:15.781+0000] {dag.py:2585} INFO - Sync 1 DAGs
[2023-02-12T04:07:15.821+0000] {logging_mixin.py:120} INFO - [2023-02-12T04:07:15.821+0000] {dag.py:3340} INFO - Setting next_dagrun for example_xcom to 2021-01-01T00:00:00+00:00, run_after=2021-01-01T00:00:00+00:00
[2023-02-12T04:07:15.853+0000] {processor.py:176} INFO - Processing /home/airflow/.local/lib/python3.7/site-packages/airflow/example_dags/example_xcom.py took 0.206 seconds
[2023-02-12T04:07:46.280+0000] {processor.py:154} INFO - Started process (PID=262) to work on /home/airflow/.local/lib/python3.7/site-packages/airflow/example_dags/example_xcom.py
[2023-02-12T04:07:46.282+0000] {processor.py:756} INFO - Processing file /home/airflow/.local/lib/python3.7/site-packages/airflow/example_dags/example_xcom.py for tasks to queue
[2023-02-12T04:07:46.284+0000] {logging_mixin.py:120} INFO - [2023-02-12T04:07:46.284+0000] {dagbag.py:537} INFO - Filling up the DagBag from /home/airflow/.local/lib/python3.7/site-packages/airflow/example_dags/example_xcom.py
[2023-02-12T04:07:46.315+0000] {processor.py:766} INFO - DAG(s) dict_keys(['example_xcom']) retrieved from /home/airflow/.local/lib/python3.7/site-packages/airflow/example_dags/example_xcom.py
[2023-02-12T04:07:46.384+0000] {logging_mixin.py:120} INFO - [2023-02-12T04:07:46.384+0000] {dag.py:2585} INFO - Sync 1 DAGs
[2023-02-12T04:07:46.421+0000] {logging_mixin.py:120} INFO - [2023-02-12T04:07:46.421+0000] {dag.py:3340} INFO - Setting next_dagrun for example_xcom to 2021-01-01T00:00:00+00:00, run_after=2021-01-01T00:00:00+00:00
[2023-02-12T04:07:46.445+0000] {processor.py:176} INFO - Processing /home/airflow/.local/lib/python3.7/site-packages/airflow/example_dags/example_xcom.py took 0.170 seconds
[2023-02-12T04:08:16.789+0000] {processor.py:154} INFO - Started process (PID=318) to work on /home/airflow/.local/lib/python3.7/site-packages/airflow/example_dags/example_xcom.py
[2023-02-12T04:08:16.791+0000] {processor.py:756} INFO - Processing file /home/airflow/.local/lib/python3.7/site-packages/airflow/example_dags/example_xcom.py for tasks to queue
[2023-02-12T04:08:16.793+0000] {logging_mixin.py:120} INFO - [2023-02-12T04:08:16.793+0000] {dagbag.py:537} INFO - Filling up the DagBag from /home/airflow/.local/lib/python3.7/site-packages/airflow/example_dags/example_xcom.py
[2023-02-12T04:08:16.826+0000] {processor.py:766} INFO - DAG(s) dict_keys(['example_xcom']) retrieved from /home/airflow/.local/lib/python3.7/site-packages/airflow/example_dags/example_xcom.py
[2023-02-12T04:08:16.882+0000] {logging_mixin.py:120} INFO - [2023-02-12T04:08:16.881+0000] {dag.py:2585} INFO - Sync 1 DAGs
[2023-02-12T04:08:16.916+0000] {logging_mixin.py:120} INFO - [2023-02-12T04:08:16.916+0000] {dag.py:3340} INFO - Setting next_dagrun for example_xcom to 2021-01-01T00:00:00+00:00, run_after=2021-01-01T00:00:00+00:00
[2023-02-12T04:08:16.943+0000] {processor.py:176} INFO - Processing /home/airflow/.local/lib/python3.7/site-packages/airflow/example_dags/example_xcom.py took 0.159 seconds
[2023-02-12T04:08:47.362+0000] {processor.py:154} INFO - Started process (PID=383) to work on /home/airflow/.local/lib/python3.7/site-packages/airflow/example_dags/example_xcom.py
[2023-02-12T04:08:47.365+0000] {processor.py:756} INFO - Processing file /home/airflow/.local/lib/python3.7/site-packages/airflow/example_dags/example_xcom.py for tasks to queue
[2023-02-12T04:08:47.367+0000] {logging_mixin.py:120} INFO - [2023-02-12T04:08:47.367+0000] {dagbag.py:537} INFO - Filling up the DagBag from /home/airflow/.local/lib/python3.7/site-packages/airflow/example_dags/example_xcom.py
[2023-02-12T04:08:47.400+0000] {processor.py:766} INFO - DAG(s) dict_keys(['example_xcom']) retrieved from /home/airflow/.local/lib/python3.7/site-packages/airflow/example_dags/example_xcom.py
[2023-02-12T04:08:47.452+0000] {logging_mixin.py:120} INFO - [2023-02-12T04:08:47.452+0000] {dag.py:2585} INFO - Sync 1 DAGs
[2023-02-12T04:08:47.486+0000] {logging_mixin.py:120} INFO - [2023-02-12T04:08:47.486+0000] {dag.py:3340} INFO - Setting next_dagrun for example_xcom to 2021-01-01T00:00:00+00:00, run_after=2021-01-01T00:00:00+00:00
[2023-02-12T04:08:47.514+0000] {processor.py:176} INFO - Processing /home/airflow/.local/lib/python3.7/site-packages/airflow/example_dags/example_xcom.py took 0.158 seconds
