[2023-02-12T04:06:06.069+0000] {processor.py:154} INFO - Started process (PID=65) to work on /home/airflow/.local/lib/python3.7/site-packages/airflow/example_dags/example_dag_decorator.py
[2023-02-12T04:06:06.099+0000] {processor.py:756} INFO - Processing file /home/airflow/.local/lib/python3.7/site-packages/airflow/example_dags/example_dag_decorator.py for tasks to queue
[2023-02-12T04:06:06.118+0000] {logging_mixin.py:120} INFO - [2023-02-12T04:06:06.117+0000] {dagbag.py:537} INFO - Filling up the DagBag from /home/airflow/.local/lib/python3.7/site-packages/airflow/example_dags/example_dag_decorator.py
[2023-02-12T04:06:06.459+0000] {logging_mixin.py:120} INFO - [2023-02-12T04:06:06.455+0000] {taskmixin.py:205} WARNING - Dependency <Task(_PythonDecoratedOperator): prepare_email>, send_email already registered for DAG: example_dag_decorator
[2023-02-12T04:06:06.472+0000] {logging_mixin.py:120} INFO - [2023-02-12T04:06:06.471+0000] {taskmixin.py:205} WARNING - Dependency <Task(EmailOperator): send_email>, prepare_email already registered for DAG: example_dag_decorator
[2023-02-12T04:06:07.725+0000] {processor.py:766} INFO - DAG(s) dict_keys(['example_dag_decorator']) retrieved from /home/airflow/.local/lib/python3.7/site-packages/airflow/example_dags/example_dag_decorator.py
[2023-02-12T04:06:09.470+0000] {logging_mixin.py:120} INFO - [2023-02-12T04:06:09.469+0000] {manager.py:507} INFO - Created Permission View: can delete on DAG:example_dag_decorator
[2023-02-12T04:06:09.507+0000] {logging_mixin.py:120} INFO - [2023-02-12T04:06:09.506+0000] {manager.py:507} INFO - Created Permission View: can read on DAG:example_dag_decorator
[2023-02-12T04:06:09.544+0000] {logging_mixin.py:120} INFO - [2023-02-12T04:06:09.543+0000] {manager.py:507} INFO - Created Permission View: can edit on DAG:example_dag_decorator
[2023-02-12T04:06:09.553+0000] {logging_mixin.py:120} INFO - [2023-02-12T04:06:09.553+0000] {dag.py:2585} INFO - Sync 1 DAGs
[2023-02-12T04:06:09.722+0000] {logging_mixin.py:120} INFO - [2023-02-12T04:06:09.721+0000] {dag.py:2606} INFO - Creating ORM DAG for example_dag_decorator
[2023-02-12T04:06:09.860+0000] {logging_mixin.py:120} INFO - [2023-02-12T04:06:09.860+0000] {dag.py:3340} INFO - Setting next_dagrun for example_dag_decorator to None, run_after=None
[2023-02-12T04:06:10.020+0000] {processor.py:176} INFO - Processing /home/airflow/.local/lib/python3.7/site-packages/airflow/example_dags/example_dag_decorator.py took 4.029 seconds
[2023-02-12T04:06:40.301+0000] {processor.py:154} INFO - Started process (PID=121) to work on /home/airflow/.local/lib/python3.7/site-packages/airflow/example_dags/example_dag_decorator.py
[2023-02-12T04:06:40.308+0000] {processor.py:756} INFO - Processing file /home/airflow/.local/lib/python3.7/site-packages/airflow/example_dags/example_dag_decorator.py for tasks to queue
[2023-02-12T04:06:40.311+0000] {logging_mixin.py:120} INFO - [2023-02-12T04:06:40.311+0000] {dagbag.py:537} INFO - Filling up the DagBag from /home/airflow/.local/lib/python3.7/site-packages/airflow/example_dags/example_dag_decorator.py
[2023-02-12T04:06:40.370+0000] {logging_mixin.py:120} INFO - [2023-02-12T04:06:40.369+0000] {taskmixin.py:205} WARNING - Dependency <Task(_PythonDecoratedOperator): prepare_email>, send_email already registered for DAG: example_dag_decorator
[2023-02-12T04:06:40.374+0000] {logging_mixin.py:120} INFO - [2023-02-12T04:06:40.374+0000] {taskmixin.py:205} WARNING - Dependency <Task(EmailOperator): send_email>, prepare_email already registered for DAG: example_dag_decorator
[2023-02-12T04:06:40.406+0000] {processor.py:766} INFO - DAG(s) dict_keys(['example_dag_decorator']) retrieved from /home/airflow/.local/lib/python3.7/site-packages/airflow/example_dags/example_dag_decorator.py
[2023-02-12T04:06:40.530+0000] {logging_mixin.py:120} INFO - [2023-02-12T04:06:40.529+0000] {dag.py:2585} INFO - Sync 1 DAGs
[2023-02-12T04:06:40.567+0000] {logging_mixin.py:120} INFO - [2023-02-12T04:06:40.566+0000] {dag.py:3340} INFO - Setting next_dagrun for example_dag_decorator to None, run_after=None
[2023-02-12T04:06:40.602+0000] {processor.py:176} INFO - Processing /home/airflow/.local/lib/python3.7/site-packages/airflow/example_dags/example_dag_decorator.py took 0.309 seconds
[2023-02-12T04:07:10.919+0000] {processor.py:154} INFO - Started process (PID=191) to work on /home/airflow/.local/lib/python3.7/site-packages/airflow/example_dags/example_dag_decorator.py
[2023-02-12T04:07:10.922+0000] {processor.py:756} INFO - Processing file /home/airflow/.local/lib/python3.7/site-packages/airflow/example_dags/example_dag_decorator.py for tasks to queue
[2023-02-12T04:07:10.925+0000] {logging_mixin.py:120} INFO - [2023-02-12T04:07:10.925+0000] {dagbag.py:537} INFO - Filling up the DagBag from /home/airflow/.local/lib/python3.7/site-packages/airflow/example_dags/example_dag_decorator.py
[2023-02-12T04:07:10.954+0000] {logging_mixin.py:120} INFO - [2023-02-12T04:07:10.953+0000] {taskmixin.py:205} WARNING - Dependency <Task(_PythonDecoratedOperator): prepare_email>, send_email already registered for DAG: example_dag_decorator
[2023-02-12T04:07:10.956+0000] {logging_mixin.py:120} INFO - [2023-02-12T04:07:10.955+0000] {taskmixin.py:205} WARNING - Dependency <Task(EmailOperator): send_email>, prepare_email already registered for DAG: example_dag_decorator
[2023-02-12T04:07:10.992+0000] {processor.py:766} INFO - DAG(s) dict_keys(['example_dag_decorator']) retrieved from /home/airflow/.local/lib/python3.7/site-packages/airflow/example_dags/example_dag_decorator.py
[2023-02-12T04:07:11.134+0000] {logging_mixin.py:120} INFO - [2023-02-12T04:07:11.134+0000] {dag.py:2585} INFO - Sync 1 DAGs
[2023-02-12T04:07:11.177+0000] {logging_mixin.py:120} INFO - [2023-02-12T04:07:11.177+0000] {dag.py:3340} INFO - Setting next_dagrun for example_dag_decorator to None, run_after=None
[2023-02-12T04:07:11.212+0000] {processor.py:176} INFO - Processing /home/airflow/.local/lib/python3.7/site-packages/airflow/example_dags/example_dag_decorator.py took 0.304 seconds
[2023-02-12T04:07:41.747+0000] {processor.py:154} INFO - Started process (PID=247) to work on /home/airflow/.local/lib/python3.7/site-packages/airflow/example_dags/example_dag_decorator.py
[2023-02-12T04:07:41.750+0000] {processor.py:756} INFO - Processing file /home/airflow/.local/lib/python3.7/site-packages/airflow/example_dags/example_dag_decorator.py for tasks to queue
[2023-02-12T04:07:41.753+0000] {logging_mixin.py:120} INFO - [2023-02-12T04:07:41.753+0000] {dagbag.py:537} INFO - Filling up the DagBag from /home/airflow/.local/lib/python3.7/site-packages/airflow/example_dags/example_dag_decorator.py
[2023-02-12T04:07:41.779+0000] {logging_mixin.py:120} INFO - [2023-02-12T04:07:41.779+0000] {taskmixin.py:205} WARNING - Dependency <Task(_PythonDecoratedOperator): prepare_email>, send_email already registered for DAG: example_dag_decorator
[2023-02-12T04:07:41.781+0000] {logging_mixin.py:120} INFO - [2023-02-12T04:07:41.780+0000] {taskmixin.py:205} WARNING - Dependency <Task(EmailOperator): send_email>, prepare_email already registered for DAG: example_dag_decorator
[2023-02-12T04:07:41.799+0000] {processor.py:766} INFO - DAG(s) dict_keys(['example_dag_decorator']) retrieved from /home/airflow/.local/lib/python3.7/site-packages/airflow/example_dags/example_dag_decorator.py
[2023-02-12T04:07:41.902+0000] {logging_mixin.py:120} INFO - [2023-02-12T04:07:41.901+0000] {dag.py:2585} INFO - Sync 1 DAGs
[2023-02-12T04:07:41.932+0000] {logging_mixin.py:120} INFO - [2023-02-12T04:07:41.932+0000] {dag.py:3340} INFO - Setting next_dagrun for example_dag_decorator to None, run_after=None
[2023-02-12T04:07:41.959+0000] {processor.py:176} INFO - Processing /home/airflow/.local/lib/python3.7/site-packages/airflow/example_dags/example_dag_decorator.py took 0.217 seconds
[2023-02-12T04:08:12.233+0000] {processor.py:154} INFO - Started process (PID=312) to work on /home/airflow/.local/lib/python3.7/site-packages/airflow/example_dags/example_dag_decorator.py
[2023-02-12T04:08:12.236+0000] {processor.py:756} INFO - Processing file /home/airflow/.local/lib/python3.7/site-packages/airflow/example_dags/example_dag_decorator.py for tasks to queue
[2023-02-12T04:08:12.241+0000] {logging_mixin.py:120} INFO - [2023-02-12T04:08:12.241+0000] {dagbag.py:537} INFO - Filling up the DagBag from /home/airflow/.local/lib/python3.7/site-packages/airflow/example_dags/example_dag_decorator.py
[2023-02-12T04:08:12.271+0000] {logging_mixin.py:120} INFO - [2023-02-12T04:08:12.270+0000] {taskmixin.py:205} WARNING - Dependency <Task(_PythonDecoratedOperator): prepare_email>, send_email already registered for DAG: example_dag_decorator
[2023-02-12T04:08:12.273+0000] {logging_mixin.py:120} INFO - [2023-02-12T04:08:12.273+0000] {taskmixin.py:205} WARNING - Dependency <Task(EmailOperator): send_email>, prepare_email already registered for DAG: example_dag_decorator
[2023-02-12T04:08:12.307+0000] {processor.py:766} INFO - DAG(s) dict_keys(['example_dag_decorator']) retrieved from /home/airflow/.local/lib/python3.7/site-packages/airflow/example_dags/example_dag_decorator.py
[2023-02-12T04:08:12.428+0000] {logging_mixin.py:120} INFO - [2023-02-12T04:08:12.428+0000] {dag.py:2585} INFO - Sync 1 DAGs
[2023-02-12T04:08:12.462+0000] {logging_mixin.py:120} INFO - [2023-02-12T04:08:12.461+0000] {dag.py:3340} INFO - Setting next_dagrun for example_dag_decorator to None, run_after=None
[2023-02-12T04:08:12.489+0000] {processor.py:176} INFO - Processing /home/airflow/.local/lib/python3.7/site-packages/airflow/example_dags/example_dag_decorator.py took 0.264 seconds
[2023-02-12T04:08:42.652+0000] {processor.py:154} INFO - Started process (PID=377) to work on /home/airflow/.local/lib/python3.7/site-packages/airflow/example_dags/example_dag_decorator.py
[2023-02-12T04:08:42.656+0000] {processor.py:756} INFO - Processing file /home/airflow/.local/lib/python3.7/site-packages/airflow/example_dags/example_dag_decorator.py for tasks to queue
[2023-02-12T04:08:42.659+0000] {logging_mixin.py:120} INFO - [2023-02-12T04:08:42.659+0000] {dagbag.py:537} INFO - Filling up the DagBag from /home/airflow/.local/lib/python3.7/site-packages/airflow/example_dags/example_dag_decorator.py
[2023-02-12T04:08:42.695+0000] {logging_mixin.py:120} INFO - [2023-02-12T04:08:42.695+0000] {taskmixin.py:205} WARNING - Dependency <Task(_PythonDecoratedOperator): prepare_email>, send_email already registered for DAG: example_dag_decorator
[2023-02-12T04:08:42.698+0000] {logging_mixin.py:120} INFO - [2023-02-12T04:08:42.697+0000] {taskmixin.py:205} WARNING - Dependency <Task(EmailOperator): send_email>, prepare_email already registered for DAG: example_dag_decorator
[2023-02-12T04:08:42.746+0000] {processor.py:766} INFO - DAG(s) dict_keys(['example_dag_decorator']) retrieved from /home/airflow/.local/lib/python3.7/site-packages/airflow/example_dags/example_dag_decorator.py
[2023-02-12T04:08:42.904+0000] {logging_mixin.py:120} INFO - [2023-02-12T04:08:42.904+0000] {dag.py:2585} INFO - Sync 1 DAGs
[2023-02-12T04:08:42.965+0000] {logging_mixin.py:120} INFO - [2023-02-12T04:08:42.965+0000] {dag.py:3340} INFO - Setting next_dagrun for example_dag_decorator to None, run_after=None
[2023-02-12T04:08:43.011+0000] {processor.py:176} INFO - Processing /home/airflow/.local/lib/python3.7/site-packages/airflow/example_dags/example_dag_decorator.py took 0.366 seconds
[2023-02-12T04:09:13.087+0000] {processor.py:154} INFO - Started process (PID=432) to work on /home/airflow/.local/lib/python3.7/site-packages/airflow/example_dags/example_dag_decorator.py
[2023-02-12T04:09:13.090+0000] {processor.py:756} INFO - Processing file /home/airflow/.local/lib/python3.7/site-packages/airflow/example_dags/example_dag_decorator.py for tasks to queue
[2023-02-12T04:09:13.092+0000] {logging_mixin.py:120} INFO - [2023-02-12T04:09:13.092+0000] {dagbag.py:537} INFO - Filling up the DagBag from /home/airflow/.local/lib/python3.7/site-packages/airflow/example_dags/example_dag_decorator.py
[2023-02-12T04:09:13.114+0000] {logging_mixin.py:120} INFO - [2023-02-12T04:09:13.114+0000] {taskmixin.py:205} WARNING - Dependency <Task(_PythonDecoratedOperator): prepare_email>, send_email already registered for DAG: example_dag_decorator
[2023-02-12T04:09:13.116+0000] {logging_mixin.py:120} INFO - [2023-02-12T04:09:13.115+0000] {taskmixin.py:205} WARNING - Dependency <Task(EmailOperator): send_email>, prepare_email already registered for DAG: example_dag_decorator
[2023-02-12T04:09:13.136+0000] {processor.py:766} INFO - DAG(s) dict_keys(['example_dag_decorator']) retrieved from /home/airflow/.local/lib/python3.7/site-packages/airflow/example_dags/example_dag_decorator.py
[2023-02-12T04:09:13.240+0000] {logging_mixin.py:120} INFO - [2023-02-12T04:09:13.239+0000] {dag.py:2585} INFO - Sync 1 DAGs
[2023-02-12T04:09:13.272+0000] {logging_mixin.py:120} INFO - [2023-02-12T04:09:13.272+0000] {dag.py:3340} INFO - Setting next_dagrun for example_dag_decorator to None, run_after=None
[2023-02-12T04:09:13.297+0000] {processor.py:176} INFO - Processing /home/airflow/.local/lib/python3.7/site-packages/airflow/example_dags/example_dag_decorator.py took 0.216 seconds
