[2023-02-12T04:05:52.189+0000] {processor.py:154} INFO - Started process (PID=47) to work on /home/airflow/.local/lib/python3.7/site-packages/airflow/example_dags/example_complex.py
[2023-02-12T04:05:52.192+0000] {processor.py:756} INFO - Processing file /home/airflow/.local/lib/python3.7/site-packages/airflow/example_dags/example_complex.py for tasks to queue
[2023-02-12T04:05:52.194+0000] {logging_mixin.py:120} INFO - [2023-02-12T04:05:52.194+0000] {dagbag.py:537} INFO - Filling up the DagBag from /home/airflow/.local/lib/python3.7/site-packages/airflow/example_dags/example_complex.py
[2023-02-12T04:05:52.221+0000] {logging_mixin.py:120} INFO - [2023-02-12T04:05:52.220+0000] {taskmixin.py:205} WARNING - Dependency <Task(BashOperator): create_entry_group>, delete_entry_group already registered for DAG: example_complex
[2023-02-12T04:05:52.222+0000] {logging_mixin.py:120} INFO - [2023-02-12T04:05:52.222+0000] {taskmixin.py:205} WARNING - Dependency <Task(BashOperator): delete_entry_group>, create_entry_group already registered for DAG: example_complex
[2023-02-12T04:05:52.224+0000] {logging_mixin.py:120} INFO - [2023-02-12T04:05:52.224+0000] {taskmixin.py:205} WARNING - Dependency <Task(BashOperator): create_entry_gcs>, delete_entry already registered for DAG: example_complex
[2023-02-12T04:05:52.226+0000] {logging_mixin.py:120} INFO - [2023-02-12T04:05:52.225+0000] {taskmixin.py:205} WARNING - Dependency <Task(BashOperator): delete_entry>, create_entry_gcs already registered for DAG: example_complex
[2023-02-12T04:05:52.228+0000] {logging_mixin.py:120} INFO - [2023-02-12T04:05:52.228+0000] {taskmixin.py:205} WARNING - Dependency <Task(BashOperator): create_tag>, delete_tag already registered for DAG: example_complex
[2023-02-12T04:05:52.230+0000] {logging_mixin.py:120} INFO - [2023-02-12T04:05:52.229+0000] {taskmixin.py:205} WARNING - Dependency <Task(BashOperator): delete_tag>, create_tag already registered for DAG: example_complex
[2023-02-12T04:05:52.242+0000] {processor.py:766} INFO - DAG(s) dict_keys(['example_complex']) retrieved from /home/airflow/.local/lib/python3.7/site-packages/airflow/example_dags/example_complex.py
[2023-02-12T04:05:52.501+0000] {logging_mixin.py:120} INFO - [2023-02-12T04:05:52.500+0000] {manager.py:507} INFO - Created Permission View: can delete on DAG:example_complex
[2023-02-12T04:05:52.529+0000] {logging_mixin.py:120} INFO - [2023-02-12T04:05:52.528+0000] {manager.py:507} INFO - Created Permission View: can read on DAG:example_complex
[2023-02-12T04:05:52.546+0000] {logging_mixin.py:120} INFO - [2023-02-12T04:05:52.546+0000] {manager.py:507} INFO - Created Permission View: can edit on DAG:example_complex
[2023-02-12T04:05:52.547+0000] {logging_mixin.py:120} INFO - [2023-02-12T04:05:52.547+0000] {dag.py:2585} INFO - Sync 1 DAGs
[2023-02-12T04:05:52.573+0000] {logging_mixin.py:120} INFO - [2023-02-12T04:05:52.572+0000] {dag.py:2606} INFO - Creating ORM DAG for example_complex
[2023-02-12T04:05:52.594+0000] {logging_mixin.py:120} INFO - [2023-02-12T04:05:52.594+0000] {dag.py:3340} INFO - Setting next_dagrun for example_complex to None, run_after=None
[2023-02-12T04:05:52.625+0000] {processor.py:176} INFO - Processing /home/airflow/.local/lib/python3.7/site-packages/airflow/example_dags/example_complex.py took 0.441 seconds
[2023-02-12T04:06:22.957+0000] {processor.py:154} INFO - Started process (PID=101) to work on /home/airflow/.local/lib/python3.7/site-packages/airflow/example_dags/example_complex.py
[2023-02-12T04:06:22.966+0000] {processor.py:756} INFO - Processing file /home/airflow/.local/lib/python3.7/site-packages/airflow/example_dags/example_complex.py for tasks to queue
[2023-02-12T04:06:22.969+0000] {logging_mixin.py:120} INFO - [2023-02-12T04:06:22.968+0000] {dagbag.py:537} INFO - Filling up the DagBag from /home/airflow/.local/lib/python3.7/site-packages/airflow/example_dags/example_complex.py
[2023-02-12T04:06:22.995+0000] {logging_mixin.py:120} INFO - [2023-02-12T04:06:22.994+0000] {taskmixin.py:205} WARNING - Dependency <Task(BashOperator): create_entry_group>, delete_entry_group already registered for DAG: example_complex
[2023-02-12T04:06:22.998+0000] {logging_mixin.py:120} INFO - [2023-02-12T04:06:22.997+0000] {taskmixin.py:205} WARNING - Dependency <Task(BashOperator): delete_entry_group>, create_entry_group already registered for DAG: example_complex
[2023-02-12T04:06:23.000+0000] {logging_mixin.py:120} INFO - [2023-02-12T04:06:23.000+0000] {taskmixin.py:205} WARNING - Dependency <Task(BashOperator): create_entry_gcs>, delete_entry already registered for DAG: example_complex
[2023-02-12T04:06:23.002+0000] {logging_mixin.py:120} INFO - [2023-02-12T04:06:23.002+0000] {taskmixin.py:205} WARNING - Dependency <Task(BashOperator): delete_entry>, create_entry_gcs already registered for DAG: example_complex
[2023-02-12T04:06:23.005+0000] {logging_mixin.py:120} INFO - [2023-02-12T04:06:23.005+0000] {taskmixin.py:205} WARNING - Dependency <Task(BashOperator): create_tag>, delete_tag already registered for DAG: example_complex
[2023-02-12T04:06:23.006+0000] {logging_mixin.py:120} INFO - [2023-02-12T04:06:23.006+0000] {taskmixin.py:205} WARNING - Dependency <Task(BashOperator): delete_tag>, create_tag already registered for DAG: example_complex
[2023-02-12T04:06:23.027+0000] {processor.py:766} INFO - DAG(s) dict_keys(['example_complex']) retrieved from /home/airflow/.local/lib/python3.7/site-packages/airflow/example_dags/example_complex.py
[2023-02-12T04:06:23.111+0000] {logging_mixin.py:120} INFO - [2023-02-12T04:06:23.111+0000] {dag.py:2585} INFO - Sync 1 DAGs
[2023-02-12T04:06:23.160+0000] {logging_mixin.py:120} INFO - [2023-02-12T04:06:23.160+0000] {dag.py:3340} INFO - Setting next_dagrun for example_complex to None, run_after=None
[2023-02-12T04:06:23.199+0000] {processor.py:176} INFO - Processing /home/airflow/.local/lib/python3.7/site-packages/airflow/example_dags/example_complex.py took 0.248 seconds
[2023-02-12T04:06:53.408+0000] {processor.py:154} INFO - Started process (PID=157) to work on /home/airflow/.local/lib/python3.7/site-packages/airflow/example_dags/example_complex.py
[2023-02-12T04:06:53.415+0000] {processor.py:756} INFO - Processing file /home/airflow/.local/lib/python3.7/site-packages/airflow/example_dags/example_complex.py for tasks to queue
[2023-02-12T04:06:53.420+0000] {logging_mixin.py:120} INFO - [2023-02-12T04:06:53.419+0000] {dagbag.py:537} INFO - Filling up the DagBag from /home/airflow/.local/lib/python3.7/site-packages/airflow/example_dags/example_complex.py
[2023-02-12T04:06:53.506+0000] {logging_mixin.py:120} INFO - [2023-02-12T04:06:53.505+0000] {taskmixin.py:205} WARNING - Dependency <Task(BashOperator): create_entry_group>, delete_entry_group already registered for DAG: example_complex
[2023-02-12T04:06:53.516+0000] {logging_mixin.py:120} INFO - [2023-02-12T04:06:53.513+0000] {taskmixin.py:205} WARNING - Dependency <Task(BashOperator): delete_entry_group>, create_entry_group already registered for DAG: example_complex
[2023-02-12T04:06:53.524+0000] {logging_mixin.py:120} INFO - [2023-02-12T04:06:53.523+0000] {taskmixin.py:205} WARNING - Dependency <Task(BashOperator): create_entry_gcs>, delete_entry already registered for DAG: example_complex
[2023-02-12T04:06:53.529+0000] {logging_mixin.py:120} INFO - [2023-02-12T04:06:53.529+0000] {taskmixin.py:205} WARNING - Dependency <Task(BashOperator): delete_entry>, create_entry_gcs already registered for DAG: example_complex
[2023-02-12T04:06:53.542+0000] {logging_mixin.py:120} INFO - [2023-02-12T04:06:53.538+0000] {taskmixin.py:205} WARNING - Dependency <Task(BashOperator): create_tag>, delete_tag already registered for DAG: example_complex
[2023-02-12T04:06:53.550+0000] {logging_mixin.py:120} INFO - [2023-02-12T04:06:53.550+0000] {taskmixin.py:205} WARNING - Dependency <Task(BashOperator): delete_tag>, create_tag already registered for DAG: example_complex
[2023-02-12T04:06:53.648+0000] {processor.py:766} INFO - DAG(s) dict_keys(['example_complex']) retrieved from /home/airflow/.local/lib/python3.7/site-packages/airflow/example_dags/example_complex.py
[2023-02-12T04:06:54.502+0000] {logging_mixin.py:120} INFO - [2023-02-12T04:06:54.501+0000] {dag.py:2585} INFO - Sync 1 DAGs
[2023-02-12T04:06:54.676+0000] {logging_mixin.py:120} INFO - [2023-02-12T04:06:54.676+0000] {dag.py:3340} INFO - Setting next_dagrun for example_complex to None, run_after=None
[2023-02-12T04:06:54.839+0000] {processor.py:176} INFO - Processing /home/airflow/.local/lib/python3.7/site-packages/airflow/example_dags/example_complex.py took 1.456 seconds
[2023-02-12T04:07:25.524+0000] {processor.py:154} INFO - Started process (PID=226) to work on /home/airflow/.local/lib/python3.7/site-packages/airflow/example_dags/example_complex.py
[2023-02-12T04:07:25.529+0000] {processor.py:756} INFO - Processing file /home/airflow/.local/lib/python3.7/site-packages/airflow/example_dags/example_complex.py for tasks to queue
[2023-02-12T04:07:25.532+0000] {logging_mixin.py:120} INFO - [2023-02-12T04:07:25.532+0000] {dagbag.py:537} INFO - Filling up the DagBag from /home/airflow/.local/lib/python3.7/site-packages/airflow/example_dags/example_complex.py
[2023-02-12T04:07:25.552+0000] {logging_mixin.py:120} INFO - [2023-02-12T04:07:25.552+0000] {taskmixin.py:205} WARNING - Dependency <Task(BashOperator): create_entry_group>, delete_entry_group already registered for DAG: example_complex
[2023-02-12T04:07:25.555+0000] {logging_mixin.py:120} INFO - [2023-02-12T04:07:25.555+0000] {taskmixin.py:205} WARNING - Dependency <Task(BashOperator): delete_entry_group>, create_entry_group already registered for DAG: example_complex
[2023-02-12T04:07:25.557+0000] {logging_mixin.py:120} INFO - [2023-02-12T04:07:25.557+0000] {taskmixin.py:205} WARNING - Dependency <Task(BashOperator): create_entry_gcs>, delete_entry already registered for DAG: example_complex
[2023-02-12T04:07:25.562+0000] {logging_mixin.py:120} INFO - [2023-02-12T04:07:25.562+0000] {taskmixin.py:205} WARNING - Dependency <Task(BashOperator): delete_entry>, create_entry_gcs already registered for DAG: example_complex
[2023-02-12T04:07:25.564+0000] {logging_mixin.py:120} INFO - [2023-02-12T04:07:25.564+0000] {taskmixin.py:205} WARNING - Dependency <Task(BashOperator): create_tag>, delete_tag already registered for DAG: example_complex
[2023-02-12T04:07:25.567+0000] {logging_mixin.py:120} INFO - [2023-02-12T04:07:25.566+0000] {taskmixin.py:205} WARNING - Dependency <Task(BashOperator): delete_tag>, create_tag already registered for DAG: example_complex
[2023-02-12T04:07:25.580+0000] {processor.py:766} INFO - DAG(s) dict_keys(['example_complex']) retrieved from /home/airflow/.local/lib/python3.7/site-packages/airflow/example_dags/example_complex.py
[2023-02-12T04:07:25.672+0000] {logging_mixin.py:120} INFO - [2023-02-12T04:07:25.672+0000] {dag.py:2585} INFO - Sync 1 DAGs
[2023-02-12T04:07:25.718+0000] {logging_mixin.py:120} INFO - [2023-02-12T04:07:25.717+0000] {dag.py:3340} INFO - Setting next_dagrun for example_complex to None, run_after=None
[2023-02-12T04:07:25.744+0000] {processor.py:176} INFO - Processing /home/airflow/.local/lib/python3.7/site-packages/airflow/example_dags/example_complex.py took 0.225 seconds
[2023-02-12T04:07:56.330+0000] {processor.py:154} INFO - Started process (PID=291) to work on /home/airflow/.local/lib/python3.7/site-packages/airflow/example_dags/example_complex.py
[2023-02-12T04:07:56.337+0000] {processor.py:756} INFO - Processing file /home/airflow/.local/lib/python3.7/site-packages/airflow/example_dags/example_complex.py for tasks to queue
[2023-02-12T04:07:56.348+0000] {logging_mixin.py:120} INFO - [2023-02-12T04:07:56.347+0000] {dagbag.py:537} INFO - Filling up the DagBag from /home/airflow/.local/lib/python3.7/site-packages/airflow/example_dags/example_complex.py
[2023-02-12T04:07:56.382+0000] {logging_mixin.py:120} INFO - [2023-02-12T04:07:56.381+0000] {taskmixin.py:205} WARNING - Dependency <Task(BashOperator): create_entry_group>, delete_entry_group already registered for DAG: example_complex
[2023-02-12T04:07:56.385+0000] {logging_mixin.py:120} INFO - [2023-02-12T04:07:56.384+0000] {taskmixin.py:205} WARNING - Dependency <Task(BashOperator): delete_entry_group>, create_entry_group already registered for DAG: example_complex
[2023-02-12T04:07:56.388+0000] {logging_mixin.py:120} INFO - [2023-02-12T04:07:56.388+0000] {taskmixin.py:205} WARNING - Dependency <Task(BashOperator): create_entry_gcs>, delete_entry already registered for DAG: example_complex
[2023-02-12T04:07:56.391+0000] {logging_mixin.py:120} INFO - [2023-02-12T04:07:56.390+0000] {taskmixin.py:205} WARNING - Dependency <Task(BashOperator): delete_entry>, create_entry_gcs already registered for DAG: example_complex
[2023-02-12T04:07:56.394+0000] {logging_mixin.py:120} INFO - [2023-02-12T04:07:56.394+0000] {taskmixin.py:205} WARNING - Dependency <Task(BashOperator): create_tag>, delete_tag already registered for DAG: example_complex
[2023-02-12T04:07:56.397+0000] {logging_mixin.py:120} INFO - [2023-02-12T04:07:56.397+0000] {taskmixin.py:205} WARNING - Dependency <Task(BashOperator): delete_tag>, create_tag already registered for DAG: example_complex
[2023-02-12T04:07:56.419+0000] {processor.py:766} INFO - DAG(s) dict_keys(['example_complex']) retrieved from /home/airflow/.local/lib/python3.7/site-packages/airflow/example_dags/example_complex.py
[2023-02-12T04:07:56.528+0000] {logging_mixin.py:120} INFO - [2023-02-12T04:07:56.527+0000] {dag.py:2585} INFO - Sync 1 DAGs
[2023-02-12T04:07:56.586+0000] {logging_mixin.py:120} INFO - [2023-02-12T04:07:56.586+0000] {dag.py:3340} INFO - Setting next_dagrun for example_complex to None, run_after=None
[2023-02-12T04:07:56.611+0000] {processor.py:176} INFO - Processing /home/airflow/.local/lib/python3.7/site-packages/airflow/example_dags/example_complex.py took 0.292 seconds
[2023-02-12T04:08:27.345+0000] {processor.py:154} INFO - Started process (PID=347) to work on /home/airflow/.local/lib/python3.7/site-packages/airflow/example_dags/example_complex.py
[2023-02-12T04:08:27.351+0000] {processor.py:756} INFO - Processing file /home/airflow/.local/lib/python3.7/site-packages/airflow/example_dags/example_complex.py for tasks to queue
[2023-02-12T04:08:27.357+0000] {logging_mixin.py:120} INFO - [2023-02-12T04:08:27.356+0000] {dagbag.py:537} INFO - Filling up the DagBag from /home/airflow/.local/lib/python3.7/site-packages/airflow/example_dags/example_complex.py
[2023-02-12T04:08:27.395+0000] {logging_mixin.py:120} INFO - [2023-02-12T04:08:27.395+0000] {taskmixin.py:205} WARNING - Dependency <Task(BashOperator): create_entry_group>, delete_entry_group already registered for DAG: example_complex
[2023-02-12T04:08:27.398+0000] {logging_mixin.py:120} INFO - [2023-02-12T04:08:27.397+0000] {taskmixin.py:205} WARNING - Dependency <Task(BashOperator): delete_entry_group>, create_entry_group already registered for DAG: example_complex
[2023-02-12T04:08:27.400+0000] {logging_mixin.py:120} INFO - [2023-02-12T04:08:27.400+0000] {taskmixin.py:205} WARNING - Dependency <Task(BashOperator): create_entry_gcs>, delete_entry already registered for DAG: example_complex
[2023-02-12T04:08:27.403+0000] {logging_mixin.py:120} INFO - [2023-02-12T04:08:27.402+0000] {taskmixin.py:205} WARNING - Dependency <Task(BashOperator): delete_entry>, create_entry_gcs already registered for DAG: example_complex
[2023-02-12T04:08:27.408+0000] {logging_mixin.py:120} INFO - [2023-02-12T04:08:27.407+0000] {taskmixin.py:205} WARNING - Dependency <Task(BashOperator): create_tag>, delete_tag already registered for DAG: example_complex
[2023-02-12T04:08:27.411+0000] {logging_mixin.py:120} INFO - [2023-02-12T04:08:27.411+0000] {taskmixin.py:205} WARNING - Dependency <Task(BashOperator): delete_tag>, create_tag already registered for DAG: example_complex
[2023-02-12T04:08:27.436+0000] {processor.py:766} INFO - DAG(s) dict_keys(['example_complex']) retrieved from /home/airflow/.local/lib/python3.7/site-packages/airflow/example_dags/example_complex.py
[2023-02-12T04:08:27.550+0000] {logging_mixin.py:120} INFO - [2023-02-12T04:08:27.550+0000] {dag.py:2585} INFO - Sync 1 DAGs
[2023-02-12T04:08:27.640+0000] {logging_mixin.py:120} INFO - [2023-02-12T04:08:27.640+0000] {dag.py:3340} INFO - Setting next_dagrun for example_complex to None, run_after=None
[2023-02-12T04:08:27.674+0000] {processor.py:176} INFO - Processing /home/airflow/.local/lib/python3.7/site-packages/airflow/example_dags/example_complex.py took 0.343 seconds
[2023-02-12T04:08:57.793+0000] {processor.py:154} INFO - Started process (PID=412) to work on /home/airflow/.local/lib/python3.7/site-packages/airflow/example_dags/example_complex.py
[2023-02-12T04:08:57.797+0000] {processor.py:756} INFO - Processing file /home/airflow/.local/lib/python3.7/site-packages/airflow/example_dags/example_complex.py for tasks to queue
[2023-02-12T04:08:57.800+0000] {logging_mixin.py:120} INFO - [2023-02-12T04:08:57.800+0000] {dagbag.py:537} INFO - Filling up the DagBag from /home/airflow/.local/lib/python3.7/site-packages/airflow/example_dags/example_complex.py
[2023-02-12T04:08:57.831+0000] {logging_mixin.py:120} INFO - [2023-02-12T04:08:57.831+0000] {taskmixin.py:205} WARNING - Dependency <Task(BashOperator): create_entry_group>, delete_entry_group already registered for DAG: example_complex
[2023-02-12T04:08:57.833+0000] {logging_mixin.py:120} INFO - [2023-02-12T04:08:57.833+0000] {taskmixin.py:205} WARNING - Dependency <Task(BashOperator): delete_entry_group>, create_entry_group already registered for DAG: example_complex
[2023-02-12T04:08:57.836+0000] {logging_mixin.py:120} INFO - [2023-02-12T04:08:57.835+0000] {taskmixin.py:205} WARNING - Dependency <Task(BashOperator): create_entry_gcs>, delete_entry already registered for DAG: example_complex
[2023-02-12T04:08:57.838+0000] {logging_mixin.py:120} INFO - [2023-02-12T04:08:57.838+0000] {taskmixin.py:205} WARNING - Dependency <Task(BashOperator): delete_entry>, create_entry_gcs already registered for DAG: example_complex
[2023-02-12T04:08:57.841+0000] {logging_mixin.py:120} INFO - [2023-02-12T04:08:57.841+0000] {taskmixin.py:205} WARNING - Dependency <Task(BashOperator): create_tag>, delete_tag already registered for DAG: example_complex
[2023-02-12T04:08:57.843+0000] {logging_mixin.py:120} INFO - [2023-02-12T04:08:57.843+0000] {taskmixin.py:205} WARNING - Dependency <Task(BashOperator): delete_tag>, create_tag already registered for DAG: example_complex
[2023-02-12T04:08:57.858+0000] {processor.py:766} INFO - DAG(s) dict_keys(['example_complex']) retrieved from /home/airflow/.local/lib/python3.7/site-packages/airflow/example_dags/example_complex.py
[2023-02-12T04:08:57.938+0000] {logging_mixin.py:120} INFO - [2023-02-12T04:08:57.937+0000] {dag.py:2585} INFO - Sync 1 DAGs
[2023-02-12T04:08:57.984+0000] {logging_mixin.py:120} INFO - [2023-02-12T04:08:57.983+0000] {dag.py:3340} INFO - Setting next_dagrun for example_complex to None, run_after=None
[2023-02-12T04:08:58.021+0000] {processor.py:176} INFO - Processing /home/airflow/.local/lib/python3.7/site-packages/airflow/example_dags/example_complex.py took 0.237 seconds
