[2023-02-12T04:06:20.107+0000] {processor.py:154} INFO - Started process (PID=93) to work on /home/airflow/.local/lib/python3.7/site-packages/airflow/example_dags/example_python_operator.py
[2023-02-12T04:06:20.112+0000] {processor.py:756} INFO - Processing file /home/airflow/.local/lib/python3.7/site-packages/airflow/example_dags/example_python_operator.py for tasks to queue
[2023-02-12T04:06:20.116+0000] {logging_mixin.py:120} INFO - [2023-02-12T04:06:20.115+0000] {dagbag.py:537} INFO - Filling up the DagBag from /home/airflow/.local/lib/python3.7/site-packages/airflow/example_dags/example_python_operator.py
[2023-02-12T04:06:20.188+0000] {logging_mixin.py:120} INFO - [2023-02-12T04:06:20.188+0000] {taskmixin.py:205} WARNING - Dependency <Task(_PythonDecoratedOperator): print_the_context>, log_sql_query already registered for DAG: example_python_operator
[2023-02-12T04:06:20.198+0000] {logging_mixin.py:120} INFO - [2023-02-12T04:06:20.197+0000] {taskmixin.py:205} WARNING - Dependency <Task(_PythonDecoratedOperator): log_sql_query>, print_the_context already registered for DAG: example_python_operator
[2023-02-12T04:06:20.200+0000] {logging_mixin.py:120} INFO - [2023-02-12T04:06:20.200+0000] {taskmixin.py:205} WARNING - Dependency <Task(_PythonDecoratedOperator): print_the_context>, log_sql_query already registered for DAG: example_python_operator
[2023-02-12T04:06:20.203+0000] {logging_mixin.py:120} INFO - [2023-02-12T04:06:20.203+0000] {taskmixin.py:205} WARNING - Dependency <Task(_PythonDecoratedOperator): log_sql_query>, print_the_context already registered for DAG: example_python_operator
[2023-02-12T04:06:20.208+0000] {logging_mixin.py:120} INFO - [2023-02-12T04:06:20.208+0000] {taskmixin.py:205} WARNING - Dependency <Task(_PythonDecoratedOperator): print_the_context>, log_sql_query already registered for DAG: example_python_operator
[2023-02-12T04:06:20.210+0000] {logging_mixin.py:120} INFO - [2023-02-12T04:06:20.209+0000] {taskmixin.py:205} WARNING - Dependency <Task(_PythonDecoratedOperator): log_sql_query>, print_the_context already registered for DAG: example_python_operator
[2023-02-12T04:06:20.212+0000] {logging_mixin.py:120} INFO - [2023-02-12T04:06:20.212+0000] {taskmixin.py:205} WARNING - Dependency <Task(_PythonDecoratedOperator): print_the_context>, log_sql_query already registered for DAG: example_python_operator
[2023-02-12T04:06:20.213+0000] {logging_mixin.py:120} INFO - [2023-02-12T04:06:20.213+0000] {taskmixin.py:205} WARNING - Dependency <Task(_PythonDecoratedOperator): log_sql_query>, print_the_context already registered for DAG: example_python_operator
[2023-02-12T04:06:20.236+0000] {processor.py:766} INFO - DAG(s) dict_keys(['example_python_operator']) retrieved from /home/airflow/.local/lib/python3.7/site-packages/airflow/example_dags/example_python_operator.py
[2023-02-12T04:06:20.446+0000] {logging_mixin.py:120} INFO - [2023-02-12T04:06:20.446+0000] {manager.py:507} INFO - Created Permission View: can delete on DAG:example_python_operator
[2023-02-12T04:06:20.467+0000] {logging_mixin.py:120} INFO - [2023-02-12T04:06:20.467+0000] {manager.py:507} INFO - Created Permission View: can read on DAG:example_python_operator
[2023-02-12T04:06:20.481+0000] {logging_mixin.py:120} INFO - [2023-02-12T04:06:20.481+0000] {manager.py:507} INFO - Created Permission View: can edit on DAG:example_python_operator
[2023-02-12T04:06:20.483+0000] {logging_mixin.py:120} INFO - [2023-02-12T04:06:20.482+0000] {dag.py:2585} INFO - Sync 1 DAGs
[2023-02-12T04:06:20.518+0000] {logging_mixin.py:120} INFO - [2023-02-12T04:06:20.518+0000] {dag.py:2606} INFO - Creating ORM DAG for example_python_operator
[2023-02-12T04:06:20.546+0000] {logging_mixin.py:120} INFO - [2023-02-12T04:06:20.546+0000] {dag.py:3340} INFO - Setting next_dagrun for example_python_operator to None, run_after=None
[2023-02-12T04:06:20.600+0000] {processor.py:176} INFO - Processing /home/airflow/.local/lib/python3.7/site-packages/airflow/example_dags/example_python_operator.py took 0.501 seconds
[2023-02-12T04:06:51.306+0000] {processor.py:154} INFO - Started process (PID=150) to work on /home/airflow/.local/lib/python3.7/site-packages/airflow/example_dags/example_python_operator.py
[2023-02-12T04:06:51.311+0000] {processor.py:756} INFO - Processing file /home/airflow/.local/lib/python3.7/site-packages/airflow/example_dags/example_python_operator.py for tasks to queue
[2023-02-12T04:06:51.316+0000] {logging_mixin.py:120} INFO - [2023-02-12T04:06:51.314+0000] {dagbag.py:537} INFO - Filling up the DagBag from /home/airflow/.local/lib/python3.7/site-packages/airflow/example_dags/example_python_operator.py
[2023-02-12T04:06:51.355+0000] {logging_mixin.py:120} INFO - [2023-02-12T04:06:51.355+0000] {taskmixin.py:205} WARNING - Dependency <Task(_PythonDecoratedOperator): print_the_context>, log_sql_query already registered for DAG: example_python_operator
[2023-02-12T04:06:51.357+0000] {logging_mixin.py:120} INFO - [2023-02-12T04:06:51.357+0000] {taskmixin.py:205} WARNING - Dependency <Task(_PythonDecoratedOperator): log_sql_query>, print_the_context already registered for DAG: example_python_operator
[2023-02-12T04:06:51.359+0000] {logging_mixin.py:120} INFO - [2023-02-12T04:06:51.359+0000] {taskmixin.py:205} WARNING - Dependency <Task(_PythonDecoratedOperator): print_the_context>, log_sql_query already registered for DAG: example_python_operator
[2023-02-12T04:06:51.361+0000] {logging_mixin.py:120} INFO - [2023-02-12T04:06:51.361+0000] {taskmixin.py:205} WARNING - Dependency <Task(_PythonDecoratedOperator): log_sql_query>, print_the_context already registered for DAG: example_python_operator
[2023-02-12T04:06:51.365+0000] {logging_mixin.py:120} INFO - [2023-02-12T04:06:51.365+0000] {taskmixin.py:205} WARNING - Dependency <Task(_PythonDecoratedOperator): print_the_context>, log_sql_query already registered for DAG: example_python_operator
[2023-02-12T04:06:51.367+0000] {logging_mixin.py:120} INFO - [2023-02-12T04:06:51.367+0000] {taskmixin.py:205} WARNING - Dependency <Task(_PythonDecoratedOperator): log_sql_query>, print_the_context already registered for DAG: example_python_operator
[2023-02-12T04:06:51.370+0000] {logging_mixin.py:120} INFO - [2023-02-12T04:06:51.370+0000] {taskmixin.py:205} WARNING - Dependency <Task(_PythonDecoratedOperator): print_the_context>, log_sql_query already registered for DAG: example_python_operator
[2023-02-12T04:06:51.371+0000] {logging_mixin.py:120} INFO - [2023-02-12T04:06:51.371+0000] {taskmixin.py:205} WARNING - Dependency <Task(_PythonDecoratedOperator): log_sql_query>, print_the_context already registered for DAG: example_python_operator
[2023-02-12T04:06:51.389+0000] {processor.py:766} INFO - DAG(s) dict_keys(['example_python_operator']) retrieved from /home/airflow/.local/lib/python3.7/site-packages/airflow/example_dags/example_python_operator.py
[2023-02-12T04:06:51.480+0000] {logging_mixin.py:120} INFO - [2023-02-12T04:06:51.479+0000] {dag.py:2585} INFO - Sync 1 DAGs
[2023-02-12T04:06:51.529+0000] {logging_mixin.py:120} INFO - [2023-02-12T04:06:51.529+0000] {dag.py:3340} INFO - Setting next_dagrun for example_python_operator to None, run_after=None
[2023-02-12T04:06:51.569+0000] {processor.py:176} INFO - Processing /home/airflow/.local/lib/python3.7/site-packages/airflow/example_dags/example_python_operator.py took 0.268 seconds
[2023-02-12T04:07:21.728+0000] {processor.py:154} INFO - Started process (PID=219) to work on /home/airflow/.local/lib/python3.7/site-packages/airflow/example_dags/example_python_operator.py
[2023-02-12T04:07:21.733+0000] {processor.py:756} INFO - Processing file /home/airflow/.local/lib/python3.7/site-packages/airflow/example_dags/example_python_operator.py for tasks to queue
[2023-02-12T04:07:21.735+0000] {logging_mixin.py:120} INFO - [2023-02-12T04:07:21.734+0000] {dagbag.py:537} INFO - Filling up the DagBag from /home/airflow/.local/lib/python3.7/site-packages/airflow/example_dags/example_python_operator.py
[2023-02-12T04:07:21.765+0000] {logging_mixin.py:120} INFO - [2023-02-12T04:07:21.765+0000] {taskmixin.py:205} WARNING - Dependency <Task(_PythonDecoratedOperator): print_the_context>, log_sql_query already registered for DAG: example_python_operator
[2023-02-12T04:07:21.768+0000] {logging_mixin.py:120} INFO - [2023-02-12T04:07:21.768+0000] {taskmixin.py:205} WARNING - Dependency <Task(_PythonDecoratedOperator): log_sql_query>, print_the_context already registered for DAG: example_python_operator
[2023-02-12T04:07:21.770+0000] {logging_mixin.py:120} INFO - [2023-02-12T04:07:21.770+0000] {taskmixin.py:205} WARNING - Dependency <Task(_PythonDecoratedOperator): print_the_context>, log_sql_query already registered for DAG: example_python_operator
[2023-02-12T04:07:21.772+0000] {logging_mixin.py:120} INFO - [2023-02-12T04:07:21.772+0000] {taskmixin.py:205} WARNING - Dependency <Task(_PythonDecoratedOperator): log_sql_query>, print_the_context already registered for DAG: example_python_operator
[2023-02-12T04:07:21.774+0000] {logging_mixin.py:120} INFO - [2023-02-12T04:07:21.774+0000] {taskmixin.py:205} WARNING - Dependency <Task(_PythonDecoratedOperator): print_the_context>, log_sql_query already registered for DAG: example_python_operator
[2023-02-12T04:07:21.776+0000] {logging_mixin.py:120} INFO - [2023-02-12T04:07:21.775+0000] {taskmixin.py:205} WARNING - Dependency <Task(_PythonDecoratedOperator): log_sql_query>, print_the_context already registered for DAG: example_python_operator
[2023-02-12T04:07:21.778+0000] {logging_mixin.py:120} INFO - [2023-02-12T04:07:21.778+0000] {taskmixin.py:205} WARNING - Dependency <Task(_PythonDecoratedOperator): print_the_context>, log_sql_query already registered for DAG: example_python_operator
[2023-02-12T04:07:21.782+0000] {logging_mixin.py:120} INFO - [2023-02-12T04:07:21.782+0000] {taskmixin.py:205} WARNING - Dependency <Task(_PythonDecoratedOperator): log_sql_query>, print_the_context already registered for DAG: example_python_operator
[2023-02-12T04:07:21.798+0000] {processor.py:766} INFO - DAG(s) dict_keys(['example_python_operator']) retrieved from /home/airflow/.local/lib/python3.7/site-packages/airflow/example_dags/example_python_operator.py
[2023-02-12T04:07:21.860+0000] {logging_mixin.py:120} INFO - [2023-02-12T04:07:21.860+0000] {dag.py:2585} INFO - Sync 1 DAGs
[2023-02-12T04:07:21.898+0000] {logging_mixin.py:120} INFO - [2023-02-12T04:07:21.898+0000] {dag.py:3340} INFO - Setting next_dagrun for example_python_operator to None, run_after=None
[2023-02-12T04:07:21.930+0000] {processor.py:176} INFO - Processing /home/airflow/.local/lib/python3.7/site-packages/airflow/example_dags/example_python_operator.py took 0.207 seconds
[2023-02-12T04:07:52.302+0000] {processor.py:154} INFO - Started process (PID=275) to work on /home/airflow/.local/lib/python3.7/site-packages/airflow/example_dags/example_python_operator.py
[2023-02-12T04:07:52.305+0000] {processor.py:756} INFO - Processing file /home/airflow/.local/lib/python3.7/site-packages/airflow/example_dags/example_python_operator.py for tasks to queue
[2023-02-12T04:07:52.307+0000] {logging_mixin.py:120} INFO - [2023-02-12T04:07:52.307+0000] {dagbag.py:537} INFO - Filling up the DagBag from /home/airflow/.local/lib/python3.7/site-packages/airflow/example_dags/example_python_operator.py
[2023-02-12T04:07:52.332+0000] {logging_mixin.py:120} INFO - [2023-02-12T04:07:52.332+0000] {taskmixin.py:205} WARNING - Dependency <Task(_PythonDecoratedOperator): print_the_context>, log_sql_query already registered for DAG: example_python_operator
[2023-02-12T04:07:52.334+0000] {logging_mixin.py:120} INFO - [2023-02-12T04:07:52.334+0000] {taskmixin.py:205} WARNING - Dependency <Task(_PythonDecoratedOperator): log_sql_query>, print_the_context already registered for DAG: example_python_operator
[2023-02-12T04:07:52.336+0000] {logging_mixin.py:120} INFO - [2023-02-12T04:07:52.336+0000] {taskmixin.py:205} WARNING - Dependency <Task(_PythonDecoratedOperator): print_the_context>, log_sql_query already registered for DAG: example_python_operator
[2023-02-12T04:07:52.338+0000] {logging_mixin.py:120} INFO - [2023-02-12T04:07:52.338+0000] {taskmixin.py:205} WARNING - Dependency <Task(_PythonDecoratedOperator): log_sql_query>, print_the_context already registered for DAG: example_python_operator
[2023-02-12T04:07:52.342+0000] {logging_mixin.py:120} INFO - [2023-02-12T04:07:52.342+0000] {taskmixin.py:205} WARNING - Dependency <Task(_PythonDecoratedOperator): print_the_context>, log_sql_query already registered for DAG: example_python_operator
[2023-02-12T04:07:52.343+0000] {logging_mixin.py:120} INFO - [2023-02-12T04:07:52.343+0000] {taskmixin.py:205} WARNING - Dependency <Task(_PythonDecoratedOperator): log_sql_query>, print_the_context already registered for DAG: example_python_operator
[2023-02-12T04:07:52.346+0000] {logging_mixin.py:120} INFO - [2023-02-12T04:07:52.346+0000] {taskmixin.py:205} WARNING - Dependency <Task(_PythonDecoratedOperator): print_the_context>, log_sql_query already registered for DAG: example_python_operator
[2023-02-12T04:07:52.347+0000] {logging_mixin.py:120} INFO - [2023-02-12T04:07:52.347+0000] {taskmixin.py:205} WARNING - Dependency <Task(_PythonDecoratedOperator): log_sql_query>, print_the_context already registered for DAG: example_python_operator
[2023-02-12T04:07:52.357+0000] {processor.py:766} INFO - DAG(s) dict_keys(['example_python_operator']) retrieved from /home/airflow/.local/lib/python3.7/site-packages/airflow/example_dags/example_python_operator.py
[2023-02-12T04:07:52.425+0000] {logging_mixin.py:120} INFO - [2023-02-12T04:07:52.425+0000] {dag.py:2585} INFO - Sync 1 DAGs
[2023-02-12T04:07:52.465+0000] {logging_mixin.py:120} INFO - [2023-02-12T04:07:52.465+0000] {dag.py:3340} INFO - Setting next_dagrun for example_python_operator to None, run_after=None
[2023-02-12T04:07:52.496+0000] {processor.py:176} INFO - Processing /home/airflow/.local/lib/python3.7/site-packages/airflow/example_dags/example_python_operator.py took 0.199 seconds
[2023-02-12T04:08:22.702+0000] {processor.py:154} INFO - Started process (PID=340) to work on /home/airflow/.local/lib/python3.7/site-packages/airflow/example_dags/example_python_operator.py
[2023-02-12T04:08:22.704+0000] {processor.py:756} INFO - Processing file /home/airflow/.local/lib/python3.7/site-packages/airflow/example_dags/example_python_operator.py for tasks to queue
[2023-02-12T04:08:22.706+0000] {logging_mixin.py:120} INFO - [2023-02-12T04:08:22.706+0000] {dagbag.py:537} INFO - Filling up the DagBag from /home/airflow/.local/lib/python3.7/site-packages/airflow/example_dags/example_python_operator.py
[2023-02-12T04:08:22.728+0000] {logging_mixin.py:120} INFO - [2023-02-12T04:08:22.728+0000] {taskmixin.py:205} WARNING - Dependency <Task(_PythonDecoratedOperator): print_the_context>, log_sql_query already registered for DAG: example_python_operator
[2023-02-12T04:08:22.729+0000] {logging_mixin.py:120} INFO - [2023-02-12T04:08:22.729+0000] {taskmixin.py:205} WARNING - Dependency <Task(_PythonDecoratedOperator): log_sql_query>, print_the_context already registered for DAG: example_python_operator
[2023-02-12T04:08:22.731+0000] {logging_mixin.py:120} INFO - [2023-02-12T04:08:22.731+0000] {taskmixin.py:205} WARNING - Dependency <Task(_PythonDecoratedOperator): print_the_context>, log_sql_query already registered for DAG: example_python_operator
[2023-02-12T04:08:22.733+0000] {logging_mixin.py:120} INFO - [2023-02-12T04:08:22.732+0000] {taskmixin.py:205} WARNING - Dependency <Task(_PythonDecoratedOperator): log_sql_query>, print_the_context already registered for DAG: example_python_operator
[2023-02-12T04:08:22.734+0000] {logging_mixin.py:120} INFO - [2023-02-12T04:08:22.734+0000] {taskmixin.py:205} WARNING - Dependency <Task(_PythonDecoratedOperator): print_the_context>, log_sql_query already registered for DAG: example_python_operator
[2023-02-12T04:08:22.736+0000] {logging_mixin.py:120} INFO - [2023-02-12T04:08:22.735+0000] {taskmixin.py:205} WARNING - Dependency <Task(_PythonDecoratedOperator): log_sql_query>, print_the_context already registered for DAG: example_python_operator
[2023-02-12T04:08:22.737+0000] {logging_mixin.py:120} INFO - [2023-02-12T04:08:22.737+0000] {taskmixin.py:205} WARNING - Dependency <Task(_PythonDecoratedOperator): print_the_context>, log_sql_query already registered for DAG: example_python_operator
[2023-02-12T04:08:22.740+0000] {logging_mixin.py:120} INFO - [2023-02-12T04:08:22.740+0000] {taskmixin.py:205} WARNING - Dependency <Task(_PythonDecoratedOperator): log_sql_query>, print_the_context already registered for DAG: example_python_operator
[2023-02-12T04:08:22.750+0000] {processor.py:766} INFO - DAG(s) dict_keys(['example_python_operator']) retrieved from /home/airflow/.local/lib/python3.7/site-packages/airflow/example_dags/example_python_operator.py
[2023-02-12T04:08:22.804+0000] {logging_mixin.py:120} INFO - [2023-02-12T04:08:22.804+0000] {dag.py:2585} INFO - Sync 1 DAGs
[2023-02-12T04:08:22.838+0000] {logging_mixin.py:120} INFO - [2023-02-12T04:08:22.838+0000] {dag.py:3340} INFO - Setting next_dagrun for example_python_operator to None, run_after=None
[2023-02-12T04:08:22.863+0000] {processor.py:176} INFO - Processing /home/airflow/.local/lib/python3.7/site-packages/airflow/example_dags/example_python_operator.py took 0.166 seconds
[2023-02-12T04:08:53.171+0000] {processor.py:154} INFO - Started process (PID=396) to work on /home/airflow/.local/lib/python3.7/site-packages/airflow/example_dags/example_python_operator.py
[2023-02-12T04:08:53.173+0000] {processor.py:756} INFO - Processing file /home/airflow/.local/lib/python3.7/site-packages/airflow/example_dags/example_python_operator.py for tasks to queue
[2023-02-12T04:08:53.175+0000] {logging_mixin.py:120} INFO - [2023-02-12T04:08:53.174+0000] {dagbag.py:537} INFO - Filling up the DagBag from /home/airflow/.local/lib/python3.7/site-packages/airflow/example_dags/example_python_operator.py
[2023-02-12T04:08:53.196+0000] {logging_mixin.py:120} INFO - [2023-02-12T04:08:53.196+0000] {taskmixin.py:205} WARNING - Dependency <Task(_PythonDecoratedOperator): print_the_context>, log_sql_query already registered for DAG: example_python_operator
[2023-02-12T04:08:53.198+0000] {logging_mixin.py:120} INFO - [2023-02-12T04:08:53.198+0000] {taskmixin.py:205} WARNING - Dependency <Task(_PythonDecoratedOperator): log_sql_query>, print_the_context already registered for DAG: example_python_operator
[2023-02-12T04:08:53.200+0000] {logging_mixin.py:120} INFO - [2023-02-12T04:08:53.200+0000] {taskmixin.py:205} WARNING - Dependency <Task(_PythonDecoratedOperator): print_the_context>, log_sql_query already registered for DAG: example_python_operator
[2023-02-12T04:08:53.202+0000] {logging_mixin.py:120} INFO - [2023-02-12T04:08:53.202+0000] {taskmixin.py:205} WARNING - Dependency <Task(_PythonDecoratedOperator): log_sql_query>, print_the_context already registered for DAG: example_python_operator
[2023-02-12T04:08:53.204+0000] {logging_mixin.py:120} INFO - [2023-02-12T04:08:53.204+0000] {taskmixin.py:205} WARNING - Dependency <Task(_PythonDecoratedOperator): print_the_context>, log_sql_query already registered for DAG: example_python_operator
[2023-02-12T04:08:53.205+0000] {logging_mixin.py:120} INFO - [2023-02-12T04:08:53.205+0000] {taskmixin.py:205} WARNING - Dependency <Task(_PythonDecoratedOperator): log_sql_query>, print_the_context already registered for DAG: example_python_operator
[2023-02-12T04:08:53.207+0000] {logging_mixin.py:120} INFO - [2023-02-12T04:08:53.207+0000] {taskmixin.py:205} WARNING - Dependency <Task(_PythonDecoratedOperator): print_the_context>, log_sql_query already registered for DAG: example_python_operator
[2023-02-12T04:08:53.208+0000] {logging_mixin.py:120} INFO - [2023-02-12T04:08:53.208+0000] {taskmixin.py:205} WARNING - Dependency <Task(_PythonDecoratedOperator): log_sql_query>, print_the_context already registered for DAG: example_python_operator
[2023-02-12T04:08:53.217+0000] {processor.py:766} INFO - DAG(s) dict_keys(['example_python_operator']) retrieved from /home/airflow/.local/lib/python3.7/site-packages/airflow/example_dags/example_python_operator.py
[2023-02-12T04:08:53.271+0000] {logging_mixin.py:120} INFO - [2023-02-12T04:08:53.271+0000] {dag.py:2585} INFO - Sync 1 DAGs
[2023-02-12T04:08:53.304+0000] {logging_mixin.py:120} INFO - [2023-02-12T04:08:53.304+0000] {dag.py:3340} INFO - Setting next_dagrun for example_python_operator to None, run_after=None
[2023-02-12T04:08:53.329+0000] {processor.py:176} INFO - Processing /home/airflow/.local/lib/python3.7/site-packages/airflow/example_dags/example_python_operator.py took 0.163 seconds
