[2023-02-12T04:05:53.223+0000] {processor.py:154} INFO - Started process (PID=50) to work on /home/airflow/.local/lib/python3.7/site-packages/airflow/example_dags/example_branch_datetime_operator.py
[2023-02-12T04:05:53.236+0000] {processor.py:756} INFO - Processing file /home/airflow/.local/lib/python3.7/site-packages/airflow/example_dags/example_branch_datetime_operator.py for tasks to queue
[2023-02-12T04:05:53.238+0000] {logging_mixin.py:120} INFO - [2023-02-12T04:05:53.238+0000] {dagbag.py:537} INFO - Filling up the DagBag from /home/airflow/.local/lib/python3.7/site-packages/airflow/example_dags/example_branch_datetime_operator.py
[2023-02-12T04:05:53.271+0000] {processor.py:766} INFO - DAG(s) dict_keys(['example_branch_datetime_operator_3', 'example_branch_datetime_operator', 'example_branch_datetime_operator_2']) retrieved from /home/airflow/.local/lib/python3.7/site-packages/airflow/example_dags/example_branch_datetime_operator.py
[2023-02-12T04:05:53.518+0000] {logging_mixin.py:120} INFO - [2023-02-12T04:05:53.517+0000] {manager.py:507} INFO - Created Permission View: can delete on DAG:example_branch_datetime_operator_3
[2023-02-12T04:05:53.538+0000] {logging_mixin.py:120} INFO - [2023-02-12T04:05:53.538+0000] {manager.py:507} INFO - Created Permission View: can read on DAG:example_branch_datetime_operator_3
[2023-02-12T04:05:53.555+0000] {logging_mixin.py:120} INFO - [2023-02-12T04:05:53.555+0000] {manager.py:507} INFO - Created Permission View: can edit on DAG:example_branch_datetime_operator_3
[2023-02-12T04:05:53.582+0000] {logging_mixin.py:120} INFO - [2023-02-12T04:05:53.582+0000] {manager.py:507} INFO - Created Permission View: can delete on DAG:example_branch_datetime_operator
[2023-02-12T04:05:53.598+0000] {logging_mixin.py:120} INFO - [2023-02-12T04:05:53.598+0000] {manager.py:507} INFO - Created Permission View: can read on DAG:example_branch_datetime_operator
[2023-02-12T04:05:53.623+0000] {logging_mixin.py:120} INFO - [2023-02-12T04:05:53.622+0000] {manager.py:507} INFO - Created Permission View: can edit on DAG:example_branch_datetime_operator
[2023-02-12T04:05:53.655+0000] {logging_mixin.py:120} INFO - [2023-02-12T04:05:53.655+0000] {manager.py:507} INFO - Created Permission View: can delete on DAG:example_branch_datetime_operator_2
[2023-02-12T04:05:53.669+0000] {logging_mixin.py:120} INFO - [2023-02-12T04:05:53.669+0000] {manager.py:507} INFO - Created Permission View: can read on DAG:example_branch_datetime_operator_2
[2023-02-12T04:05:53.683+0000] {logging_mixin.py:120} INFO - [2023-02-12T04:05:53.683+0000] {manager.py:507} INFO - Created Permission View: can edit on DAG:example_branch_datetime_operator_2
[2023-02-12T04:05:53.685+0000] {logging_mixin.py:120} INFO - [2023-02-12T04:05:53.684+0000] {dag.py:2585} INFO - Sync 3 DAGs
[2023-02-12T04:05:53.732+0000] {logging_mixin.py:120} INFO - [2023-02-12T04:05:53.732+0000] {dag.py:2606} INFO - Creating ORM DAG for example_branch_datetime_operator_3
[2023-02-12T04:05:53.736+0000] {logging_mixin.py:120} INFO - [2023-02-12T04:05:53.735+0000] {dag.py:2606} INFO - Creating ORM DAG for example_branch_datetime_operator
[2023-02-12T04:05:53.740+0000] {logging_mixin.py:120} INFO - [2023-02-12T04:05:53.740+0000] {dag.py:2606} INFO - Creating ORM DAG for example_branch_datetime_operator_2
[2023-02-12T04:05:53.776+0000] {logging_mixin.py:120} INFO - [2023-02-12T04:05:53.776+0000] {dag.py:3340} INFO - Setting next_dagrun for example_branch_datetime_operator to 2023-02-11T00:00:00+00:00, run_after=2023-02-12T00:00:00+00:00
[2023-02-12T04:05:53.782+0000] {logging_mixin.py:120} INFO - [2023-02-12T04:05:53.782+0000] {dag.py:3340} INFO - Setting next_dagrun for example_branch_datetime_operator_2 to 2023-02-11T00:00:00+00:00, run_after=2023-02-12T00:00:00+00:00
[2023-02-12T04:05:53.790+0000] {logging_mixin.py:120} INFO - [2023-02-12T04:05:53.790+0000] {dag.py:3340} INFO - Setting next_dagrun for example_branch_datetime_operator_3 to 2023-02-11T00:00:00+00:00, run_after=2023-02-12T00:00:00+00:00
[2023-02-12T04:05:53.839+0000] {processor.py:176} INFO - Processing /home/airflow/.local/lib/python3.7/site-packages/airflow/example_dags/example_branch_datetime_operator.py took 0.624 seconds
[2023-02-12T04:06:24.938+0000] {processor.py:154} INFO - Started process (PID=105) to work on /home/airflow/.local/lib/python3.7/site-packages/airflow/example_dags/example_branch_datetime_operator.py
[2023-02-12T04:06:24.943+0000] {processor.py:756} INFO - Processing file /home/airflow/.local/lib/python3.7/site-packages/airflow/example_dags/example_branch_datetime_operator.py for tasks to queue
[2023-02-12T04:06:24.946+0000] {logging_mixin.py:120} INFO - [2023-02-12T04:06:24.946+0000] {dagbag.py:537} INFO - Filling up the DagBag from /home/airflow/.local/lib/python3.7/site-packages/airflow/example_dags/example_branch_datetime_operator.py
[2023-02-12T04:06:24.993+0000] {processor.py:766} INFO - DAG(s) dict_keys(['example_branch_datetime_operator_2', 'example_branch_datetime_operator', 'example_branch_datetime_operator_3']) retrieved from /home/airflow/.local/lib/python3.7/site-packages/airflow/example_dags/example_branch_datetime_operator.py
[2023-02-12T04:06:25.079+0000] {logging_mixin.py:120} INFO - [2023-02-12T04:06:25.078+0000] {dag.py:2585} INFO - Sync 3 DAGs
[2023-02-12T04:06:25.121+0000] {logging_mixin.py:120} INFO - [2023-02-12T04:06:25.121+0000] {dag.py:3340} INFO - Setting next_dagrun for example_branch_datetime_operator to 2023-02-11T00:00:00+00:00, run_after=2023-02-12T00:00:00+00:00
[2023-02-12T04:06:25.129+0000] {logging_mixin.py:120} INFO - [2023-02-12T04:06:25.129+0000] {dag.py:3340} INFO - Setting next_dagrun for example_branch_datetime_operator_2 to 2023-02-11T00:00:00+00:00, run_after=2023-02-12T00:00:00+00:00
[2023-02-12T04:06:25.135+0000] {logging_mixin.py:120} INFO - [2023-02-12T04:06:25.134+0000] {dag.py:3340} INFO - Setting next_dagrun for example_branch_datetime_operator_3 to 2023-02-11T00:00:00+00:00, run_after=2023-02-12T00:00:00+00:00
[2023-02-12T04:06:25.178+0000] {processor.py:176} INFO - Processing /home/airflow/.local/lib/python3.7/site-packages/airflow/example_dags/example_branch_datetime_operator.py took 0.245 seconds
[2023-02-12T04:06:56.053+0000] {processor.py:154} INFO - Started process (PID=168) to work on /home/airflow/.local/lib/python3.7/site-packages/airflow/example_dags/example_branch_datetime_operator.py
[2023-02-12T04:06:56.066+0000] {processor.py:756} INFO - Processing file /home/airflow/.local/lib/python3.7/site-packages/airflow/example_dags/example_branch_datetime_operator.py for tasks to queue
[2023-02-12T04:06:56.070+0000] {logging_mixin.py:120} INFO - [2023-02-12T04:06:56.069+0000] {dagbag.py:537} INFO - Filling up the DagBag from /home/airflow/.local/lib/python3.7/site-packages/airflow/example_dags/example_branch_datetime_operator.py
[2023-02-12T04:06:56.146+0000] {processor.py:766} INFO - DAG(s) dict_keys(['example_branch_datetime_operator_3', 'example_branch_datetime_operator_2', 'example_branch_datetime_operator']) retrieved from /home/airflow/.local/lib/python3.7/site-packages/airflow/example_dags/example_branch_datetime_operator.py
[2023-02-12T04:06:56.304+0000] {logging_mixin.py:120} INFO - [2023-02-12T04:06:56.303+0000] {dag.py:2585} INFO - Sync 3 DAGs
[2023-02-12T04:06:56.380+0000] {logging_mixin.py:120} INFO - [2023-02-12T04:06:56.380+0000] {dag.py:3340} INFO - Setting next_dagrun for example_branch_datetime_operator to 2023-02-11T00:00:00+00:00, run_after=2023-02-12T00:00:00+00:00
[2023-02-12T04:06:56.395+0000] {logging_mixin.py:120} INFO - [2023-02-12T04:06:56.395+0000] {dag.py:3340} INFO - Setting next_dagrun for example_branch_datetime_operator_2 to 2023-02-11T00:00:00+00:00, run_after=2023-02-12T00:00:00+00:00
[2023-02-12T04:06:56.404+0000] {logging_mixin.py:120} INFO - [2023-02-12T04:06:56.404+0000] {dag.py:3340} INFO - Setting next_dagrun for example_branch_datetime_operator_3 to 2023-02-11T00:00:00+00:00, run_after=2023-02-12T00:00:00+00:00
[2023-02-12T04:06:56.468+0000] {processor.py:176} INFO - Processing /home/airflow/.local/lib/python3.7/site-packages/airflow/example_dags/example_branch_datetime_operator.py took 0.422 seconds
[2023-02-12T04:07:26.789+0000] {processor.py:154} INFO - Started process (PID=229) to work on /home/airflow/.local/lib/python3.7/site-packages/airflow/example_dags/example_branch_datetime_operator.py
[2023-02-12T04:07:26.792+0000] {processor.py:756} INFO - Processing file /home/airflow/.local/lib/python3.7/site-packages/airflow/example_dags/example_branch_datetime_operator.py for tasks to queue
[2023-02-12T04:07:26.794+0000] {logging_mixin.py:120} INFO - [2023-02-12T04:07:26.794+0000] {dagbag.py:537} INFO - Filling up the DagBag from /home/airflow/.local/lib/python3.7/site-packages/airflow/example_dags/example_branch_datetime_operator.py
[2023-02-12T04:07:26.818+0000] {processor.py:766} INFO - DAG(s) dict_keys(['example_branch_datetime_operator_3', 'example_branch_datetime_operator_2', 'example_branch_datetime_operator']) retrieved from /home/airflow/.local/lib/python3.7/site-packages/airflow/example_dags/example_branch_datetime_operator.py
[2023-02-12T04:07:26.885+0000] {logging_mixin.py:120} INFO - [2023-02-12T04:07:26.885+0000] {dag.py:2585} INFO - Sync 3 DAGs
[2023-02-12T04:07:26.920+0000] {logging_mixin.py:120} INFO - [2023-02-12T04:07:26.920+0000] {dag.py:3340} INFO - Setting next_dagrun for example_branch_datetime_operator to 2023-02-11T00:00:00+00:00, run_after=2023-02-12T00:00:00+00:00
[2023-02-12T04:07:26.928+0000] {logging_mixin.py:120} INFO - [2023-02-12T04:07:26.927+0000] {dag.py:3340} INFO - Setting next_dagrun for example_branch_datetime_operator_2 to 2023-02-11T00:00:00+00:00, run_after=2023-02-12T00:00:00+00:00
[2023-02-12T04:07:26.933+0000] {logging_mixin.py:120} INFO - [2023-02-12T04:07:26.933+0000] {dag.py:3340} INFO - Setting next_dagrun for example_branch_datetime_operator_3 to 2023-02-11T00:00:00+00:00, run_after=2023-02-12T00:00:00+00:00
[2023-02-12T04:07:26.957+0000] {processor.py:176} INFO - Processing /home/airflow/.local/lib/python3.7/site-packages/airflow/example_dags/example_branch_datetime_operator.py took 0.172 seconds
[2023-02-12T04:07:57.543+0000] {processor.py:154} INFO - Started process (PID=294) to work on /home/airflow/.local/lib/python3.7/site-packages/airflow/example_dags/example_branch_datetime_operator.py
[2023-02-12T04:07:57.546+0000] {processor.py:756} INFO - Processing file /home/airflow/.local/lib/python3.7/site-packages/airflow/example_dags/example_branch_datetime_operator.py for tasks to queue
[2023-02-12T04:07:57.548+0000] {logging_mixin.py:120} INFO - [2023-02-12T04:07:57.548+0000] {dagbag.py:537} INFO - Filling up the DagBag from /home/airflow/.local/lib/python3.7/site-packages/airflow/example_dags/example_branch_datetime_operator.py
[2023-02-12T04:07:57.573+0000] {processor.py:766} INFO - DAG(s) dict_keys(['example_branch_datetime_operator', 'example_branch_datetime_operator_2', 'example_branch_datetime_operator_3']) retrieved from /home/airflow/.local/lib/python3.7/site-packages/airflow/example_dags/example_branch_datetime_operator.py
[2023-02-12T04:07:57.635+0000] {logging_mixin.py:120} INFO - [2023-02-12T04:07:57.635+0000] {dag.py:2585} INFO - Sync 3 DAGs
[2023-02-12T04:07:57.669+0000] {logging_mixin.py:120} INFO - [2023-02-12T04:07:57.669+0000] {dag.py:3340} INFO - Setting next_dagrun for example_branch_datetime_operator to 2023-02-11T00:00:00+00:00, run_after=2023-02-12T00:00:00+00:00
[2023-02-12T04:07:57.677+0000] {logging_mixin.py:120} INFO - [2023-02-12T04:07:57.677+0000] {dag.py:3340} INFO - Setting next_dagrun for example_branch_datetime_operator_2 to 2023-02-11T00:00:00+00:00, run_after=2023-02-12T00:00:00+00:00
[2023-02-12T04:07:57.681+0000] {logging_mixin.py:120} INFO - [2023-02-12T04:07:57.681+0000] {dag.py:3340} INFO - Setting next_dagrun for example_branch_datetime_operator_3 to 2023-02-11T00:00:00+00:00, run_after=2023-02-12T00:00:00+00:00
[2023-02-12T04:07:57.705+0000] {processor.py:176} INFO - Processing /home/airflow/.local/lib/python3.7/site-packages/airflow/example_dags/example_branch_datetime_operator.py took 0.167 seconds
[2023-02-12T04:08:28.737+0000] {processor.py:154} INFO - Started process (PID=350) to work on /home/airflow/.local/lib/python3.7/site-packages/airflow/example_dags/example_branch_datetime_operator.py
[2023-02-12T04:08:28.740+0000] {processor.py:756} INFO - Processing file /home/airflow/.local/lib/python3.7/site-packages/airflow/example_dags/example_branch_datetime_operator.py for tasks to queue
[2023-02-12T04:08:28.742+0000] {logging_mixin.py:120} INFO - [2023-02-12T04:08:28.742+0000] {dagbag.py:537} INFO - Filling up the DagBag from /home/airflow/.local/lib/python3.7/site-packages/airflow/example_dags/example_branch_datetime_operator.py
[2023-02-12T04:08:28.766+0000] {processor.py:766} INFO - DAG(s) dict_keys(['example_branch_datetime_operator_2', 'example_branch_datetime_operator', 'example_branch_datetime_operator_3']) retrieved from /home/airflow/.local/lib/python3.7/site-packages/airflow/example_dags/example_branch_datetime_operator.py
[2023-02-12T04:08:28.833+0000] {logging_mixin.py:120} INFO - [2023-02-12T04:08:28.833+0000] {dag.py:2585} INFO - Sync 3 DAGs
[2023-02-12T04:08:28.875+0000] {logging_mixin.py:120} INFO - [2023-02-12T04:08:28.875+0000] {dag.py:3340} INFO - Setting next_dagrun for example_branch_datetime_operator to 2023-02-11T00:00:00+00:00, run_after=2023-02-12T00:00:00+00:00
[2023-02-12T04:08:28.883+0000] {logging_mixin.py:120} INFO - [2023-02-12T04:08:28.883+0000] {dag.py:3340} INFO - Setting next_dagrun for example_branch_datetime_operator_2 to 2023-02-11T00:00:00+00:00, run_after=2023-02-12T00:00:00+00:00
[2023-02-12T04:08:28.888+0000] {logging_mixin.py:120} INFO - [2023-02-12T04:08:28.888+0000] {dag.py:3340} INFO - Setting next_dagrun for example_branch_datetime_operator_3 to 2023-02-11T00:00:00+00:00, run_after=2023-02-12T00:00:00+00:00
[2023-02-12T04:08:28.915+0000] {processor.py:176} INFO - Processing /home/airflow/.local/lib/python3.7/site-packages/airflow/example_dags/example_branch_datetime_operator.py took 0.183 seconds
[2023-02-12T04:08:59.087+0000] {processor.py:154} INFO - Started process (PID=414) to work on /home/airflow/.local/lib/python3.7/site-packages/airflow/example_dags/example_branch_datetime_operator.py
[2023-02-12T04:08:59.090+0000] {processor.py:756} INFO - Processing file /home/airflow/.local/lib/python3.7/site-packages/airflow/example_dags/example_branch_datetime_operator.py for tasks to queue
[2023-02-12T04:08:59.093+0000] {logging_mixin.py:120} INFO - [2023-02-12T04:08:59.092+0000] {dagbag.py:537} INFO - Filling up the DagBag from /home/airflow/.local/lib/python3.7/site-packages/airflow/example_dags/example_branch_datetime_operator.py
[2023-02-12T04:08:59.124+0000] {processor.py:766} INFO - DAG(s) dict_keys(['example_branch_datetime_operator_3', 'example_branch_datetime_operator', 'example_branch_datetime_operator_2']) retrieved from /home/airflow/.local/lib/python3.7/site-packages/airflow/example_dags/example_branch_datetime_operator.py
[2023-02-12T04:08:59.200+0000] {logging_mixin.py:120} INFO - [2023-02-12T04:08:59.200+0000] {dag.py:2585} INFO - Sync 3 DAGs
[2023-02-12T04:08:59.236+0000] {logging_mixin.py:120} INFO - [2023-02-12T04:08:59.235+0000] {dag.py:3340} INFO - Setting next_dagrun for example_branch_datetime_operator to 2023-02-11T00:00:00+00:00, run_after=2023-02-12T00:00:00+00:00
[2023-02-12T04:08:59.244+0000] {logging_mixin.py:120} INFO - [2023-02-12T04:08:59.244+0000] {dag.py:3340} INFO - Setting next_dagrun for example_branch_datetime_operator_2 to 2023-02-11T00:00:00+00:00, run_after=2023-02-12T00:00:00+00:00
[2023-02-12T04:08:59.248+0000] {logging_mixin.py:120} INFO - [2023-02-12T04:08:59.248+0000] {dag.py:3340} INFO - Setting next_dagrun for example_branch_datetime_operator_3 to 2023-02-11T00:00:00+00:00, run_after=2023-02-12T00:00:00+00:00
[2023-02-12T04:08:59.273+0000] {processor.py:176} INFO - Processing /home/airflow/.local/lib/python3.7/site-packages/airflow/example_dags/example_branch_datetime_operator.py took 0.190 seconds
