[2023-02-12T04:06:06.898+0000] {processor.py:154} INFO - Started process (PID=66) to work on /home/airflow/.local/lib/python3.7/site-packages/airflow/example_dags/example_xcomargs.py
[2023-02-12T04:06:06.952+0000] {processor.py:756} INFO - Processing file /home/airflow/.local/lib/python3.7/site-packages/airflow/example_dags/example_xcomargs.py for tasks to queue
[2023-02-12T04:06:07.005+0000] {logging_mixin.py:120} INFO - [2023-02-12T04:06:07.004+0000] {dagbag.py:537} INFO - Filling up the DagBag from /home/airflow/.local/lib/python3.7/site-packages/airflow/example_dags/example_xcomargs.py
[2023-02-12T04:06:07.935+0000] {processor.py:766} INFO - DAG(s) dict_keys(['example_xcom_args_with_operators', 'example_xcom_args']) retrieved from /home/airflow/.local/lib/python3.7/site-packages/airflow/example_dags/example_xcomargs.py
[2023-02-12T04:06:09.458+0000] {logging_mixin.py:120} INFO - [2023-02-12T04:06:09.457+0000] {manager.py:507} INFO - Created Permission View: can delete on DAG:example_xcom_args_with_operators
[2023-02-12T04:06:09.540+0000] {logging_mixin.py:120} INFO - [2023-02-12T04:06:09.540+0000] {manager.py:507} INFO - Created Permission View: can read on DAG:example_xcom_args_with_operators
[2023-02-12T04:06:09.609+0000] {logging_mixin.py:120} INFO - [2023-02-12T04:06:09.609+0000] {manager.py:507} INFO - Created Permission View: can edit on DAG:example_xcom_args_with_operators
[2023-02-12T04:06:09.803+0000] {logging_mixin.py:120} INFO - [2023-02-12T04:06:09.802+0000] {manager.py:507} INFO - Created Permission View: can delete on DAG:example_xcom_args
[2023-02-12T04:06:09.859+0000] {logging_mixin.py:120} INFO - [2023-02-12T04:06:09.858+0000] {manager.py:507} INFO - Created Permission View: can read on DAG:example_xcom_args
[2023-02-12T04:06:09.891+0000] {logging_mixin.py:120} INFO - [2023-02-12T04:06:09.891+0000] {manager.py:507} INFO - Created Permission View: can edit on DAG:example_xcom_args
[2023-02-12T04:06:09.894+0000] {logging_mixin.py:120} INFO - [2023-02-12T04:06:09.894+0000] {dag.py:2585} INFO - Sync 2 DAGs
[2023-02-12T04:06:09.957+0000] {logging_mixin.py:120} INFO - [2023-02-12T04:06:09.956+0000] {dag.py:2606} INFO - Creating ORM DAG for example_xcom_args_with_operators
[2023-02-12T04:06:09.967+0000] {logging_mixin.py:120} INFO - [2023-02-12T04:06:09.966+0000] {dag.py:2606} INFO - Creating ORM DAG for example_xcom_args
[2023-02-12T04:06:10.069+0000] {logging_mixin.py:120} INFO - [2023-02-12T04:06:10.068+0000] {dag.py:3340} INFO - Setting next_dagrun for example_xcom_args to None, run_after=None
[2023-02-12T04:06:10.073+0000] {logging_mixin.py:120} INFO - [2023-02-12T04:06:10.073+0000] {dag.py:3340} INFO - Setting next_dagrun for example_xcom_args_with_operators to None, run_after=None
[2023-02-12T04:06:10.206+0000] {processor.py:176} INFO - Processing /home/airflow/.local/lib/python3.7/site-packages/airflow/example_dags/example_xcomargs.py took 3.387 seconds
[2023-02-12T04:06:40.545+0000] {processor.py:154} INFO - Started process (PID=122) to work on /home/airflow/.local/lib/python3.7/site-packages/airflow/example_dags/example_xcomargs.py
[2023-02-12T04:06:40.548+0000] {processor.py:756} INFO - Processing file /home/airflow/.local/lib/python3.7/site-packages/airflow/example_dags/example_xcomargs.py for tasks to queue
[2023-02-12T04:06:40.550+0000] {logging_mixin.py:120} INFO - [2023-02-12T04:06:40.550+0000] {dagbag.py:537} INFO - Filling up the DagBag from /home/airflow/.local/lib/python3.7/site-packages/airflow/example_dags/example_xcomargs.py
[2023-02-12T04:06:40.589+0000] {processor.py:766} INFO - DAG(s) dict_keys(['example_xcom_args', 'example_xcom_args_with_operators']) retrieved from /home/airflow/.local/lib/python3.7/site-packages/airflow/example_dags/example_xcomargs.py
[2023-02-12T04:06:40.666+0000] {logging_mixin.py:120} INFO - [2023-02-12T04:06:40.665+0000] {dag.py:2585} INFO - Sync 2 DAGs
[2023-02-12T04:06:40.719+0000] {logging_mixin.py:120} INFO - [2023-02-12T04:06:40.719+0000] {dag.py:3340} INFO - Setting next_dagrun for example_xcom_args to None, run_after=None
[2023-02-12T04:06:40.731+0000] {logging_mixin.py:120} INFO - [2023-02-12T04:06:40.730+0000] {dag.py:3340} INFO - Setting next_dagrun for example_xcom_args_with_operators to None, run_after=None
[2023-02-12T04:06:40.768+0000] {processor.py:176} INFO - Processing /home/airflow/.local/lib/python3.7/site-packages/airflow/example_dags/example_xcomargs.py took 0.228 seconds
[2023-02-12T04:07:10.924+0000] {processor.py:154} INFO - Started process (PID=192) to work on /home/airflow/.local/lib/python3.7/site-packages/airflow/example_dags/example_xcomargs.py
[2023-02-12T04:07:10.927+0000] {processor.py:756} INFO - Processing file /home/airflow/.local/lib/python3.7/site-packages/airflow/example_dags/example_xcomargs.py for tasks to queue
[2023-02-12T04:07:10.930+0000] {logging_mixin.py:120} INFO - [2023-02-12T04:07:10.929+0000] {dagbag.py:537} INFO - Filling up the DagBag from /home/airflow/.local/lib/python3.7/site-packages/airflow/example_dags/example_xcomargs.py
[2023-02-12T04:07:10.967+0000] {processor.py:766} INFO - DAG(s) dict_keys(['example_xcom_args', 'example_xcom_args_with_operators']) retrieved from /home/airflow/.local/lib/python3.7/site-packages/airflow/example_dags/example_xcomargs.py
[2023-02-12T04:07:11.047+0000] {logging_mixin.py:120} INFO - [2023-02-12T04:07:11.046+0000] {dag.py:2585} INFO - Sync 2 DAGs
[2023-02-12T04:07:11.084+0000] {logging_mixin.py:120} INFO - [2023-02-12T04:07:11.083+0000] {dag.py:3340} INFO - Setting next_dagrun for example_xcom_args to None, run_after=None
[2023-02-12T04:07:11.090+0000] {logging_mixin.py:120} INFO - [2023-02-12T04:07:11.089+0000] {dag.py:3340} INFO - Setting next_dagrun for example_xcom_args_with_operators to None, run_after=None
[2023-02-12T04:07:11.118+0000] {processor.py:176} INFO - Processing /home/airflow/.local/lib/python3.7/site-packages/airflow/example_dags/example_xcomargs.py took 0.201 seconds
[2023-02-12T04:07:41.759+0000] {processor.py:154} INFO - Started process (PID=248) to work on /home/airflow/.local/lib/python3.7/site-packages/airflow/example_dags/example_xcomargs.py
[2023-02-12T04:07:41.762+0000] {processor.py:756} INFO - Processing file /home/airflow/.local/lib/python3.7/site-packages/airflow/example_dags/example_xcomargs.py for tasks to queue
[2023-02-12T04:07:41.764+0000] {logging_mixin.py:120} INFO - [2023-02-12T04:07:41.764+0000] {dagbag.py:537} INFO - Filling up the DagBag from /home/airflow/.local/lib/python3.7/site-packages/airflow/example_dags/example_xcomargs.py
[2023-02-12T04:07:41.800+0000] {processor.py:766} INFO - DAG(s) dict_keys(['example_xcom_args_with_operators', 'example_xcom_args']) retrieved from /home/airflow/.local/lib/python3.7/site-packages/airflow/example_dags/example_xcomargs.py
[2023-02-12T04:07:41.857+0000] {logging_mixin.py:120} INFO - [2023-02-12T04:07:41.857+0000] {dag.py:2585} INFO - Sync 2 DAGs
[2023-02-12T04:07:41.889+0000] {logging_mixin.py:120} INFO - [2023-02-12T04:07:41.889+0000] {dag.py:3340} INFO - Setting next_dagrun for example_xcom_args to None, run_after=None
[2023-02-12T04:07:41.895+0000] {logging_mixin.py:120} INFO - [2023-02-12T04:07:41.894+0000] {dag.py:3340} INFO - Setting next_dagrun for example_xcom_args_with_operators to None, run_after=None
[2023-02-12T04:07:41.918+0000] {processor.py:176} INFO - Processing /home/airflow/.local/lib/python3.7/site-packages/airflow/example_dags/example_xcomargs.py took 0.164 seconds
[2023-02-12T04:08:12.241+0000] {processor.py:154} INFO - Started process (PID=313) to work on /home/airflow/.local/lib/python3.7/site-packages/airflow/example_dags/example_xcomargs.py
[2023-02-12T04:08:12.244+0000] {processor.py:756} INFO - Processing file /home/airflow/.local/lib/python3.7/site-packages/airflow/example_dags/example_xcomargs.py for tasks to queue
[2023-02-12T04:08:12.248+0000] {logging_mixin.py:120} INFO - [2023-02-12T04:08:12.248+0000] {dagbag.py:537} INFO - Filling up the DagBag from /home/airflow/.local/lib/python3.7/site-packages/airflow/example_dags/example_xcomargs.py
[2023-02-12T04:08:12.298+0000] {processor.py:766} INFO - DAG(s) dict_keys(['example_xcom_args', 'example_xcom_args_with_operators']) retrieved from /home/airflow/.local/lib/python3.7/site-packages/airflow/example_dags/example_xcomargs.py
[2023-02-12T04:08:12.375+0000] {logging_mixin.py:120} INFO - [2023-02-12T04:08:12.375+0000] {dag.py:2585} INFO - Sync 2 DAGs
[2023-02-12T04:08:12.413+0000] {logging_mixin.py:120} INFO - [2023-02-12T04:08:12.413+0000] {dag.py:3340} INFO - Setting next_dagrun for example_xcom_args to None, run_after=None
[2023-02-12T04:08:12.420+0000] {logging_mixin.py:120} INFO - [2023-02-12T04:08:12.420+0000] {dag.py:3340} INFO - Setting next_dagrun for example_xcom_args_with_operators to None, run_after=None
[2023-02-12T04:08:12.444+0000] {processor.py:176} INFO - Processing /home/airflow/.local/lib/python3.7/site-packages/airflow/example_dags/example_xcomargs.py took 0.210 seconds
[2023-02-12T04:08:42.667+0000] {processor.py:154} INFO - Started process (PID=378) to work on /home/airflow/.local/lib/python3.7/site-packages/airflow/example_dags/example_xcomargs.py
[2023-02-12T04:08:42.675+0000] {processor.py:756} INFO - Processing file /home/airflow/.local/lib/python3.7/site-packages/airflow/example_dags/example_xcomargs.py for tasks to queue
[2023-02-12T04:08:42.680+0000] {logging_mixin.py:120} INFO - [2023-02-12T04:08:42.679+0000] {dagbag.py:537} INFO - Filling up the DagBag from /home/airflow/.local/lib/python3.7/site-packages/airflow/example_dags/example_xcomargs.py
[2023-02-12T04:08:42.753+0000] {processor.py:766} INFO - DAG(s) dict_keys(['example_xcom_args', 'example_xcom_args_with_operators']) retrieved from /home/airflow/.local/lib/python3.7/site-packages/airflow/example_dags/example_xcomargs.py
[2023-02-12T04:08:42.831+0000] {logging_mixin.py:120} INFO - [2023-02-12T04:08:42.831+0000] {dag.py:2585} INFO - Sync 2 DAGs
[2023-02-12T04:08:42.874+0000] {logging_mixin.py:120} INFO - [2023-02-12T04:08:42.874+0000] {dag.py:3340} INFO - Setting next_dagrun for example_xcom_args to None, run_after=None
[2023-02-12T04:08:42.881+0000] {logging_mixin.py:120} INFO - [2023-02-12T04:08:42.881+0000] {dag.py:3340} INFO - Setting next_dagrun for example_xcom_args_with_operators to None, run_after=None
[2023-02-12T04:08:42.928+0000] {processor.py:176} INFO - Processing /home/airflow/.local/lib/python3.7/site-packages/airflow/example_dags/example_xcomargs.py took 0.267 seconds
[2023-02-12T04:09:13.096+0000] {processor.py:154} INFO - Started process (PID=433) to work on /home/airflow/.local/lib/python3.7/site-packages/airflow/example_dags/example_xcomargs.py
[2023-02-12T04:09:13.099+0000] {processor.py:756} INFO - Processing file /home/airflow/.local/lib/python3.7/site-packages/airflow/example_dags/example_xcomargs.py for tasks to queue
[2023-02-12T04:09:13.101+0000] {logging_mixin.py:120} INFO - [2023-02-12T04:09:13.100+0000] {dagbag.py:537} INFO - Filling up the DagBag from /home/airflow/.local/lib/python3.7/site-packages/airflow/example_dags/example_xcomargs.py
[2023-02-12T04:09:13.135+0000] {processor.py:766} INFO - DAG(s) dict_keys(['example_xcom_args_with_operators', 'example_xcom_args']) retrieved from /home/airflow/.local/lib/python3.7/site-packages/airflow/example_dags/example_xcomargs.py
[2023-02-12T04:09:13.194+0000] {logging_mixin.py:120} INFO - [2023-02-12T04:09:13.194+0000] {dag.py:2585} INFO - Sync 2 DAGs
[2023-02-12T04:09:13.227+0000] {logging_mixin.py:120} INFO - [2023-02-12T04:09:13.227+0000] {dag.py:3340} INFO - Setting next_dagrun for example_xcom_args to None, run_after=None
[2023-02-12T04:09:13.233+0000] {logging_mixin.py:120} INFO - [2023-02-12T04:09:13.232+0000] {dag.py:3340} INFO - Setting next_dagrun for example_xcom_args_with_operators to None, run_after=None
[2023-02-12T04:09:13.255+0000] {processor.py:176} INFO - Processing /home/airflow/.local/lib/python3.7/site-packages/airflow/example_dags/example_xcomargs.py took 0.165 seconds
