[2023-02-12T04:06:14.763+0000] {processor.py:154} INFO - Started process (PID=74) to work on /home/airflow/.local/lib/python3.7/site-packages/airflow/example_dags/example_sla_dag.py
[2023-02-12T04:06:14.771+0000] {processor.py:756} INFO - Processing file /home/airflow/.local/lib/python3.7/site-packages/airflow/example_dags/example_sla_dag.py for tasks to queue
[2023-02-12T04:06:14.781+0000] {logging_mixin.py:120} INFO - [2023-02-12T04:06:14.780+0000] {dagbag.py:537} INFO - Filling up the DagBag from /home/airflow/.local/lib/python3.7/site-packages/airflow/example_dags/example_sla_dag.py
[2023-02-12T04:06:14.864+0000] {processor.py:766} INFO - DAG(s) dict_keys(['example_sla_dag']) retrieved from /home/airflow/.local/lib/python3.7/site-packages/airflow/example_dags/example_sla_dag.py
[2023-02-12T04:06:15.254+0000] {logging_mixin.py:120} INFO - [2023-02-12T04:06:15.254+0000] {manager.py:507} INFO - Created Permission View: can delete on DAG:example_sla_dag
[2023-02-12T04:06:15.278+0000] {logging_mixin.py:120} INFO - [2023-02-12T04:06:15.278+0000] {manager.py:507} INFO - Created Permission View: can read on DAG:example_sla_dag
[2023-02-12T04:06:15.293+0000] {logging_mixin.py:120} INFO - [2023-02-12T04:06:15.293+0000] {manager.py:507} INFO - Created Permission View: can edit on DAG:example_sla_dag
[2023-02-12T04:06:15.295+0000] {logging_mixin.py:120} INFO - [2023-02-12T04:06:15.294+0000] {dag.py:2585} INFO - Sync 1 DAGs
[2023-02-12T04:06:15.329+0000] {logging_mixin.py:120} INFO - [2023-02-12T04:06:15.329+0000] {dag.py:2606} INFO - Creating ORM DAG for example_sla_dag
[2023-02-12T04:06:15.359+0000] {logging_mixin.py:120} INFO - [2023-02-12T04:06:15.359+0000] {dag.py:3340} INFO - Setting next_dagrun for example_sla_dag to 2023-02-12T04:04:00+00:00, run_after=2023-02-12T04:06:00+00:00
[2023-02-12T04:06:15.393+0000] {processor.py:176} INFO - Processing /home/airflow/.local/lib/python3.7/site-packages/airflow/example_dags/example_sla_dag.py took 0.644 seconds
[2023-02-12T04:06:46.371+0000] {processor.py:154} INFO - Started process (PID=139) to work on /home/airflow/.local/lib/python3.7/site-packages/airflow/example_dags/example_sla_dag.py
[2023-02-12T04:06:46.374+0000] {processor.py:756} INFO - Processing file /home/airflow/.local/lib/python3.7/site-packages/airflow/example_dags/example_sla_dag.py for tasks to queue
[2023-02-12T04:06:46.376+0000] {logging_mixin.py:120} INFO - [2023-02-12T04:06:46.376+0000] {dagbag.py:537} INFO - Filling up the DagBag from /home/airflow/.local/lib/python3.7/site-packages/airflow/example_dags/example_sla_dag.py
[2023-02-12T04:06:46.415+0000] {processor.py:766} INFO - DAG(s) dict_keys(['example_sla_dag']) retrieved from /home/airflow/.local/lib/python3.7/site-packages/airflow/example_dags/example_sla_dag.py
[2023-02-12T04:06:46.481+0000] {logging_mixin.py:120} INFO - [2023-02-12T04:06:46.481+0000] {dag.py:2585} INFO - Sync 1 DAGs
[2023-02-12T04:06:46.520+0000] {logging_mixin.py:120} INFO - [2023-02-12T04:06:46.520+0000] {dag.py:3340} INFO - Setting next_dagrun for example_sla_dag to 2023-02-12T04:04:00+00:00, run_after=2023-02-12T04:06:00+00:00
[2023-02-12T04:06:46.545+0000] {processor.py:176} INFO - Processing /home/airflow/.local/lib/python3.7/site-packages/airflow/example_dags/example_sla_dag.py took 0.181 seconds
[2023-02-12T04:07:16.866+0000] {processor.py:154} INFO - Started process (PID=200) to work on /home/airflow/.local/lib/python3.7/site-packages/airflow/example_dags/example_sla_dag.py
[2023-02-12T04:07:16.869+0000] {processor.py:756} INFO - Processing file /home/airflow/.local/lib/python3.7/site-packages/airflow/example_dags/example_sla_dag.py for tasks to queue
[2023-02-12T04:07:16.872+0000] {logging_mixin.py:120} INFO - [2023-02-12T04:07:16.872+0000] {dagbag.py:537} INFO - Filling up the DagBag from /home/airflow/.local/lib/python3.7/site-packages/airflow/example_dags/example_sla_dag.py
[2023-02-12T04:07:16.915+0000] {processor.py:766} INFO - DAG(s) dict_keys(['example_sla_dag']) retrieved from /home/airflow/.local/lib/python3.7/site-packages/airflow/example_dags/example_sla_dag.py
[2023-02-12T04:07:16.971+0000] {logging_mixin.py:120} INFO - [2023-02-12T04:07:16.970+0000] {dag.py:2585} INFO - Sync 1 DAGs
[2023-02-12T04:07:17.009+0000] {logging_mixin.py:120} INFO - [2023-02-12T04:07:17.009+0000] {dag.py:3340} INFO - Setting next_dagrun for example_sla_dag to 2023-02-12T04:04:00+00:00, run_after=2023-02-12T04:06:00+00:00
[2023-02-12T04:07:17.038+0000] {processor.py:176} INFO - Processing /home/airflow/.local/lib/python3.7/site-packages/airflow/example_dags/example_sla_dag.py took 0.182 seconds
[2023-02-12T04:07:47.506+0000] {processor.py:154} INFO - Started process (PID=265) to work on /home/airflow/.local/lib/python3.7/site-packages/airflow/example_dags/example_sla_dag.py
[2023-02-12T04:07:47.508+0000] {processor.py:756} INFO - Processing file /home/airflow/.local/lib/python3.7/site-packages/airflow/example_dags/example_sla_dag.py for tasks to queue
[2023-02-12T04:07:47.510+0000] {logging_mixin.py:120} INFO - [2023-02-12T04:07:47.510+0000] {dagbag.py:537} INFO - Filling up the DagBag from /home/airflow/.local/lib/python3.7/site-packages/airflow/example_dags/example_sla_dag.py
[2023-02-12T04:07:47.542+0000] {processor.py:766} INFO - DAG(s) dict_keys(['example_sla_dag']) retrieved from /home/airflow/.local/lib/python3.7/site-packages/airflow/example_dags/example_sla_dag.py
[2023-02-12T04:07:47.595+0000] {logging_mixin.py:120} INFO - [2023-02-12T04:07:47.594+0000] {dag.py:2585} INFO - Sync 1 DAGs
[2023-02-12T04:07:47.633+0000] {logging_mixin.py:120} INFO - [2023-02-12T04:07:47.633+0000] {dag.py:3340} INFO - Setting next_dagrun for example_sla_dag to 2023-02-12T04:04:00+00:00, run_after=2023-02-12T04:06:00+00:00
[2023-02-12T04:07:47.660+0000] {processor.py:176} INFO - Processing /home/airflow/.local/lib/python3.7/site-packages/airflow/example_dags/example_sla_dag.py took 0.158 seconds
[2023-02-12T04:08:17.991+0000] {processor.py:154} INFO - Started process (PID=321) to work on /home/airflow/.local/lib/python3.7/site-packages/airflow/example_dags/example_sla_dag.py
[2023-02-12T04:08:17.993+0000] {processor.py:756} INFO - Processing file /home/airflow/.local/lib/python3.7/site-packages/airflow/example_dags/example_sla_dag.py for tasks to queue
[2023-02-12T04:08:17.996+0000] {logging_mixin.py:120} INFO - [2023-02-12T04:08:17.995+0000] {dagbag.py:537} INFO - Filling up the DagBag from /home/airflow/.local/lib/python3.7/site-packages/airflow/example_dags/example_sla_dag.py
[2023-02-12T04:08:18.025+0000] {processor.py:766} INFO - DAG(s) dict_keys(['example_sla_dag']) retrieved from /home/airflow/.local/lib/python3.7/site-packages/airflow/example_dags/example_sla_dag.py
[2023-02-12T04:08:18.078+0000] {logging_mixin.py:120} INFO - [2023-02-12T04:08:18.078+0000] {dag.py:2585} INFO - Sync 1 DAGs
[2023-02-12T04:08:18.116+0000] {logging_mixin.py:120} INFO - [2023-02-12T04:08:18.115+0000] {dag.py:3340} INFO - Setting next_dagrun for example_sla_dag to 2023-02-12T04:06:00+00:00, run_after=2023-02-12T04:08:00+00:00
[2023-02-12T04:08:18.157+0000] {processor.py:176} INFO - Processing /home/airflow/.local/lib/python3.7/site-packages/airflow/example_dags/example_sla_dag.py took 0.171 seconds
[2023-02-12T04:08:48.574+0000] {processor.py:154} INFO - Started process (PID=386) to work on /home/airflow/.local/lib/python3.7/site-packages/airflow/example_dags/example_sla_dag.py
[2023-02-12T04:08:48.579+0000] {processor.py:756} INFO - Processing file /home/airflow/.local/lib/python3.7/site-packages/airflow/example_dags/example_sla_dag.py for tasks to queue
[2023-02-12T04:08:48.584+0000] {logging_mixin.py:120} INFO - [2023-02-12T04:08:48.582+0000] {dagbag.py:537} INFO - Filling up the DagBag from /home/airflow/.local/lib/python3.7/site-packages/airflow/example_dags/example_sla_dag.py
[2023-02-12T04:08:48.646+0000] {processor.py:766} INFO - DAG(s) dict_keys(['example_sla_dag']) retrieved from /home/airflow/.local/lib/python3.7/site-packages/airflow/example_dags/example_sla_dag.py
[2023-02-12T04:08:48.710+0000] {logging_mixin.py:120} INFO - [2023-02-12T04:08:48.710+0000] {dag.py:2585} INFO - Sync 1 DAGs
[2023-02-12T04:08:48.749+0000] {logging_mixin.py:120} INFO - [2023-02-12T04:08:48.749+0000] {dag.py:3340} INFO - Setting next_dagrun for example_sla_dag to 2023-02-12T04:06:00+00:00, run_after=2023-02-12T04:08:00+00:00
[2023-02-12T04:08:48.775+0000] {processor.py:176} INFO - Processing /home/airflow/.local/lib/python3.7/site-packages/airflow/example_dags/example_sla_dag.py took 0.210 seconds
