[2023-02-12T04:06:13.280+0000] {processor.py:154} INFO - Started process (PID=70) to work on /home/airflow/.local/lib/python3.7/site-packages/airflow/example_dags/example_branch_python_dop_operator_3.py
[2023-02-12T04:06:13.290+0000] {processor.py:756} INFO - Processing file /home/airflow/.local/lib/python3.7/site-packages/airflow/example_dags/example_branch_python_dop_operator_3.py for tasks to queue
[2023-02-12T04:06:13.294+0000] {logging_mixin.py:120} INFO - [2023-02-12T04:06:13.294+0000] {dagbag.py:537} INFO - Filling up the DagBag from /home/airflow/.local/lib/python3.7/site-packages/airflow/example_dags/example_branch_python_dop_operator_3.py
[2023-02-12T04:06:13.423+0000] {processor.py:766} INFO - DAG(s) dict_keys(['example_branch_dop_operator_v3']) retrieved from /home/airflow/.local/lib/python3.7/site-packages/airflow/example_dags/example_branch_python_dop_operator_3.py
[2023-02-12T04:06:13.712+0000] {logging_mixin.py:120} INFO - [2023-02-12T04:06:13.712+0000] {manager.py:507} INFO - Created Permission View: can delete on DAG:example_branch_dop_operator_v3
[2023-02-12T04:06:13.738+0000] {logging_mixin.py:120} INFO - [2023-02-12T04:06:13.737+0000] {manager.py:507} INFO - Created Permission View: can read on DAG:example_branch_dop_operator_v3
[2023-02-12T04:06:13.781+0000] {logging_mixin.py:120} INFO - [2023-02-12T04:06:13.781+0000] {manager.py:507} INFO - Created Permission View: can edit on DAG:example_branch_dop_operator_v3
[2023-02-12T04:06:13.784+0000] {logging_mixin.py:120} INFO - [2023-02-12T04:06:13.783+0000] {dag.py:2585} INFO - Sync 1 DAGs
[2023-02-12T04:06:13.835+0000] {logging_mixin.py:120} INFO - [2023-02-12T04:06:13.834+0000] {dag.py:2606} INFO - Creating ORM DAG for example_branch_dop_operator_v3
[2023-02-12T04:06:13.877+0000] {logging_mixin.py:120} INFO - [2023-02-12T04:06:13.877+0000] {dag.py:3340} INFO - Setting next_dagrun for example_branch_dop_operator_v3 to 2023-02-12T04:05:00+00:00, run_after=2023-02-12T04:06:00+00:00
[2023-02-12T04:06:13.924+0000] {processor.py:176} INFO - Processing /home/airflow/.local/lib/python3.7/site-packages/airflow/example_dags/example_branch_python_dop_operator_3.py took 0.667 seconds
[2023-02-12T04:06:44.061+0000] {processor.py:154} INFO - Started process (PID=126) to work on /home/airflow/.local/lib/python3.7/site-packages/airflow/example_dags/example_branch_python_dop_operator_3.py
[2023-02-12T04:06:44.063+0000] {processor.py:756} INFO - Processing file /home/airflow/.local/lib/python3.7/site-packages/airflow/example_dags/example_branch_python_dop_operator_3.py for tasks to queue
[2023-02-12T04:06:44.065+0000] {logging_mixin.py:120} INFO - [2023-02-12T04:06:44.065+0000] {dagbag.py:537} INFO - Filling up the DagBag from /home/airflow/.local/lib/python3.7/site-packages/airflow/example_dags/example_branch_python_dop_operator_3.py
[2023-02-12T04:06:44.100+0000] {processor.py:766} INFO - DAG(s) dict_keys(['example_branch_dop_operator_v3']) retrieved from /home/airflow/.local/lib/python3.7/site-packages/airflow/example_dags/example_branch_python_dop_operator_3.py
[2023-02-12T04:06:44.154+0000] {logging_mixin.py:120} INFO - [2023-02-12T04:06:44.154+0000] {dag.py:2585} INFO - Sync 1 DAGs
[2023-02-12T04:06:44.216+0000] {logging_mixin.py:120} INFO - [2023-02-12T04:06:44.216+0000] {dag.py:3340} INFO - Setting next_dagrun for example_branch_dop_operator_v3 to 2023-02-12T04:05:00+00:00, run_after=2023-02-12T04:06:00+00:00
[2023-02-12T04:06:44.241+0000] {processor.py:176} INFO - Processing /home/airflow/.local/lib/python3.7/site-packages/airflow/example_dags/example_branch_python_dop_operator_3.py took 0.185 seconds
[2023-02-12T04:07:14.612+0000] {processor.py:154} INFO - Started process (PID=196) to work on /home/airflow/.local/lib/python3.7/site-packages/airflow/example_dags/example_branch_python_dop_operator_3.py
[2023-02-12T04:07:14.615+0000] {processor.py:756} INFO - Processing file /home/airflow/.local/lib/python3.7/site-packages/airflow/example_dags/example_branch_python_dop_operator_3.py for tasks to queue
[2023-02-12T04:07:14.620+0000] {logging_mixin.py:120} INFO - [2023-02-12T04:07:14.619+0000] {dagbag.py:537} INFO - Filling up the DagBag from /home/airflow/.local/lib/python3.7/site-packages/airflow/example_dags/example_branch_python_dop_operator_3.py
[2023-02-12T04:07:14.660+0000] {processor.py:766} INFO - DAG(s) dict_keys(['example_branch_dop_operator_v3']) retrieved from /home/airflow/.local/lib/python3.7/site-packages/airflow/example_dags/example_branch_python_dop_operator_3.py
[2023-02-12T04:07:14.722+0000] {logging_mixin.py:120} INFO - [2023-02-12T04:07:14.722+0000] {dag.py:2585} INFO - Sync 1 DAGs
[2023-02-12T04:07:14.767+0000] {logging_mixin.py:120} INFO - [2023-02-12T04:07:14.767+0000] {dag.py:3340} INFO - Setting next_dagrun for example_branch_dop_operator_v3 to 2023-02-12T04:06:00+00:00, run_after=2023-02-12T04:07:00+00:00
[2023-02-12T04:07:14.794+0000] {processor.py:176} INFO - Processing /home/airflow/.local/lib/python3.7/site-packages/airflow/example_dags/example_branch_python_dop_operator_3.py took 0.187 seconds
[2023-02-12T04:07:45.255+0000] {processor.py:154} INFO - Started process (PID=261) to work on /home/airflow/.local/lib/python3.7/site-packages/airflow/example_dags/example_branch_python_dop_operator_3.py
[2023-02-12T04:07:45.257+0000] {processor.py:756} INFO - Processing file /home/airflow/.local/lib/python3.7/site-packages/airflow/example_dags/example_branch_python_dop_operator_3.py for tasks to queue
[2023-02-12T04:07:45.260+0000] {logging_mixin.py:120} INFO - [2023-02-12T04:07:45.260+0000] {dagbag.py:537} INFO - Filling up the DagBag from /home/airflow/.local/lib/python3.7/site-packages/airflow/example_dags/example_branch_python_dop_operator_3.py
[2023-02-12T04:07:45.295+0000] {processor.py:766} INFO - DAG(s) dict_keys(['example_branch_dop_operator_v3']) retrieved from /home/airflow/.local/lib/python3.7/site-packages/airflow/example_dags/example_branch_python_dop_operator_3.py
[2023-02-12T04:07:45.350+0000] {logging_mixin.py:120} INFO - [2023-02-12T04:07:45.350+0000] {dag.py:2585} INFO - Sync 1 DAGs
[2023-02-12T04:07:45.391+0000] {logging_mixin.py:120} INFO - [2023-02-12T04:07:45.391+0000] {dag.py:3340} INFO - Setting next_dagrun for example_branch_dop_operator_v3 to 2023-02-12T04:06:00+00:00, run_after=2023-02-12T04:07:00+00:00
[2023-02-12T04:07:45.415+0000] {processor.py:176} INFO - Processing /home/airflow/.local/lib/python3.7/site-packages/airflow/example_dags/example_branch_python_dop_operator_3.py took 0.164 seconds
[2023-02-12T04:08:15.754+0000] {processor.py:154} INFO - Started process (PID=317) to work on /home/airflow/.local/lib/python3.7/site-packages/airflow/example_dags/example_branch_python_dop_operator_3.py
[2023-02-12T04:08:15.761+0000] {processor.py:756} INFO - Processing file /home/airflow/.local/lib/python3.7/site-packages/airflow/example_dags/example_branch_python_dop_operator_3.py for tasks to queue
[2023-02-12T04:08:15.763+0000] {logging_mixin.py:120} INFO - [2023-02-12T04:08:15.763+0000] {dagbag.py:537} INFO - Filling up the DagBag from /home/airflow/.local/lib/python3.7/site-packages/airflow/example_dags/example_branch_python_dop_operator_3.py
[2023-02-12T04:08:15.797+0000] {processor.py:766} INFO - DAG(s) dict_keys(['example_branch_dop_operator_v3']) retrieved from /home/airflow/.local/lib/python3.7/site-packages/airflow/example_dags/example_branch_python_dop_operator_3.py
[2023-02-12T04:08:15.847+0000] {logging_mixin.py:120} INFO - [2023-02-12T04:08:15.847+0000] {dag.py:2585} INFO - Sync 1 DAGs
[2023-02-12T04:08:15.886+0000] {logging_mixin.py:120} INFO - [2023-02-12T04:08:15.885+0000] {dag.py:3340} INFO - Setting next_dagrun for example_branch_dop_operator_v3 to 2023-02-12T04:07:00+00:00, run_after=2023-02-12T04:08:00+00:00
[2023-02-12T04:08:15.916+0000] {processor.py:176} INFO - Processing /home/airflow/.local/lib/python3.7/site-packages/airflow/example_dags/example_branch_python_dop_operator_3.py took 0.166 seconds
[2023-02-12T04:08:46.324+0000] {processor.py:154} INFO - Started process (PID=382) to work on /home/airflow/.local/lib/python3.7/site-packages/airflow/example_dags/example_branch_python_dop_operator_3.py
[2023-02-12T04:08:46.328+0000] {processor.py:756} INFO - Processing file /home/airflow/.local/lib/python3.7/site-packages/airflow/example_dags/example_branch_python_dop_operator_3.py for tasks to queue
[2023-02-12T04:08:46.335+0000] {logging_mixin.py:120} INFO - [2023-02-12T04:08:46.335+0000] {dagbag.py:537} INFO - Filling up the DagBag from /home/airflow/.local/lib/python3.7/site-packages/airflow/example_dags/example_branch_python_dop_operator_3.py
[2023-02-12T04:08:46.370+0000] {processor.py:766} INFO - DAG(s) dict_keys(['example_branch_dop_operator_v3']) retrieved from /home/airflow/.local/lib/python3.7/site-packages/airflow/example_dags/example_branch_python_dop_operator_3.py
[2023-02-12T04:08:46.421+0000] {logging_mixin.py:120} INFO - [2023-02-12T04:08:46.421+0000] {dag.py:2585} INFO - Sync 1 DAGs
[2023-02-12T04:08:46.460+0000] {logging_mixin.py:120} INFO - [2023-02-12T04:08:46.459+0000] {dag.py:3340} INFO - Setting next_dagrun for example_branch_dop_operator_v3 to 2023-02-12T04:07:00+00:00, run_after=2023-02-12T04:08:00+00:00
[2023-02-12T04:08:46.484+0000] {processor.py:176} INFO - Processing /home/airflow/.local/lib/python3.7/site-packages/airflow/example_dags/example_branch_python_dop_operator_3.py took 0.166 seconds
