[2023-02-12T04:06:10.367+0000] {processor.py:154} INFO - Started process (PID=68) to work on /home/airflow/.local/lib/python3.7/site-packages/airflow/example_dags/example_branch_day_of_week_operator.py
[2023-02-12T04:06:10.394+0000] {processor.py:756} INFO - Processing file /home/airflow/.local/lib/python3.7/site-packages/airflow/example_dags/example_branch_day_of_week_operator.py for tasks to queue
[2023-02-12T04:06:10.408+0000] {logging_mixin.py:120} INFO - [2023-02-12T04:06:10.408+0000] {dagbag.py:537} INFO - Filling up the DagBag from /home/airflow/.local/lib/python3.7/site-packages/airflow/example_dags/example_branch_day_of_week_operator.py
[2023-02-12T04:06:10.617+0000] {processor.py:766} INFO - DAG(s) dict_keys(['example_weekday_branch_operator']) retrieved from /home/airflow/.local/lib/python3.7/site-packages/airflow/example_dags/example_branch_day_of_week_operator.py
[2023-02-12T04:06:12.004+0000] {logging_mixin.py:120} INFO - [2023-02-12T04:06:12.004+0000] {manager.py:507} INFO - Created Permission View: can delete on DAG:example_weekday_branch_operator
[2023-02-12T04:06:12.153+0000] {logging_mixin.py:120} INFO - [2023-02-12T04:06:12.152+0000] {manager.py:507} INFO - Created Permission View: can read on DAG:example_weekday_branch_operator
[2023-02-12T04:06:12.428+0000] {logging_mixin.py:120} INFO - [2023-02-12T04:06:12.427+0000] {manager.py:507} INFO - Created Permission View: can edit on DAG:example_weekday_branch_operator
[2023-02-12T04:06:12.471+0000] {logging_mixin.py:120} INFO - [2023-02-12T04:06:12.454+0000] {dag.py:2585} INFO - Sync 1 DAGs
[2023-02-12T04:06:12.730+0000] {logging_mixin.py:120} INFO - [2023-02-12T04:06:12.730+0000] {dag.py:2606} INFO - Creating ORM DAG for example_weekday_branch_operator
[2023-02-12T04:06:13.018+0000] {logging_mixin.py:120} INFO - [2023-02-12T04:06:13.017+0000] {dag.py:3340} INFO - Setting next_dagrun for example_weekday_branch_operator to 2023-02-11T00:00:00+00:00, run_after=2023-02-12T00:00:00+00:00
[2023-02-12T04:06:13.135+0000] {processor.py:176} INFO - Processing /home/airflow/.local/lib/python3.7/site-packages/airflow/example_dags/example_branch_day_of_week_operator.py took 2.780 seconds
[2023-02-12T04:06:43.675+0000] {processor.py:154} INFO - Started process (PID=124) to work on /home/airflow/.local/lib/python3.7/site-packages/airflow/example_dags/example_branch_day_of_week_operator.py
[2023-02-12T04:06:43.678+0000] {processor.py:756} INFO - Processing file /home/airflow/.local/lib/python3.7/site-packages/airflow/example_dags/example_branch_day_of_week_operator.py for tasks to queue
[2023-02-12T04:06:43.680+0000] {logging_mixin.py:120} INFO - [2023-02-12T04:06:43.680+0000] {dagbag.py:537} INFO - Filling up the DagBag from /home/airflow/.local/lib/python3.7/site-packages/airflow/example_dags/example_branch_day_of_week_operator.py
[2023-02-12T04:06:43.704+0000] {processor.py:766} INFO - DAG(s) dict_keys(['example_weekday_branch_operator']) retrieved from /home/airflow/.local/lib/python3.7/site-packages/airflow/example_dags/example_branch_day_of_week_operator.py
[2023-02-12T04:06:43.763+0000] {logging_mixin.py:120} INFO - [2023-02-12T04:06:43.763+0000] {dag.py:2585} INFO - Sync 1 DAGs
[2023-02-12T04:06:43.801+0000] {logging_mixin.py:120} INFO - [2023-02-12T04:06:43.801+0000] {dag.py:3340} INFO - Setting next_dagrun for example_weekday_branch_operator to 2023-02-11T00:00:00+00:00, run_after=2023-02-12T00:00:00+00:00
[2023-02-12T04:06:43.825+0000] {processor.py:176} INFO - Processing /home/airflow/.local/lib/python3.7/site-packages/airflow/example_dags/example_branch_day_of_week_operator.py took 0.155 seconds
[2023-02-12T04:07:14.295+0000] {processor.py:154} INFO - Started process (PID=194) to work on /home/airflow/.local/lib/python3.7/site-packages/airflow/example_dags/example_branch_day_of_week_operator.py
[2023-02-12T04:07:14.299+0000] {processor.py:756} INFO - Processing file /home/airflow/.local/lib/python3.7/site-packages/airflow/example_dags/example_branch_day_of_week_operator.py for tasks to queue
[2023-02-12T04:07:14.303+0000] {logging_mixin.py:120} INFO - [2023-02-12T04:07:14.303+0000] {dagbag.py:537} INFO - Filling up the DagBag from /home/airflow/.local/lib/python3.7/site-packages/airflow/example_dags/example_branch_day_of_week_operator.py
[2023-02-12T04:07:14.365+0000] {processor.py:766} INFO - DAG(s) dict_keys(['example_weekday_branch_operator']) retrieved from /home/airflow/.local/lib/python3.7/site-packages/airflow/example_dags/example_branch_day_of_week_operator.py
[2023-02-12T04:07:14.463+0000] {logging_mixin.py:120} INFO - [2023-02-12T04:07:14.463+0000] {dag.py:2585} INFO - Sync 1 DAGs
[2023-02-12T04:07:14.517+0000] {logging_mixin.py:120} INFO - [2023-02-12T04:07:14.517+0000] {dag.py:3340} INFO - Setting next_dagrun for example_weekday_branch_operator to 2023-02-11T00:00:00+00:00, run_after=2023-02-12T00:00:00+00:00
[2023-02-12T04:07:14.556+0000] {processor.py:176} INFO - Processing /home/airflow/.local/lib/python3.7/site-packages/airflow/example_dags/example_branch_day_of_week_operator.py took 0.269 seconds
[2023-02-12T04:07:45.021+0000] {processor.py:154} INFO - Started process (PID=259) to work on /home/airflow/.local/lib/python3.7/site-packages/airflow/example_dags/example_branch_day_of_week_operator.py
[2023-02-12T04:07:45.025+0000] {processor.py:756} INFO - Processing file /home/airflow/.local/lib/python3.7/site-packages/airflow/example_dags/example_branch_day_of_week_operator.py for tasks to queue
[2023-02-12T04:07:45.028+0000] {logging_mixin.py:120} INFO - [2023-02-12T04:07:45.028+0000] {dagbag.py:537} INFO - Filling up the DagBag from /home/airflow/.local/lib/python3.7/site-packages/airflow/example_dags/example_branch_day_of_week_operator.py
[2023-02-12T04:07:45.066+0000] {processor.py:766} INFO - DAG(s) dict_keys(['example_weekday_branch_operator']) retrieved from /home/airflow/.local/lib/python3.7/site-packages/airflow/example_dags/example_branch_day_of_week_operator.py
[2023-02-12T04:07:45.130+0000] {logging_mixin.py:120} INFO - [2023-02-12T04:07:45.129+0000] {dag.py:2585} INFO - Sync 1 DAGs
[2023-02-12T04:07:45.169+0000] {logging_mixin.py:120} INFO - [2023-02-12T04:07:45.169+0000] {dag.py:3340} INFO - Setting next_dagrun for example_weekday_branch_operator to 2023-02-11T00:00:00+00:00, run_after=2023-02-12T00:00:00+00:00
[2023-02-12T04:07:45.225+0000] {processor.py:176} INFO - Processing /home/airflow/.local/lib/python3.7/site-packages/airflow/example_dags/example_branch_day_of_week_operator.py took 0.212 seconds
[2023-02-12T04:08:15.566+0000] {processor.py:154} INFO - Started process (PID=315) to work on /home/airflow/.local/lib/python3.7/site-packages/airflow/example_dags/example_branch_day_of_week_operator.py
[2023-02-12T04:08:15.569+0000] {processor.py:756} INFO - Processing file /home/airflow/.local/lib/python3.7/site-packages/airflow/example_dags/example_branch_day_of_week_operator.py for tasks to queue
[2023-02-12T04:08:15.571+0000] {logging_mixin.py:120} INFO - [2023-02-12T04:08:15.571+0000] {dagbag.py:537} INFO - Filling up the DagBag from /home/airflow/.local/lib/python3.7/site-packages/airflow/example_dags/example_branch_day_of_week_operator.py
[2023-02-12T04:08:15.594+0000] {processor.py:766} INFO - DAG(s) dict_keys(['example_weekday_branch_operator']) retrieved from /home/airflow/.local/lib/python3.7/site-packages/airflow/example_dags/example_branch_day_of_week_operator.py
[2023-02-12T04:08:15.649+0000] {logging_mixin.py:120} INFO - [2023-02-12T04:08:15.649+0000] {dag.py:2585} INFO - Sync 1 DAGs
[2023-02-12T04:08:15.684+0000] {logging_mixin.py:120} INFO - [2023-02-12T04:08:15.684+0000] {dag.py:3340} INFO - Setting next_dagrun for example_weekday_branch_operator to 2023-02-11T00:00:00+00:00, run_after=2023-02-12T00:00:00+00:00
[2023-02-12T04:08:15.711+0000] {processor.py:176} INFO - Processing /home/airflow/.local/lib/python3.7/site-packages/airflow/example_dags/example_branch_day_of_week_operator.py took 0.152 seconds
[2023-02-12T04:08:46.083+0000] {processor.py:154} INFO - Started process (PID=380) to work on /home/airflow/.local/lib/python3.7/site-packages/airflow/example_dags/example_branch_day_of_week_operator.py
[2023-02-12T04:08:46.087+0000] {processor.py:756} INFO - Processing file /home/airflow/.local/lib/python3.7/site-packages/airflow/example_dags/example_branch_day_of_week_operator.py for tasks to queue
[2023-02-12T04:08:46.090+0000] {logging_mixin.py:120} INFO - [2023-02-12T04:08:46.090+0000] {dagbag.py:537} INFO - Filling up the DagBag from /home/airflow/.local/lib/python3.7/site-packages/airflow/example_dags/example_branch_day_of_week_operator.py
[2023-02-12T04:08:46.117+0000] {processor.py:766} INFO - DAG(s) dict_keys(['example_weekday_branch_operator']) retrieved from /home/airflow/.local/lib/python3.7/site-packages/airflow/example_dags/example_branch_day_of_week_operator.py
[2023-02-12T04:08:46.182+0000] {logging_mixin.py:120} INFO - [2023-02-12T04:08:46.181+0000] {dag.py:2585} INFO - Sync 1 DAGs
[2023-02-12T04:08:46.225+0000] {logging_mixin.py:120} INFO - [2023-02-12T04:08:46.225+0000] {dag.py:3340} INFO - Setting next_dagrun for example_weekday_branch_operator to 2023-02-11T00:00:00+00:00, run_after=2023-02-12T00:00:00+00:00
[2023-02-12T04:08:46.256+0000] {processor.py:176} INFO - Processing /home/airflow/.local/lib/python3.7/site-packages/airflow/example_dags/example_branch_day_of_week_operator.py took 0.179 seconds
[2023-02-12T04:09:16.371+0000] {processor.py:154} INFO - Started process (PID=435) to work on /home/airflow/.local/lib/python3.7/site-packages/airflow/example_dags/example_branch_day_of_week_operator.py
[2023-02-12T04:09:16.374+0000] {processor.py:756} INFO - Processing file /home/airflow/.local/lib/python3.7/site-packages/airflow/example_dags/example_branch_day_of_week_operator.py for tasks to queue
[2023-02-12T04:09:16.376+0000] {logging_mixin.py:120} INFO - [2023-02-12T04:09:16.376+0000] {dagbag.py:537} INFO - Filling up the DagBag from /home/airflow/.local/lib/python3.7/site-packages/airflow/example_dags/example_branch_day_of_week_operator.py
[2023-02-12T04:09:16.401+0000] {processor.py:766} INFO - DAG(s) dict_keys(['example_weekday_branch_operator']) retrieved from /home/airflow/.local/lib/python3.7/site-packages/airflow/example_dags/example_branch_day_of_week_operator.py
[2023-02-12T04:09:16.458+0000] {logging_mixin.py:120} INFO - [2023-02-12T04:09:16.458+0000] {dag.py:2585} INFO - Sync 1 DAGs
[2023-02-12T04:09:16.499+0000] {logging_mixin.py:120} INFO - [2023-02-12T04:09:16.499+0000] {dag.py:3340} INFO - Setting next_dagrun for example_weekday_branch_operator to 2023-02-11T00:00:00+00:00, run_after=2023-02-12T00:00:00+00:00
[2023-02-12T04:09:16.530+0000] {processor.py:176} INFO - Processing /home/airflow/.local/lib/python3.7/site-packages/airflow/example_dags/example_branch_day_of_week_operator.py took 0.165 seconds
