[2023-02-12T04:05:52.694+0000] {processor.py:154} INFO - Started process (PID=48) to work on /home/airflow/.local/lib/python3.7/site-packages/airflow/example_dags/example_short_circuit_decorator.py
[2023-02-12T04:05:52.697+0000] {processor.py:756} INFO - Processing file /home/airflow/.local/lib/python3.7/site-packages/airflow/example_dags/example_short_circuit_decorator.py for tasks to queue
[2023-02-12T04:05:52.700+0000] {logging_mixin.py:120} INFO - [2023-02-12T04:05:52.700+0000] {dagbag.py:537} INFO - Filling up the DagBag from /home/airflow/.local/lib/python3.7/site-packages/airflow/example_dags/example_short_circuit_decorator.py
[2023-02-12T04:05:52.751+0000] {processor.py:766} INFO - DAG(s) dict_keys(['example_short_circuit_decorator']) retrieved from /home/airflow/.local/lib/python3.7/site-packages/airflow/example_dags/example_short_circuit_decorator.py
[2023-02-12T04:05:53.024+0000] {logging_mixin.py:120} INFO - [2023-02-12T04:05:53.023+0000] {manager.py:507} INFO - Created Permission View: can delete on DAG:example_short_circuit_decorator
[2023-02-12T04:05:53.051+0000] {logging_mixin.py:120} INFO - [2023-02-12T04:05:53.051+0000] {manager.py:507} INFO - Created Permission View: can read on DAG:example_short_circuit_decorator
[2023-02-12T04:05:53.072+0000] {logging_mixin.py:120} INFO - [2023-02-12T04:05:53.072+0000] {manager.py:507} INFO - Created Permission View: can edit on DAG:example_short_circuit_decorator
[2023-02-12T04:05:53.073+0000] {logging_mixin.py:120} INFO - [2023-02-12T04:05:53.073+0000] {dag.py:2585} INFO - Sync 1 DAGs
[2023-02-12T04:05:53.099+0000] {logging_mixin.py:120} INFO - [2023-02-12T04:05:53.098+0000] {dag.py:2606} INFO - Creating ORM DAG for example_short_circuit_decorator
[2023-02-12T04:05:53.125+0000] {logging_mixin.py:120} INFO - [2023-02-12T04:05:53.125+0000] {dag.py:3340} INFO - Setting next_dagrun for example_short_circuit_decorator to 2023-02-11T04:05:53.124749+00:00, run_after=2023-02-12T04:05:53.124749+00:00
[2023-02-12T04:05:53.158+0000] {processor.py:176} INFO - Processing /home/airflow/.local/lib/python3.7/site-packages/airflow/example_dags/example_short_circuit_decorator.py took 0.470 seconds
[2023-02-12T04:06:23.328+0000] {processor.py:154} INFO - Started process (PID=102) to work on /home/airflow/.local/lib/python3.7/site-packages/airflow/example_dags/example_short_circuit_decorator.py
[2023-02-12T04:06:23.332+0000] {processor.py:756} INFO - Processing file /home/airflow/.local/lib/python3.7/site-packages/airflow/example_dags/example_short_circuit_decorator.py for tasks to queue
[2023-02-12T04:06:23.355+0000] {logging_mixin.py:120} INFO - [2023-02-12T04:06:23.355+0000] {dagbag.py:537} INFO - Filling up the DagBag from /home/airflow/.local/lib/python3.7/site-packages/airflow/example_dags/example_short_circuit_decorator.py
[2023-02-12T04:06:23.465+0000] {processor.py:766} INFO - DAG(s) dict_keys(['example_short_circuit_decorator']) retrieved from /home/airflow/.local/lib/python3.7/site-packages/airflow/example_dags/example_short_circuit_decorator.py
[2023-02-12T04:06:23.577+0000] {logging_mixin.py:120} INFO - [2023-02-12T04:06:23.577+0000] {dag.py:2585} INFO - Sync 1 DAGs
[2023-02-12T04:06:23.729+0000] {logging_mixin.py:120} INFO - [2023-02-12T04:06:23.729+0000] {dag.py:3340} INFO - Setting next_dagrun for example_short_circuit_decorator to 2023-02-11T04:06:23.721540+00:00, run_after=2023-02-12T04:06:23.721540+00:00
[2023-02-12T04:06:23.979+0000] {processor.py:176} INFO - Processing /home/airflow/.local/lib/python3.7/site-packages/airflow/example_dags/example_short_circuit_decorator.py took 0.678 seconds
[2023-02-12T04:06:54.486+0000] {processor.py:154} INFO - Started process (PID=158) to work on /home/airflow/.local/lib/python3.7/site-packages/airflow/example_dags/example_short_circuit_decorator.py
[2023-02-12T04:06:54.490+0000] {processor.py:756} INFO - Processing file /home/airflow/.local/lib/python3.7/site-packages/airflow/example_dags/example_short_circuit_decorator.py for tasks to queue
[2023-02-12T04:06:54.497+0000] {logging_mixin.py:120} INFO - [2023-02-12T04:06:54.497+0000] {dagbag.py:537} INFO - Filling up the DagBag from /home/airflow/.local/lib/python3.7/site-packages/airflow/example_dags/example_short_circuit_decorator.py
[2023-02-12T04:06:54.636+0000] {processor.py:766} INFO - DAG(s) dict_keys(['example_short_circuit_decorator']) retrieved from /home/airflow/.local/lib/python3.7/site-packages/airflow/example_dags/example_short_circuit_decorator.py
[2023-02-12T04:06:54.897+0000] {logging_mixin.py:120} INFO - [2023-02-12T04:06:54.895+0000] {dag.py:2585} INFO - Sync 1 DAGs
[2023-02-12T04:06:54.989+0000] {logging_mixin.py:120} INFO - [2023-02-12T04:06:54.989+0000] {dag.py:3340} INFO - Setting next_dagrun for example_short_circuit_decorator to 2023-02-11T04:06:54.988768+00:00, run_after=2023-02-12T04:06:54.988768+00:00
[2023-02-12T04:06:55.035+0000] {processor.py:176} INFO - Processing /home/airflow/.local/lib/python3.7/site-packages/airflow/example_dags/example_short_circuit_decorator.py took 0.556 seconds
[2023-02-12T04:07:25.539+0000] {processor.py:154} INFO - Started process (PID=227) to work on /home/airflow/.local/lib/python3.7/site-packages/airflow/example_dags/example_short_circuit_decorator.py
[2023-02-12T04:07:25.542+0000] {processor.py:756} INFO - Processing file /home/airflow/.local/lib/python3.7/site-packages/airflow/example_dags/example_short_circuit_decorator.py for tasks to queue
[2023-02-12T04:07:25.544+0000] {logging_mixin.py:120} INFO - [2023-02-12T04:07:25.544+0000] {dagbag.py:537} INFO - Filling up the DagBag from /home/airflow/.local/lib/python3.7/site-packages/airflow/example_dags/example_short_circuit_decorator.py
[2023-02-12T04:07:25.585+0000] {processor.py:766} INFO - DAG(s) dict_keys(['example_short_circuit_decorator']) retrieved from /home/airflow/.local/lib/python3.7/site-packages/airflow/example_dags/example_short_circuit_decorator.py
[2023-02-12T04:07:25.652+0000] {logging_mixin.py:120} INFO - [2023-02-12T04:07:25.652+0000] {dag.py:2585} INFO - Sync 1 DAGs
[2023-02-12T04:07:25.693+0000] {logging_mixin.py:120} INFO - [2023-02-12T04:07:25.693+0000] {dag.py:3340} INFO - Setting next_dagrun for example_short_circuit_decorator to 2023-02-11T04:07:25.693263+00:00, run_after=2023-02-12T04:07:25.693263+00:00
[2023-02-12T04:07:25.729+0000] {processor.py:176} INFO - Processing /home/airflow/.local/lib/python3.7/site-packages/airflow/example_dags/example_short_circuit_decorator.py took 0.194 seconds
[2023-02-12T04:07:56.366+0000] {processor.py:154} INFO - Started process (PID=292) to work on /home/airflow/.local/lib/python3.7/site-packages/airflow/example_dags/example_short_circuit_decorator.py
[2023-02-12T04:07:56.371+0000] {processor.py:756} INFO - Processing file /home/airflow/.local/lib/python3.7/site-packages/airflow/example_dags/example_short_circuit_decorator.py for tasks to queue
[2023-02-12T04:07:56.374+0000] {logging_mixin.py:120} INFO - [2023-02-12T04:07:56.374+0000] {dagbag.py:537} INFO - Filling up the DagBag from /home/airflow/.local/lib/python3.7/site-packages/airflow/example_dags/example_short_circuit_decorator.py
[2023-02-12T04:07:56.437+0000] {processor.py:766} INFO - DAG(s) dict_keys(['example_short_circuit_decorator']) retrieved from /home/airflow/.local/lib/python3.7/site-packages/airflow/example_dags/example_short_circuit_decorator.py
[2023-02-12T04:07:56.536+0000] {logging_mixin.py:120} INFO - [2023-02-12T04:07:56.536+0000] {dag.py:2585} INFO - Sync 1 DAGs
[2023-02-12T04:07:56.587+0000] {logging_mixin.py:120} INFO - [2023-02-12T04:07:56.587+0000] {dag.py:3340} INFO - Setting next_dagrun for example_short_circuit_decorator to 2023-02-11T04:07:56.587185+00:00, run_after=2023-02-12T04:07:56.587185+00:00
[2023-02-12T04:07:56.611+0000] {processor.py:176} INFO - Processing /home/airflow/.local/lib/python3.7/site-packages/airflow/example_dags/example_short_circuit_decorator.py took 0.261 seconds
[2023-02-12T04:08:27.369+0000] {processor.py:154} INFO - Started process (PID=348) to work on /home/airflow/.local/lib/python3.7/site-packages/airflow/example_dags/example_short_circuit_decorator.py
[2023-02-12T04:08:27.377+0000] {processor.py:756} INFO - Processing file /home/airflow/.local/lib/python3.7/site-packages/airflow/example_dags/example_short_circuit_decorator.py for tasks to queue
[2023-02-12T04:08:27.384+0000] {logging_mixin.py:120} INFO - [2023-02-12T04:08:27.384+0000] {dagbag.py:537} INFO - Filling up the DagBag from /home/airflow/.local/lib/python3.7/site-packages/airflow/example_dags/example_short_circuit_decorator.py
[2023-02-12T04:08:27.456+0000] {processor.py:766} INFO - DAG(s) dict_keys(['example_short_circuit_decorator']) retrieved from /home/airflow/.local/lib/python3.7/site-packages/airflow/example_dags/example_short_circuit_decorator.py
[2023-02-12T04:08:27.573+0000] {logging_mixin.py:120} INFO - [2023-02-12T04:08:27.566+0000] {dag.py:2585} INFO - Sync 1 DAGs
[2023-02-12T04:08:27.648+0000] {logging_mixin.py:120} INFO - [2023-02-12T04:08:27.648+0000] {dag.py:3340} INFO - Setting next_dagrun for example_short_circuit_decorator to 2023-02-11T04:08:27.648127+00:00, run_after=2023-02-12T04:08:27.648127+00:00
[2023-02-12T04:08:27.682+0000] {processor.py:176} INFO - Processing /home/airflow/.local/lib/python3.7/site-packages/airflow/example_dags/example_short_circuit_decorator.py took 0.326 seconds
[2023-02-12T04:08:57.806+0000] {processor.py:154} INFO - Started process (PID=413) to work on /home/airflow/.local/lib/python3.7/site-packages/airflow/example_dags/example_short_circuit_decorator.py
[2023-02-12T04:08:57.810+0000] {processor.py:756} INFO - Processing file /home/airflow/.local/lib/python3.7/site-packages/airflow/example_dags/example_short_circuit_decorator.py for tasks to queue
[2023-02-12T04:08:57.814+0000] {logging_mixin.py:120} INFO - [2023-02-12T04:08:57.813+0000] {dagbag.py:537} INFO - Filling up the DagBag from /home/airflow/.local/lib/python3.7/site-packages/airflow/example_dags/example_short_circuit_decorator.py
[2023-02-12T04:08:57.866+0000] {processor.py:766} INFO - DAG(s) dict_keys(['example_short_circuit_decorator']) retrieved from /home/airflow/.local/lib/python3.7/site-packages/airflow/example_dags/example_short_circuit_decorator.py
[2023-02-12T04:08:57.935+0000] {logging_mixin.py:120} INFO - [2023-02-12T04:08:57.935+0000] {dag.py:2585} INFO - Sync 1 DAGs
[2023-02-12T04:08:57.979+0000] {logging_mixin.py:120} INFO - [2023-02-12T04:08:57.978+0000] {dag.py:3340} INFO - Setting next_dagrun for example_short_circuit_decorator to 2023-02-11T04:08:57.978434+00:00, run_after=2023-02-12T04:08:57.978434+00:00
[2023-02-12T04:08:58.016+0000] {processor.py:176} INFO - Processing /home/airflow/.local/lib/python3.7/site-packages/airflow/example_dags/example_short_circuit_decorator.py took 0.220 seconds
