[2023-02-12T04:05:55.087+0000] {processor.py:154} INFO - Started process (PID=53) to work on /home/airflow/.local/lib/python3.7/site-packages/airflow/example_dags/example_bash_operator.py
[2023-02-12T04:05:55.093+0000] {processor.py:756} INFO - Processing file /home/airflow/.local/lib/python3.7/site-packages/airflow/example_dags/example_bash_operator.py for tasks to queue
[2023-02-12T04:05:55.099+0000] {logging_mixin.py:120} INFO - [2023-02-12T04:05:55.099+0000] {dagbag.py:537} INFO - Filling up the DagBag from /home/airflow/.local/lib/python3.7/site-packages/airflow/example_dags/example_bash_operator.py
[2023-02-12T04:05:56.051+0000] {processor.py:766} INFO - DAG(s) dict_keys(['example_bash_operator']) retrieved from /home/airflow/.local/lib/python3.7/site-packages/airflow/example_dags/example_bash_operator.py
[2023-02-12T04:06:01.446+0000] {logging_mixin.py:120} INFO - [2023-02-12T04:06:01.445+0000] {manager.py:507} INFO - Created Permission View: can delete on DAG:example_bash_operator
[2023-02-12T04:06:01.517+0000] {logging_mixin.py:120} INFO - [2023-02-12T04:06:01.517+0000] {manager.py:507} INFO - Created Permission View: can read on DAG:example_bash_operator
[2023-02-12T04:06:01.581+0000] {logging_mixin.py:120} INFO - [2023-02-12T04:06:01.580+0000] {manager.py:507} INFO - Created Permission View: can edit on DAG:example_bash_operator
[2023-02-12T04:06:01.596+0000] {logging_mixin.py:120} INFO - [2023-02-12T04:06:01.595+0000] {dag.py:2585} INFO - Sync 1 DAGs
[2023-02-12T04:06:01.706+0000] {logging_mixin.py:120} INFO - [2023-02-12T04:06:01.706+0000] {dag.py:2606} INFO - Creating ORM DAG for example_bash_operator
[2023-02-12T04:06:01.877+0000] {logging_mixin.py:120} INFO - [2023-02-12T04:06:01.877+0000] {dag.py:3340} INFO - Setting next_dagrun for example_bash_operator to 2023-02-11T00:00:00+00:00, run_after=2023-02-12T00:00:00+00:00
[2023-02-12T04:06:01.964+0000] {processor.py:176} INFO - Processing /home/airflow/.local/lib/python3.7/site-packages/airflow/example_dags/example_bash_operator.py took 6.885 seconds
[2023-02-12T04:06:32.782+0000] {processor.py:154} INFO - Started process (PID=115) to work on /home/airflow/.local/lib/python3.7/site-packages/airflow/example_dags/example_bash_operator.py
[2023-02-12T04:06:32.785+0000] {processor.py:756} INFO - Processing file /home/airflow/.local/lib/python3.7/site-packages/airflow/example_dags/example_bash_operator.py for tasks to queue
[2023-02-12T04:06:32.789+0000] {logging_mixin.py:120} INFO - [2023-02-12T04:06:32.789+0000] {dagbag.py:537} INFO - Filling up the DagBag from /home/airflow/.local/lib/python3.7/site-packages/airflow/example_dags/example_bash_operator.py
[2023-02-12T04:06:32.865+0000] {processor.py:766} INFO - DAG(s) dict_keys(['example_bash_operator']) retrieved from /home/airflow/.local/lib/python3.7/site-packages/airflow/example_dags/example_bash_operator.py
[2023-02-12T04:06:33.001+0000] {logging_mixin.py:120} INFO - [2023-02-12T04:06:33.000+0000] {dag.py:2585} INFO - Sync 1 DAGs
[2023-02-12T04:06:33.087+0000] {logging_mixin.py:120} INFO - [2023-02-12T04:06:33.087+0000] {dag.py:3340} INFO - Setting next_dagrun for example_bash_operator to 2023-02-11T00:00:00+00:00, run_after=2023-02-12T00:00:00+00:00
[2023-02-12T04:06:33.114+0000] {processor.py:176} INFO - Processing /home/airflow/.local/lib/python3.7/site-packages/airflow/example_dags/example_bash_operator.py took 0.339 seconds
[2023-02-12T04:07:03.186+0000] {processor.py:154} INFO - Started process (PID=178) to work on /home/airflow/.local/lib/python3.7/site-packages/airflow/example_dags/example_bash_operator.py
[2023-02-12T04:07:03.191+0000] {processor.py:756} INFO - Processing file /home/airflow/.local/lib/python3.7/site-packages/airflow/example_dags/example_bash_operator.py for tasks to queue
[2023-02-12T04:07:03.194+0000] {logging_mixin.py:120} INFO - [2023-02-12T04:07:03.193+0000] {dagbag.py:537} INFO - Filling up the DagBag from /home/airflow/.local/lib/python3.7/site-packages/airflow/example_dags/example_bash_operator.py
[2023-02-12T04:07:03.253+0000] {processor.py:766} INFO - DAG(s) dict_keys(['example_bash_operator']) retrieved from /home/airflow/.local/lib/python3.7/site-packages/airflow/example_dags/example_bash_operator.py
[2023-02-12T04:07:03.361+0000] {logging_mixin.py:120} INFO - [2023-02-12T04:07:03.361+0000] {dag.py:2585} INFO - Sync 1 DAGs
[2023-02-12T04:07:03.413+0000] {logging_mixin.py:120} INFO - [2023-02-12T04:07:03.413+0000] {dag.py:3340} INFO - Setting next_dagrun for example_bash_operator to 2023-02-11T00:00:00+00:00, run_after=2023-02-12T00:00:00+00:00
[2023-02-12T04:07:03.456+0000] {processor.py:176} INFO - Processing /home/airflow/.local/lib/python3.7/site-packages/airflow/example_dags/example_bash_operator.py took 0.281 seconds
[2023-02-12T04:07:34.448+0000] {processor.py:154} INFO - Started process (PID=243) to work on /home/airflow/.local/lib/python3.7/site-packages/airflow/example_dags/example_bash_operator.py
[2023-02-12T04:07:34.451+0000] {processor.py:756} INFO - Processing file /home/airflow/.local/lib/python3.7/site-packages/airflow/example_dags/example_bash_operator.py for tasks to queue
[2023-02-12T04:07:34.453+0000] {logging_mixin.py:120} INFO - [2023-02-12T04:07:34.453+0000] {dagbag.py:537} INFO - Filling up the DagBag from /home/airflow/.local/lib/python3.7/site-packages/airflow/example_dags/example_bash_operator.py
[2023-02-12T04:07:34.482+0000] {processor.py:766} INFO - DAG(s) dict_keys(['example_bash_operator']) retrieved from /home/airflow/.local/lib/python3.7/site-packages/airflow/example_dags/example_bash_operator.py
[2023-02-12T04:07:34.545+0000] {logging_mixin.py:120} INFO - [2023-02-12T04:07:34.545+0000] {dag.py:2585} INFO - Sync 1 DAGs
[2023-02-12T04:07:34.586+0000] {logging_mixin.py:120} INFO - [2023-02-12T04:07:34.586+0000] {dag.py:3340} INFO - Setting next_dagrun for example_bash_operator to 2023-02-11T00:00:00+00:00, run_after=2023-02-12T00:00:00+00:00
[2023-02-12T04:07:34.614+0000] {processor.py:176} INFO - Processing /home/airflow/.local/lib/python3.7/site-packages/airflow/example_dags/example_bash_operator.py took 0.171 seconds
[2023-02-12T04:08:04.931+0000] {processor.py:154} INFO - Started process (PID=299) to work on /home/airflow/.local/lib/python3.7/site-packages/airflow/example_dags/example_bash_operator.py
[2023-02-12T04:08:04.934+0000] {processor.py:756} INFO - Processing file /home/airflow/.local/lib/python3.7/site-packages/airflow/example_dags/example_bash_operator.py for tasks to queue
[2023-02-12T04:08:04.937+0000] {logging_mixin.py:120} INFO - [2023-02-12T04:08:04.936+0000] {dagbag.py:537} INFO - Filling up the DagBag from /home/airflow/.local/lib/python3.7/site-packages/airflow/example_dags/example_bash_operator.py
[2023-02-12T04:08:04.977+0000] {processor.py:766} INFO - DAG(s) dict_keys(['example_bash_operator']) retrieved from /home/airflow/.local/lib/python3.7/site-packages/airflow/example_dags/example_bash_operator.py
[2023-02-12T04:08:05.056+0000] {logging_mixin.py:120} INFO - [2023-02-12T04:08:05.056+0000] {dag.py:2585} INFO - Sync 1 DAGs
[2023-02-12T04:08:05.094+0000] {logging_mixin.py:120} INFO - [2023-02-12T04:08:05.094+0000] {dag.py:3340} INFO - Setting next_dagrun for example_bash_operator to 2023-02-11T00:00:00+00:00, run_after=2023-02-12T00:00:00+00:00
[2023-02-12T04:08:05.122+0000] {processor.py:176} INFO - Processing /home/airflow/.local/lib/python3.7/site-packages/airflow/example_dags/example_bash_operator.py took 0.198 seconds
[2023-02-12T04:08:35.268+0000] {processor.py:154} INFO - Started process (PID=364) to work on /home/airflow/.local/lib/python3.7/site-packages/airflow/example_dags/example_bash_operator.py
[2023-02-12T04:08:35.282+0000] {processor.py:756} INFO - Processing file /home/airflow/.local/lib/python3.7/site-packages/airflow/example_dags/example_bash_operator.py for tasks to queue
[2023-02-12T04:08:35.287+0000] {logging_mixin.py:120} INFO - [2023-02-12T04:08:35.286+0000] {dagbag.py:537} INFO - Filling up the DagBag from /home/airflow/.local/lib/python3.7/site-packages/airflow/example_dags/example_bash_operator.py
[2023-02-12T04:08:35.337+0000] {processor.py:766} INFO - DAG(s) dict_keys(['example_bash_operator']) retrieved from /home/airflow/.local/lib/python3.7/site-packages/airflow/example_dags/example_bash_operator.py
[2023-02-12T04:08:35.429+0000] {logging_mixin.py:120} INFO - [2023-02-12T04:08:35.429+0000] {dag.py:2585} INFO - Sync 1 DAGs
[2023-02-12T04:08:35.478+0000] {logging_mixin.py:120} INFO - [2023-02-12T04:08:35.478+0000] {dag.py:3340} INFO - Setting next_dagrun for example_bash_operator to 2023-02-11T00:00:00+00:00, run_after=2023-02-12T00:00:00+00:00
[2023-02-12T04:08:35.510+0000] {processor.py:176} INFO - Processing /home/airflow/.local/lib/python3.7/site-packages/airflow/example_dags/example_bash_operator.py took 0.249 seconds
[2023-02-12T04:09:05.717+0000] {processor.py:154} INFO - Started process (PID=426) to work on /home/airflow/.local/lib/python3.7/site-packages/airflow/example_dags/example_bash_operator.py
[2023-02-12T04:09:05.721+0000] {processor.py:756} INFO - Processing file /home/airflow/.local/lib/python3.7/site-packages/airflow/example_dags/example_bash_operator.py for tasks to queue
[2023-02-12T04:09:05.724+0000] {logging_mixin.py:120} INFO - [2023-02-12T04:09:05.723+0000] {dagbag.py:537} INFO - Filling up the DagBag from /home/airflow/.local/lib/python3.7/site-packages/airflow/example_dags/example_bash_operator.py
[2023-02-12T04:09:05.773+0000] {processor.py:766} INFO - DAG(s) dict_keys(['example_bash_operator']) retrieved from /home/airflow/.local/lib/python3.7/site-packages/airflow/example_dags/example_bash_operator.py
[2023-02-12T04:09:05.857+0000] {logging_mixin.py:120} INFO - [2023-02-12T04:09:05.857+0000] {dag.py:2585} INFO - Sync 1 DAGs
[2023-02-12T04:09:05.905+0000] {logging_mixin.py:120} INFO - [2023-02-12T04:09:05.905+0000] {dag.py:3340} INFO - Setting next_dagrun for example_bash_operator to 2023-02-11T00:00:00+00:00, run_after=2023-02-12T00:00:00+00:00
[2023-02-12T04:09:05.944+0000] {processor.py:176} INFO - Processing /home/airflow/.local/lib/python3.7/site-packages/airflow/example_dags/example_bash_operator.py took 0.235 seconds
