[2023-02-12T04:06:17.696+0000] {processor.py:154} INFO - Started process (PID=80) to work on /home/airflow/.local/lib/python3.7/site-packages/airflow/example_dags/example_time_delta_sensor_async.py
[2023-02-12T04:06:17.700+0000] {processor.py:756} INFO - Processing file /home/airflow/.local/lib/python3.7/site-packages/airflow/example_dags/example_time_delta_sensor_async.py for tasks to queue
[2023-02-12T04:06:17.704+0000] {logging_mixin.py:120} INFO - [2023-02-12T04:06:17.703+0000] {dagbag.py:537} INFO - Filling up the DagBag from /home/airflow/.local/lib/python3.7/site-packages/airflow/example_dags/example_time_delta_sensor_async.py
[2023-02-12T04:06:17.804+0000] {processor.py:766} INFO - DAG(s) dict_keys(['example_time_delta_sensor_async']) retrieved from /home/airflow/.local/lib/python3.7/site-packages/airflow/example_dags/example_time_delta_sensor_async.py
[2023-02-12T04:06:19.021+0000] {logging_mixin.py:120} INFO - [2023-02-12T04:06:19.021+0000] {manager.py:507} INFO - Created Permission View: can delete on DAG:example_time_delta_sensor_async
[2023-02-12T04:06:19.071+0000] {logging_mixin.py:120} INFO - [2023-02-12T04:06:19.071+0000] {manager.py:507} INFO - Created Permission View: can read on DAG:example_time_delta_sensor_async
[2023-02-12T04:06:19.086+0000] {logging_mixin.py:120} INFO - [2023-02-12T04:06:19.086+0000] {manager.py:507} INFO - Created Permission View: can edit on DAG:example_time_delta_sensor_async
[2023-02-12T04:06:19.088+0000] {logging_mixin.py:120} INFO - [2023-02-12T04:06:19.088+0000] {dag.py:2585} INFO - Sync 1 DAGs
[2023-02-12T04:06:19.125+0000] {logging_mixin.py:120} INFO - [2023-02-12T04:06:19.120+0000] {dag.py:2606} INFO - Creating ORM DAG for example_time_delta_sensor_async
[2023-02-12T04:06:19.179+0000] {logging_mixin.py:120} INFO - [2023-02-12T04:06:19.179+0000] {dag.py:3340} INFO - Setting next_dagrun for example_time_delta_sensor_async to None, run_after=None
[2023-02-12T04:06:19.275+0000] {processor.py:176} INFO - Processing /home/airflow/.local/lib/python3.7/site-packages/airflow/example_dags/example_time_delta_sensor_async.py took 1.589 seconds
[2023-02-12T04:06:49.371+0000] {processor.py:154} INFO - Started process (PID=145) to work on /home/airflow/.local/lib/python3.7/site-packages/airflow/example_dags/example_time_delta_sensor_async.py
[2023-02-12T04:06:49.374+0000] {processor.py:756} INFO - Processing file /home/airflow/.local/lib/python3.7/site-packages/airflow/example_dags/example_time_delta_sensor_async.py for tasks to queue
[2023-02-12T04:06:49.378+0000] {logging_mixin.py:120} INFO - [2023-02-12T04:06:49.377+0000] {dagbag.py:537} INFO - Filling up the DagBag from /home/airflow/.local/lib/python3.7/site-packages/airflow/example_dags/example_time_delta_sensor_async.py
[2023-02-12T04:06:49.434+0000] {processor.py:766} INFO - DAG(s) dict_keys(['example_time_delta_sensor_async']) retrieved from /home/airflow/.local/lib/python3.7/site-packages/airflow/example_dags/example_time_delta_sensor_async.py
[2023-02-12T04:06:49.898+0000] {logging_mixin.py:120} INFO - [2023-02-12T04:06:49.897+0000] {dag.py:2585} INFO - Sync 1 DAGs
[2023-02-12T04:06:49.938+0000] {logging_mixin.py:120} INFO - [2023-02-12T04:06:49.938+0000] {dag.py:3340} INFO - Setting next_dagrun for example_time_delta_sensor_async to None, run_after=None
[2023-02-12T04:06:49.970+0000] {processor.py:176} INFO - Processing /home/airflow/.local/lib/python3.7/site-packages/airflow/example_dags/example_time_delta_sensor_async.py took 0.610 seconds
[2023-02-12T04:07:20.099+0000] {processor.py:154} INFO - Started process (PID=206) to work on /home/airflow/.local/lib/python3.7/site-packages/airflow/example_dags/example_time_delta_sensor_async.py
[2023-02-12T04:07:20.102+0000] {processor.py:756} INFO - Processing file /home/airflow/.local/lib/python3.7/site-packages/airflow/example_dags/example_time_delta_sensor_async.py for tasks to queue
[2023-02-12T04:07:20.105+0000] {logging_mixin.py:120} INFO - [2023-02-12T04:07:20.104+0000] {dagbag.py:537} INFO - Filling up the DagBag from /home/airflow/.local/lib/python3.7/site-packages/airflow/example_dags/example_time_delta_sensor_async.py
[2023-02-12T04:07:20.125+0000] {processor.py:766} INFO - DAG(s) dict_keys(['example_time_delta_sensor_async']) retrieved from /home/airflow/.local/lib/python3.7/site-packages/airflow/example_dags/example_time_delta_sensor_async.py
[2023-02-12T04:07:20.375+0000] {logging_mixin.py:120} INFO - [2023-02-12T04:07:20.374+0000] {dag.py:2585} INFO - Sync 1 DAGs
[2023-02-12T04:07:20.410+0000] {logging_mixin.py:120} INFO - [2023-02-12T04:07:20.409+0000] {dag.py:3340} INFO - Setting next_dagrun for example_time_delta_sensor_async to None, run_after=None
[2023-02-12T04:07:20.434+0000] {processor.py:176} INFO - Processing /home/airflow/.local/lib/python3.7/site-packages/airflow/example_dags/example_time_delta_sensor_async.py took 0.341 seconds
[2023-02-12T04:07:51.121+0000] {processor.py:154} INFO - Started process (PID=271) to work on /home/airflow/.local/lib/python3.7/site-packages/airflow/example_dags/example_time_delta_sensor_async.py
[2023-02-12T04:07:51.124+0000] {processor.py:756} INFO - Processing file /home/airflow/.local/lib/python3.7/site-packages/airflow/example_dags/example_time_delta_sensor_async.py for tasks to queue
[2023-02-12T04:07:51.127+0000] {logging_mixin.py:120} INFO - [2023-02-12T04:07:51.127+0000] {dagbag.py:537} INFO - Filling up the DagBag from /home/airflow/.local/lib/python3.7/site-packages/airflow/example_dags/example_time_delta_sensor_async.py
[2023-02-12T04:07:51.152+0000] {processor.py:766} INFO - DAG(s) dict_keys(['example_time_delta_sensor_async']) retrieved from /home/airflow/.local/lib/python3.7/site-packages/airflow/example_dags/example_time_delta_sensor_async.py
[2023-02-12T04:07:51.977+0000] {logging_mixin.py:120} INFO - [2023-02-12T04:07:51.977+0000] {dag.py:2585} INFO - Sync 1 DAGs
[2023-02-12T04:07:52.021+0000] {logging_mixin.py:120} INFO - [2023-02-12T04:07:52.021+0000] {dag.py:3340} INFO - Setting next_dagrun for example_time_delta_sensor_async to None, run_after=None
[2023-02-12T04:07:52.052+0000] {processor.py:176} INFO - Processing /home/airflow/.local/lib/python3.7/site-packages/airflow/example_dags/example_time_delta_sensor_async.py took 0.940 seconds
[2023-02-12T04:08:22.135+0000] {processor.py:154} INFO - Started process (PID=337) to work on /home/airflow/.local/lib/python3.7/site-packages/airflow/example_dags/example_time_delta_sensor_async.py
[2023-02-12T04:08:22.137+0000] {processor.py:756} INFO - Processing file /home/airflow/.local/lib/python3.7/site-packages/airflow/example_dags/example_time_delta_sensor_async.py for tasks to queue
[2023-02-12T04:08:22.139+0000] {logging_mixin.py:120} INFO - [2023-02-12T04:08:22.139+0000] {dagbag.py:537} INFO - Filling up the DagBag from /home/airflow/.local/lib/python3.7/site-packages/airflow/example_dags/example_time_delta_sensor_async.py
[2023-02-12T04:08:22.156+0000] {processor.py:766} INFO - DAG(s) dict_keys(['example_time_delta_sensor_async']) retrieved from /home/airflow/.local/lib/python3.7/site-packages/airflow/example_dags/example_time_delta_sensor_async.py
[2023-02-12T04:08:22.408+0000] {logging_mixin.py:120} INFO - [2023-02-12T04:08:22.408+0000] {dag.py:2585} INFO - Sync 1 DAGs
[2023-02-12T04:08:22.445+0000] {logging_mixin.py:120} INFO - [2023-02-12T04:08:22.445+0000] {dag.py:3340} INFO - Setting next_dagrun for example_time_delta_sensor_async to None, run_after=None
[2023-02-12T04:08:22.476+0000] {processor.py:176} INFO - Processing /home/airflow/.local/lib/python3.7/site-packages/airflow/example_dags/example_time_delta_sensor_async.py took 0.345 seconds
[2023-02-12T04:08:52.627+0000] {processor.py:154} INFO - Started process (PID=393) to work on /home/airflow/.local/lib/python3.7/site-packages/airflow/example_dags/example_time_delta_sensor_async.py
[2023-02-12T04:08:52.629+0000] {processor.py:756} INFO - Processing file /home/airflow/.local/lib/python3.7/site-packages/airflow/example_dags/example_time_delta_sensor_async.py for tasks to queue
[2023-02-12T04:08:52.631+0000] {logging_mixin.py:120} INFO - [2023-02-12T04:08:52.631+0000] {dagbag.py:537} INFO - Filling up the DagBag from /home/airflow/.local/lib/python3.7/site-packages/airflow/example_dags/example_time_delta_sensor_async.py
[2023-02-12T04:08:52.650+0000] {processor.py:766} INFO - DAG(s) dict_keys(['example_time_delta_sensor_async']) retrieved from /home/airflow/.local/lib/python3.7/site-packages/airflow/example_dags/example_time_delta_sensor_async.py
[2023-02-12T04:08:52.885+0000] {logging_mixin.py:120} INFO - [2023-02-12T04:08:52.885+0000] {dag.py:2585} INFO - Sync 1 DAGs
[2023-02-12T04:08:52.917+0000] {logging_mixin.py:120} INFO - [2023-02-12T04:08:52.917+0000] {dag.py:3340} INFO - Setting next_dagrun for example_time_delta_sensor_async to None, run_after=None
[2023-02-12T04:08:52.942+0000] {processor.py:176} INFO - Processing /home/airflow/.local/lib/python3.7/site-packages/airflow/example_dags/example_time_delta_sensor_async.py took 0.320 seconds
