[2023-02-12T04:05:52.918+0000] {processor.py:154} INFO - Started process (PID=49) to work on /home/airflow/.local/lib/python3.7/site-packages/airflow/example_dags/example_subdag_operator.py
[2023-02-12T04:05:52.921+0000] {processor.py:756} INFO - Processing file /home/airflow/.local/lib/python3.7/site-packages/airflow/example_dags/example_subdag_operator.py for tasks to queue
[2023-02-12T04:05:52.925+0000] {logging_mixin.py:120} INFO - [2023-02-12T04:05:52.924+0000] {dagbag.py:537} INFO - Filling up the DagBag from /home/airflow/.local/lib/python3.7/site-packages/airflow/example_dags/example_subdag_operator.py
[2023-02-12T04:05:52.994+0000] {processor.py:766} INFO - DAG(s) dict_keys(['example_subdag_operator.section-1', 'example_subdag_operator.section-2', 'example_subdag_operator']) retrieved from /home/airflow/.local/lib/python3.7/site-packages/airflow/example_dags/example_subdag_operator.py
[2023-02-12T04:05:53.572+0000] {logging_mixin.py:120} INFO - [2023-02-12T04:05:53.572+0000] {manager.py:507} INFO - Created Permission View: can delete on DAG:example_subdag_operator
[2023-02-12T04:05:53.594+0000] {logging_mixin.py:120} INFO - [2023-02-12T04:05:53.594+0000] {manager.py:507} INFO - Created Permission View: can read on DAG:example_subdag_operator
[2023-02-12T04:05:53.607+0000] {logging_mixin.py:120} INFO - [2023-02-12T04:05:53.606+0000] {manager.py:507} INFO - Created Permission View: can edit on DAG:example_subdag_operator
[2023-02-12T04:05:53.609+0000] {logging_mixin.py:120} INFO - [2023-02-12T04:05:53.608+0000] {dag.py:2585} INFO - Sync 3 DAGs
[2023-02-12T04:05:53.640+0000] {logging_mixin.py:120} INFO - [2023-02-12T04:05:53.639+0000] {dag.py:2606} INFO - Creating ORM DAG for example_subdag_operator
[2023-02-12T04:05:53.643+0000] {logging_mixin.py:120} INFO - [2023-02-12T04:05:53.643+0000] {dag.py:2606} INFO - Creating ORM DAG for example_subdag_operator.section-2
[2023-02-12T04:05:53.648+0000] {logging_mixin.py:120} INFO - [2023-02-12T04:05:53.647+0000] {dag.py:2606} INFO - Creating ORM DAG for example_subdag_operator.section-1
[2023-02-12T04:05:53.681+0000] {logging_mixin.py:120} INFO - [2023-02-12T04:05:53.681+0000] {dag.py:3340} INFO - Setting next_dagrun for example_subdag_operator to 2022-01-01T00:00:00+00:00, run_after=2022-01-01T00:00:00+00:00
[2023-02-12T04:05:53.685+0000] {logging_mixin.py:120} INFO - [2023-02-12T04:05:53.684+0000] {dag.py:3340} INFO - Setting next_dagrun for example_subdag_operator.section-1 to None, run_after=None
[2023-02-12T04:05:53.687+0000] {logging_mixin.py:120} INFO - [2023-02-12T04:05:53.687+0000] {dag.py:3340} INFO - Setting next_dagrun for example_subdag_operator.section-2 to None, run_after=None
[2023-02-12T04:05:53.703+0000] {logging_mixin.py:120} INFO - [2023-02-12T04:05:53.703+0000] {dag.py:2585} INFO - Sync 2 DAGs
[2023-02-12T04:05:53.717+0000] {logging_mixin.py:120} INFO - [2023-02-12T04:05:53.716+0000] {dag.py:3340} INFO - Setting next_dagrun for example_subdag_operator.section-1 to None, run_after=None
[2023-02-12T04:05:53.726+0000] {logging_mixin.py:120} INFO - [2023-02-12T04:05:53.726+0000] {dag.py:3340} INFO - Setting next_dagrun for example_subdag_operator.section-2 to None, run_after=None
[2023-02-12T04:05:53.767+0000] {processor.py:176} INFO - Processing /home/airflow/.local/lib/python3.7/site-packages/airflow/example_dags/example_subdag_operator.py took 0.857 seconds
[2023-02-12T04:06:24.089+0000] {processor.py:154} INFO - Started process (PID=104) to work on /home/airflow/.local/lib/python3.7/site-packages/airflow/example_dags/example_subdag_operator.py
[2023-02-12T04:06:24.096+0000] {processor.py:756} INFO - Processing file /home/airflow/.local/lib/python3.7/site-packages/airflow/example_dags/example_subdag_operator.py for tasks to queue
[2023-02-12T04:06:24.102+0000] {logging_mixin.py:120} INFO - [2023-02-12T04:06:24.102+0000] {dagbag.py:537} INFO - Filling up the DagBag from /home/airflow/.local/lib/python3.7/site-packages/airflow/example_dags/example_subdag_operator.py
[2023-02-12T04:06:24.204+0000] {processor.py:766} INFO - DAG(s) dict_keys(['example_subdag_operator.section-1', 'example_subdag_operator.section-2', 'example_subdag_operator']) retrieved from /home/airflow/.local/lib/python3.7/site-packages/airflow/example_dags/example_subdag_operator.py
[2023-02-12T04:06:24.621+0000] {logging_mixin.py:120} INFO - [2023-02-12T04:06:24.621+0000] {dag.py:2585} INFO - Sync 3 DAGs
[2023-02-12T04:06:24.784+0000] {logging_mixin.py:120} INFO - [2023-02-12T04:06:24.784+0000] {dag.py:3340} INFO - Setting next_dagrun for example_subdag_operator to 2022-01-01T00:00:00+00:00, run_after=2022-01-01T00:00:00+00:00
[2023-02-12T04:06:24.795+0000] {logging_mixin.py:120} INFO - [2023-02-12T04:06:24.795+0000] {dag.py:3340} INFO - Setting next_dagrun for example_subdag_operator.section-1 to None, run_after=None
[2023-02-12T04:06:24.799+0000] {logging_mixin.py:120} INFO - [2023-02-12T04:06:24.799+0000] {dag.py:3340} INFO - Setting next_dagrun for example_subdag_operator.section-2 to None, run_after=None
[2023-02-12T04:06:24.823+0000] {logging_mixin.py:120} INFO - [2023-02-12T04:06:24.823+0000] {dag.py:2585} INFO - Sync 2 DAGs
[2023-02-12T04:06:24.841+0000] {logging_mixin.py:120} INFO - [2023-02-12T04:06:24.840+0000] {dag.py:3340} INFO - Setting next_dagrun for example_subdag_operator.section-1 to None, run_after=None
[2023-02-12T04:06:24.843+0000] {logging_mixin.py:120} INFO - [2023-02-12T04:06:24.843+0000] {dag.py:3340} INFO - Setting next_dagrun for example_subdag_operator.section-2 to None, run_after=None
[2023-02-12T04:06:24.881+0000] {processor.py:176} INFO - Processing /home/airflow/.local/lib/python3.7/site-packages/airflow/example_dags/example_subdag_operator.py took 0.803 seconds
[2023-02-12T04:06:55.098+0000] {processor.py:154} INFO - Started process (PID=159) to work on /home/airflow/.local/lib/python3.7/site-packages/airflow/example_dags/example_subdag_operator.py
[2023-02-12T04:06:55.102+0000] {processor.py:756} INFO - Processing file /home/airflow/.local/lib/python3.7/site-packages/airflow/example_dags/example_subdag_operator.py for tasks to queue
[2023-02-12T04:06:55.105+0000] {logging_mixin.py:120} INFO - [2023-02-12T04:06:55.105+0000] {dagbag.py:537} INFO - Filling up the DagBag from /home/airflow/.local/lib/python3.7/site-packages/airflow/example_dags/example_subdag_operator.py
[2023-02-12T04:06:55.179+0000] {processor.py:766} INFO - DAG(s) dict_keys(['example_subdag_operator.section-1', 'example_subdag_operator.section-2', 'example_subdag_operator']) retrieved from /home/airflow/.local/lib/python3.7/site-packages/airflow/example_dags/example_subdag_operator.py
[2023-02-12T04:06:55.691+0000] {logging_mixin.py:120} INFO - [2023-02-12T04:06:55.690+0000] {dag.py:2585} INFO - Sync 3 DAGs
[2023-02-12T04:06:55.816+0000] {logging_mixin.py:120} INFO - [2023-02-12T04:06:55.815+0000] {dag.py:3340} INFO - Setting next_dagrun for example_subdag_operator to 2022-01-01T00:00:00+00:00, run_after=2022-01-01T00:00:00+00:00
[2023-02-12T04:06:55.832+0000] {logging_mixin.py:120} INFO - [2023-02-12T04:06:55.832+0000] {dag.py:3340} INFO - Setting next_dagrun for example_subdag_operator.section-1 to None, run_after=None
[2023-02-12T04:06:55.840+0000] {logging_mixin.py:120} INFO - [2023-02-12T04:06:55.839+0000] {dag.py:3340} INFO - Setting next_dagrun for example_subdag_operator.section-2 to None, run_after=None
[2023-02-12T04:06:55.861+0000] {logging_mixin.py:120} INFO - [2023-02-12T04:06:55.861+0000] {dag.py:2585} INFO - Sync 2 DAGs
[2023-02-12T04:06:55.880+0000] {logging_mixin.py:120} INFO - [2023-02-12T04:06:55.880+0000] {dag.py:3340} INFO - Setting next_dagrun for example_subdag_operator.section-1 to None, run_after=None
[2023-02-12T04:06:55.883+0000] {logging_mixin.py:120} INFO - [2023-02-12T04:06:55.883+0000] {dag.py:3340} INFO - Setting next_dagrun for example_subdag_operator.section-2 to None, run_after=None
[2023-02-12T04:06:55.960+0000] {processor.py:176} INFO - Processing /home/airflow/.local/lib/python3.7/site-packages/airflow/example_dags/example_subdag_operator.py took 0.868 seconds
[2023-02-12T04:07:26.782+0000] {processor.py:154} INFO - Started process (PID=228) to work on /home/airflow/.local/lib/python3.7/site-packages/airflow/example_dags/example_subdag_operator.py
[2023-02-12T04:07:26.786+0000] {processor.py:756} INFO - Processing file /home/airflow/.local/lib/python3.7/site-packages/airflow/example_dags/example_subdag_operator.py for tasks to queue
[2023-02-12T04:07:26.788+0000] {logging_mixin.py:120} INFO - [2023-02-12T04:07:26.788+0000] {dagbag.py:537} INFO - Filling up the DagBag from /home/airflow/.local/lib/python3.7/site-packages/airflow/example_dags/example_subdag_operator.py
[2023-02-12T04:07:26.834+0000] {processor.py:766} INFO - DAG(s) dict_keys(['example_subdag_operator.section-1', 'example_subdag_operator.section-2', 'example_subdag_operator']) retrieved from /home/airflow/.local/lib/python3.7/site-packages/airflow/example_dags/example_subdag_operator.py
[2023-02-12T04:07:27.065+0000] {logging_mixin.py:120} INFO - [2023-02-12T04:07:27.064+0000] {dag.py:2585} INFO - Sync 3 DAGs
[2023-02-12T04:07:27.095+0000] {logging_mixin.py:120} INFO - [2023-02-12T04:07:27.095+0000] {dag.py:3340} INFO - Setting next_dagrun for example_subdag_operator to 2022-01-01T00:00:00+00:00, run_after=2022-01-01T00:00:00+00:00
[2023-02-12T04:07:27.101+0000] {logging_mixin.py:120} INFO - [2023-02-12T04:07:27.100+0000] {dag.py:3340} INFO - Setting next_dagrun for example_subdag_operator.section-1 to None, run_after=None
[2023-02-12T04:07:27.104+0000] {logging_mixin.py:120} INFO - [2023-02-12T04:07:27.103+0000] {dag.py:3340} INFO - Setting next_dagrun for example_subdag_operator.section-2 to None, run_after=None
[2023-02-12T04:07:27.114+0000] {logging_mixin.py:120} INFO - [2023-02-12T04:07:27.114+0000] {dag.py:2585} INFO - Sync 2 DAGs
[2023-02-12T04:07:27.123+0000] {logging_mixin.py:120} INFO - [2023-02-12T04:07:27.123+0000] {dag.py:3340} INFO - Setting next_dagrun for example_subdag_operator.section-1 to None, run_after=None
[2023-02-12T04:07:27.125+0000] {logging_mixin.py:120} INFO - [2023-02-12T04:07:27.125+0000] {dag.py:3340} INFO - Setting next_dagrun for example_subdag_operator.section-2 to None, run_after=None
[2023-02-12T04:07:27.138+0000] {processor.py:176} INFO - Processing /home/airflow/.local/lib/python3.7/site-packages/airflow/example_dags/example_subdag_operator.py took 0.364 seconds
[2023-02-12T04:07:57.534+0000] {processor.py:154} INFO - Started process (PID=293) to work on /home/airflow/.local/lib/python3.7/site-packages/airflow/example_dags/example_subdag_operator.py
[2023-02-12T04:07:57.537+0000] {processor.py:756} INFO - Processing file /home/airflow/.local/lib/python3.7/site-packages/airflow/example_dags/example_subdag_operator.py for tasks to queue
[2023-02-12T04:07:57.540+0000] {logging_mixin.py:120} INFO - [2023-02-12T04:07:57.540+0000] {dagbag.py:537} INFO - Filling up the DagBag from /home/airflow/.local/lib/python3.7/site-packages/airflow/example_dags/example_subdag_operator.py
[2023-02-12T04:07:57.586+0000] {processor.py:766} INFO - DAG(s) dict_keys(['example_subdag_operator.section-1', 'example_subdag_operator.section-2', 'example_subdag_operator']) retrieved from /home/airflow/.local/lib/python3.7/site-packages/airflow/example_dags/example_subdag_operator.py
[2023-02-12T04:07:57.831+0000] {logging_mixin.py:120} INFO - [2023-02-12T04:07:57.831+0000] {dag.py:2585} INFO - Sync 3 DAGs
[2023-02-12T04:07:57.866+0000] {logging_mixin.py:120} INFO - [2023-02-12T04:07:57.866+0000] {dag.py:3340} INFO - Setting next_dagrun for example_subdag_operator to 2022-01-01T00:00:00+00:00, run_after=2022-01-01T00:00:00+00:00
[2023-02-12T04:07:57.872+0000] {logging_mixin.py:120} INFO - [2023-02-12T04:07:57.872+0000] {dag.py:3340} INFO - Setting next_dagrun for example_subdag_operator.section-1 to None, run_after=None
[2023-02-12T04:07:57.875+0000] {logging_mixin.py:120} INFO - [2023-02-12T04:07:57.875+0000] {dag.py:3340} INFO - Setting next_dagrun for example_subdag_operator.section-2 to None, run_after=None
[2023-02-12T04:07:57.886+0000] {logging_mixin.py:120} INFO - [2023-02-12T04:07:57.886+0000] {dag.py:2585} INFO - Sync 2 DAGs
[2023-02-12T04:07:57.896+0000] {logging_mixin.py:120} INFO - [2023-02-12T04:07:57.896+0000] {dag.py:3340} INFO - Setting next_dagrun for example_subdag_operator.section-1 to None, run_after=None
[2023-02-12T04:07:57.901+0000] {logging_mixin.py:120} INFO - [2023-02-12T04:07:57.901+0000] {dag.py:3340} INFO - Setting next_dagrun for example_subdag_operator.section-2 to None, run_after=None
[2023-02-12T04:07:57.919+0000] {processor.py:176} INFO - Processing /home/airflow/.local/lib/python3.7/site-packages/airflow/example_dags/example_subdag_operator.py took 0.396 seconds
[2023-02-12T04:08:28.726+0000] {processor.py:154} INFO - Started process (PID=349) to work on /home/airflow/.local/lib/python3.7/site-packages/airflow/example_dags/example_subdag_operator.py
[2023-02-12T04:08:28.730+0000] {processor.py:756} INFO - Processing file /home/airflow/.local/lib/python3.7/site-packages/airflow/example_dags/example_subdag_operator.py for tasks to queue
[2023-02-12T04:08:28.732+0000] {logging_mixin.py:120} INFO - [2023-02-12T04:08:28.732+0000] {dagbag.py:537} INFO - Filling up the DagBag from /home/airflow/.local/lib/python3.7/site-packages/airflow/example_dags/example_subdag_operator.py
[2023-02-12T04:08:28.780+0000] {processor.py:766} INFO - DAG(s) dict_keys(['example_subdag_operator.section-1', 'example_subdag_operator.section-2', 'example_subdag_operator']) retrieved from /home/airflow/.local/lib/python3.7/site-packages/airflow/example_dags/example_subdag_operator.py
[2023-02-12T04:08:29.087+0000] {logging_mixin.py:120} INFO - [2023-02-12T04:08:29.087+0000] {dag.py:2585} INFO - Sync 3 DAGs
[2023-02-12T04:08:29.123+0000] {logging_mixin.py:120} INFO - [2023-02-12T04:08:29.123+0000] {dag.py:3340} INFO - Setting next_dagrun for example_subdag_operator to 2022-01-01T00:00:00+00:00, run_after=2022-01-01T00:00:00+00:00
[2023-02-12T04:08:29.131+0000] {logging_mixin.py:120} INFO - [2023-02-12T04:08:29.131+0000] {dag.py:3340} INFO - Setting next_dagrun for example_subdag_operator.section-1 to None, run_after=None
[2023-02-12T04:08:29.135+0000] {logging_mixin.py:120} INFO - [2023-02-12T04:08:29.135+0000] {dag.py:3340} INFO - Setting next_dagrun for example_subdag_operator.section-2 to None, run_after=None
[2023-02-12T04:08:29.150+0000] {logging_mixin.py:120} INFO - [2023-02-12T04:08:29.150+0000] {dag.py:2585} INFO - Sync 2 DAGs
[2023-02-12T04:08:29.163+0000] {logging_mixin.py:120} INFO - [2023-02-12T04:08:29.163+0000] {dag.py:3340} INFO - Setting next_dagrun for example_subdag_operator.section-1 to None, run_after=None
[2023-02-12T04:08:29.165+0000] {logging_mixin.py:120} INFO - [2023-02-12T04:08:29.165+0000] {dag.py:3340} INFO - Setting next_dagrun for example_subdag_operator.section-2 to None, run_after=None
[2023-02-12T04:08:29.197+0000] {processor.py:176} INFO - Processing /home/airflow/.local/lib/python3.7/site-packages/airflow/example_dags/example_subdag_operator.py took 0.476 seconds
[2023-02-12T04:08:59.324+0000] {processor.py:154} INFO - Started process (PID=415) to work on /home/airflow/.local/lib/python3.7/site-packages/airflow/example_dags/example_subdag_operator.py
[2023-02-12T04:08:59.330+0000] {processor.py:756} INFO - Processing file /home/airflow/.local/lib/python3.7/site-packages/airflow/example_dags/example_subdag_operator.py for tasks to queue
[2023-02-12T04:08:59.333+0000] {logging_mixin.py:120} INFO - [2023-02-12T04:08:59.332+0000] {dagbag.py:537} INFO - Filling up the DagBag from /home/airflow/.local/lib/python3.7/site-packages/airflow/example_dags/example_subdag_operator.py
[2023-02-12T04:08:59.379+0000] {processor.py:766} INFO - DAG(s) dict_keys(['example_subdag_operator.section-1', 'example_subdag_operator.section-2', 'example_subdag_operator']) retrieved from /home/airflow/.local/lib/python3.7/site-packages/airflow/example_dags/example_subdag_operator.py
[2023-02-12T04:08:59.705+0000] {logging_mixin.py:120} INFO - [2023-02-12T04:08:59.705+0000] {dag.py:2585} INFO - Sync 3 DAGs
[2023-02-12T04:08:59.748+0000] {logging_mixin.py:120} INFO - [2023-02-12T04:08:59.748+0000] {dag.py:3340} INFO - Setting next_dagrun for example_subdag_operator to 2022-01-01T00:00:00+00:00, run_after=2022-01-01T00:00:00+00:00
[2023-02-12T04:08:59.754+0000] {logging_mixin.py:120} INFO - [2023-02-12T04:08:59.754+0000] {dag.py:3340} INFO - Setting next_dagrun for example_subdag_operator.section-1 to None, run_after=None
[2023-02-12T04:08:59.757+0000] {logging_mixin.py:120} INFO - [2023-02-12T04:08:59.757+0000] {dag.py:3340} INFO - Setting next_dagrun for example_subdag_operator.section-2 to None, run_after=None
[2023-02-12T04:08:59.767+0000] {logging_mixin.py:120} INFO - [2023-02-12T04:08:59.767+0000] {dag.py:2585} INFO - Sync 2 DAGs
[2023-02-12T04:08:59.775+0000] {logging_mixin.py:120} INFO - [2023-02-12T04:08:59.775+0000] {dag.py:3340} INFO - Setting next_dagrun for example_subdag_operator.section-1 to None, run_after=None
[2023-02-12T04:08:59.777+0000] {logging_mixin.py:120} INFO - [2023-02-12T04:08:59.776+0000] {dag.py:3340} INFO - Setting next_dagrun for example_subdag_operator.section-2 to None, run_after=None
[2023-02-12T04:08:59.791+0000] {processor.py:176} INFO - Processing /home/airflow/.local/lib/python3.7/site-packages/airflow/example_dags/example_subdag_operator.py took 0.472 seconds
