[2023-02-12T04:06:02.116+0000] {processor.py:154} INFO - Started process (PID=61) to work on /home/airflow/.local/lib/python3.7/site-packages/airflow/example_dags/tutorial_taskflow_api_virtualenv.py
[2023-02-12T04:06:02.127+0000] {processor.py:756} INFO - Processing file /home/airflow/.local/lib/python3.7/site-packages/airflow/example_dags/tutorial_taskflow_api_virtualenv.py for tasks to queue
[2023-02-12T04:06:02.134+0000] {logging_mixin.py:120} INFO - [2023-02-12T04:06:02.134+0000] {dagbag.py:537} INFO - Filling up the DagBag from /home/airflow/.local/lib/python3.7/site-packages/airflow/example_dags/tutorial_taskflow_api_virtualenv.py
[2023-02-12T04:06:02.504+0000] {processor.py:766} INFO - DAG(s) dict_keys(['tutorial_taskflow_api_virtualenv']) retrieved from /home/airflow/.local/lib/python3.7/site-packages/airflow/example_dags/tutorial_taskflow_api_virtualenv.py
[2023-02-12T04:06:04.517+0000] {logging_mixin.py:120} INFO - [2023-02-12T04:06:04.506+0000] {manager.py:507} INFO - Created Permission View: can delete on DAG:tutorial_taskflow_api_virtualenv
[2023-02-12T04:06:04.625+0000] {logging_mixin.py:120} INFO - [2023-02-12T04:06:04.624+0000] {manager.py:507} INFO - Created Permission View: can read on DAG:tutorial_taskflow_api_virtualenv
[2023-02-12T04:06:04.890+0000] {logging_mixin.py:120} INFO - [2023-02-12T04:06:04.890+0000] {manager.py:507} INFO - Created Permission View: can edit on DAG:tutorial_taskflow_api_virtualenv
[2023-02-12T04:06:04.896+0000] {logging_mixin.py:120} INFO - [2023-02-12T04:06:04.894+0000] {dag.py:2585} INFO - Sync 1 DAGs
[2023-02-12T04:06:05.299+0000] {logging_mixin.py:120} INFO - [2023-02-12T04:06:05.299+0000] {dag.py:2606} INFO - Creating ORM DAG for tutorial_taskflow_api_virtualenv
[2023-02-12T04:06:05.497+0000] {logging_mixin.py:120} INFO - [2023-02-12T04:06:05.497+0000] {dag.py:3340} INFO - Setting next_dagrun for tutorial_taskflow_api_virtualenv to None, run_after=None
[2023-02-12T04:06:05.690+0000] {processor.py:176} INFO - Processing /home/airflow/.local/lib/python3.7/site-packages/airflow/example_dags/tutorial_taskflow_api_virtualenv.py took 3.599 seconds
[2023-02-12T04:06:36.220+0000] {processor.py:154} INFO - Started process (PID=119) to work on /home/airflow/.local/lib/python3.7/site-packages/airflow/example_dags/tutorial_taskflow_api_virtualenv.py
[2023-02-12T04:06:36.227+0000] {processor.py:756} INFO - Processing file /home/airflow/.local/lib/python3.7/site-packages/airflow/example_dags/tutorial_taskflow_api_virtualenv.py for tasks to queue
[2023-02-12T04:06:36.234+0000] {logging_mixin.py:120} INFO - [2023-02-12T04:06:36.234+0000] {dagbag.py:537} INFO - Filling up the DagBag from /home/airflow/.local/lib/python3.7/site-packages/airflow/example_dags/tutorial_taskflow_api_virtualenv.py
[2023-02-12T04:06:36.315+0000] {processor.py:766} INFO - DAG(s) dict_keys(['tutorial_taskflow_api_virtualenv']) retrieved from /home/airflow/.local/lib/python3.7/site-packages/airflow/example_dags/tutorial_taskflow_api_virtualenv.py
[2023-02-12T04:06:36.388+0000] {logging_mixin.py:120} INFO - [2023-02-12T04:06:36.387+0000] {dag.py:2585} INFO - Sync 1 DAGs
[2023-02-12T04:06:36.425+0000] {logging_mixin.py:120} INFO - [2023-02-12T04:06:36.425+0000] {dag.py:3340} INFO - Setting next_dagrun for tutorial_taskflow_api_virtualenv to None, run_after=None
[2023-02-12T04:06:36.463+0000] {processor.py:176} INFO - Processing /home/airflow/.local/lib/python3.7/site-packages/airflow/example_dags/tutorial_taskflow_api_virtualenv.py took 0.255 seconds
[2023-02-12T04:07:06.542+0000] {processor.py:154} INFO - Started process (PID=180) to work on /home/airflow/.local/lib/python3.7/site-packages/airflow/example_dags/tutorial_taskflow_api_virtualenv.py
[2023-02-12T04:07:06.548+0000] {processor.py:756} INFO - Processing file /home/airflow/.local/lib/python3.7/site-packages/airflow/example_dags/tutorial_taskflow_api_virtualenv.py for tasks to queue
[2023-02-12T04:07:06.551+0000] {logging_mixin.py:120} INFO - [2023-02-12T04:07:06.551+0000] {dagbag.py:537} INFO - Filling up the DagBag from /home/airflow/.local/lib/python3.7/site-packages/airflow/example_dags/tutorial_taskflow_api_virtualenv.py
[2023-02-12T04:07:06.621+0000] {processor.py:766} INFO - DAG(s) dict_keys(['tutorial_taskflow_api_virtualenv']) retrieved from /home/airflow/.local/lib/python3.7/site-packages/airflow/example_dags/tutorial_taskflow_api_virtualenv.py
[2023-02-12T04:07:06.738+0000] {logging_mixin.py:120} INFO - [2023-02-12T04:07:06.738+0000] {dag.py:2585} INFO - Sync 1 DAGs
[2023-02-12T04:07:06.801+0000] {logging_mixin.py:120} INFO - [2023-02-12T04:07:06.800+0000] {dag.py:3340} INFO - Setting next_dagrun for tutorial_taskflow_api_virtualenv to None, run_after=None
[2023-02-12T04:07:06.839+0000] {processor.py:176} INFO - Processing /home/airflow/.local/lib/python3.7/site-packages/airflow/example_dags/tutorial_taskflow_api_virtualenv.py took 0.311 seconds
[2023-02-12T04:07:37.691+0000] {processor.py:154} INFO - Started process (PID=245) to work on /home/airflow/.local/lib/python3.7/site-packages/airflow/example_dags/tutorial_taskflow_api_virtualenv.py
[2023-02-12T04:07:37.694+0000] {processor.py:756} INFO - Processing file /home/airflow/.local/lib/python3.7/site-packages/airflow/example_dags/tutorial_taskflow_api_virtualenv.py for tasks to queue
[2023-02-12T04:07:37.696+0000] {logging_mixin.py:120} INFO - [2023-02-12T04:07:37.696+0000] {dagbag.py:537} INFO - Filling up the DagBag from /home/airflow/.local/lib/python3.7/site-packages/airflow/example_dags/tutorial_taskflow_api_virtualenv.py
[2023-02-12T04:07:37.725+0000] {processor.py:766} INFO - DAG(s) dict_keys(['tutorial_taskflow_api_virtualenv']) retrieved from /home/airflow/.local/lib/python3.7/site-packages/airflow/example_dags/tutorial_taskflow_api_virtualenv.py
[2023-02-12T04:07:37.780+0000] {logging_mixin.py:120} INFO - [2023-02-12T04:07:37.780+0000] {dag.py:2585} INFO - Sync 1 DAGs
[2023-02-12T04:07:37.812+0000] {logging_mixin.py:120} INFO - [2023-02-12T04:07:37.811+0000] {dag.py:3340} INFO - Setting next_dagrun for tutorial_taskflow_api_virtualenv to None, run_after=None
[2023-02-12T04:07:37.838+0000] {processor.py:176} INFO - Processing /home/airflow/.local/lib/python3.7/site-packages/airflow/example_dags/tutorial_taskflow_api_virtualenv.py took 0.152 seconds
[2023-02-12T04:08:07.968+0000] {processor.py:154} INFO - Started process (PID=310) to work on /home/airflow/.local/lib/python3.7/site-packages/airflow/example_dags/tutorial_taskflow_api_virtualenv.py
[2023-02-12T04:08:07.970+0000] {processor.py:756} INFO - Processing file /home/airflow/.local/lib/python3.7/site-packages/airflow/example_dags/tutorial_taskflow_api_virtualenv.py for tasks to queue
[2023-02-12T04:08:07.973+0000] {logging_mixin.py:120} INFO - [2023-02-12T04:08:07.972+0000] {dagbag.py:537} INFO - Filling up the DagBag from /home/airflow/.local/lib/python3.7/site-packages/airflow/example_dags/tutorial_taskflow_api_virtualenv.py
[2023-02-12T04:08:08.006+0000] {processor.py:766} INFO - DAG(s) dict_keys(['tutorial_taskflow_api_virtualenv']) retrieved from /home/airflow/.local/lib/python3.7/site-packages/airflow/example_dags/tutorial_taskflow_api_virtualenv.py
[2023-02-12T04:08:08.072+0000] {logging_mixin.py:120} INFO - [2023-02-12T04:08:08.072+0000] {dag.py:2585} INFO - Sync 1 DAGs
[2023-02-12T04:08:08.106+0000] {logging_mixin.py:120} INFO - [2023-02-12T04:08:08.106+0000] {dag.py:3340} INFO - Setting next_dagrun for tutorial_taskflow_api_virtualenv to None, run_after=None
[2023-02-12T04:08:08.136+0000] {processor.py:176} INFO - Processing /home/airflow/.local/lib/python3.7/site-packages/airflow/example_dags/tutorial_taskflow_api_virtualenv.py took 0.174 seconds
[2023-02-12T04:08:38.603+0000] {processor.py:154} INFO - Started process (PID=366) to work on /home/airflow/.local/lib/python3.7/site-packages/airflow/example_dags/tutorial_taskflow_api_virtualenv.py
[2023-02-12T04:08:38.606+0000] {processor.py:756} INFO - Processing file /home/airflow/.local/lib/python3.7/site-packages/airflow/example_dags/tutorial_taskflow_api_virtualenv.py for tasks to queue
[2023-02-12T04:08:38.609+0000] {logging_mixin.py:120} INFO - [2023-02-12T04:08:38.609+0000] {dagbag.py:537} INFO - Filling up the DagBag from /home/airflow/.local/lib/python3.7/site-packages/airflow/example_dags/tutorial_taskflow_api_virtualenv.py
[2023-02-12T04:08:38.640+0000] {processor.py:766} INFO - DAG(s) dict_keys(['tutorial_taskflow_api_virtualenv']) retrieved from /home/airflow/.local/lib/python3.7/site-packages/airflow/example_dags/tutorial_taskflow_api_virtualenv.py
[2023-02-12T04:08:38.697+0000] {logging_mixin.py:120} INFO - [2023-02-12T04:08:38.697+0000] {dag.py:2585} INFO - Sync 1 DAGs
[2023-02-12T04:08:38.731+0000] {logging_mixin.py:120} INFO - [2023-02-12T04:08:38.731+0000] {dag.py:3340} INFO - Setting next_dagrun for tutorial_taskflow_api_virtualenv to None, run_after=None
[2023-02-12T04:08:38.758+0000] {processor.py:176} INFO - Processing /home/airflow/.local/lib/python3.7/site-packages/airflow/example_dags/tutorial_taskflow_api_virtualenv.py took 0.162 seconds
[2023-02-12T04:09:09.016+0000] {processor.py:154} INFO - Started process (PID=430) to work on /home/airflow/.local/lib/python3.7/site-packages/airflow/example_dags/tutorial_taskflow_api_virtualenv.py
[2023-02-12T04:09:09.018+0000] {processor.py:756} INFO - Processing file /home/airflow/.local/lib/python3.7/site-packages/airflow/example_dags/tutorial_taskflow_api_virtualenv.py for tasks to queue
[2023-02-12T04:09:09.020+0000] {logging_mixin.py:120} INFO - [2023-02-12T04:09:09.020+0000] {dagbag.py:537} INFO - Filling up the DagBag from /home/airflow/.local/lib/python3.7/site-packages/airflow/example_dags/tutorial_taskflow_api_virtualenv.py
[2023-02-12T04:09:09.049+0000] {processor.py:766} INFO - DAG(s) dict_keys(['tutorial_taskflow_api_virtualenv']) retrieved from /home/airflow/.local/lib/python3.7/site-packages/airflow/example_dags/tutorial_taskflow_api_virtualenv.py
[2023-02-12T04:09:09.106+0000] {logging_mixin.py:120} INFO - [2023-02-12T04:09:09.105+0000] {dag.py:2585} INFO - Sync 1 DAGs
[2023-02-12T04:09:09.142+0000] {logging_mixin.py:120} INFO - [2023-02-12T04:09:09.142+0000] {dag.py:3340} INFO - Setting next_dagrun for tutorial_taskflow_api_virtualenv to None, run_after=None
[2023-02-12T04:09:09.220+0000] {processor.py:176} INFO - Processing /home/airflow/.local/lib/python3.7/site-packages/airflow/example_dags/tutorial_taskflow_api_virtualenv.py took 0.209 seconds
