[2023-02-12T04:06:16.203+0000] {processor.py:154} INFO - Started process (PID=76) to work on /home/airflow/.local/lib/python3.7/site-packages/airflow/example_dags/tutorial_taskflow_api.py
[2023-02-12T04:06:16.208+0000] {processor.py:756} INFO - Processing file /home/airflow/.local/lib/python3.7/site-packages/airflow/example_dags/tutorial_taskflow_api.py for tasks to queue
[2023-02-12T04:06:16.213+0000] {logging_mixin.py:120} INFO - [2023-02-12T04:06:16.213+0000] {dagbag.py:537} INFO - Filling up the DagBag from /home/airflow/.local/lib/python3.7/site-packages/airflow/example_dags/tutorial_taskflow_api.py
[2023-02-12T04:06:16.322+0000] {processor.py:766} INFO - DAG(s) dict_keys(['tutorial_taskflow_api']) retrieved from /home/airflow/.local/lib/python3.7/site-packages/airflow/example_dags/tutorial_taskflow_api.py
[2023-02-12T04:06:16.715+0000] {logging_mixin.py:120} INFO - [2023-02-12T04:06:16.715+0000] {manager.py:507} INFO - Created Permission View: can delete on DAG:tutorial_taskflow_api
[2023-02-12T04:06:16.741+0000] {logging_mixin.py:120} INFO - [2023-02-12T04:06:16.741+0000] {manager.py:507} INFO - Created Permission View: can read on DAG:tutorial_taskflow_api
[2023-02-12T04:06:16.762+0000] {logging_mixin.py:120} INFO - [2023-02-12T04:06:16.761+0000] {manager.py:507} INFO - Created Permission View: can edit on DAG:tutorial_taskflow_api
[2023-02-12T04:06:16.765+0000] {logging_mixin.py:120} INFO - [2023-02-12T04:06:16.765+0000] {dag.py:2585} INFO - Sync 1 DAGs
[2023-02-12T04:06:16.805+0000] {logging_mixin.py:120} INFO - [2023-02-12T04:06:16.805+0000] {dag.py:2606} INFO - Creating ORM DAG for tutorial_taskflow_api
[2023-02-12T04:06:16.837+0000] {logging_mixin.py:120} INFO - [2023-02-12T04:06:16.837+0000] {dag.py:3340} INFO - Setting next_dagrun for tutorial_taskflow_api to None, run_after=None
[2023-02-12T04:06:16.876+0000] {processor.py:176} INFO - Processing /home/airflow/.local/lib/python3.7/site-packages/airflow/example_dags/tutorial_taskflow_api.py took 0.690 seconds
[2023-02-12T04:06:47.601+0000] {processor.py:154} INFO - Started process (PID=141) to work on /home/airflow/.local/lib/python3.7/site-packages/airflow/example_dags/tutorial_taskflow_api.py
[2023-02-12T04:06:47.604+0000] {processor.py:756} INFO - Processing file /home/airflow/.local/lib/python3.7/site-packages/airflow/example_dags/tutorial_taskflow_api.py for tasks to queue
[2023-02-12T04:06:47.607+0000] {logging_mixin.py:120} INFO - [2023-02-12T04:06:47.607+0000] {dagbag.py:537} INFO - Filling up the DagBag from /home/airflow/.local/lib/python3.7/site-packages/airflow/example_dags/tutorial_taskflow_api.py
[2023-02-12T04:06:47.650+0000] {processor.py:766} INFO - DAG(s) dict_keys(['tutorial_taskflow_api']) retrieved from /home/airflow/.local/lib/python3.7/site-packages/airflow/example_dags/tutorial_taskflow_api.py
[2023-02-12T04:06:47.706+0000] {logging_mixin.py:120} INFO - [2023-02-12T04:06:47.705+0000] {dag.py:2585} INFO - Sync 1 DAGs
[2023-02-12T04:06:47.750+0000] {logging_mixin.py:120} INFO - [2023-02-12T04:06:47.750+0000] {dag.py:3340} INFO - Setting next_dagrun for tutorial_taskflow_api to None, run_after=None
[2023-02-12T04:06:47.781+0000] {processor.py:176} INFO - Processing /home/airflow/.local/lib/python3.7/site-packages/airflow/example_dags/tutorial_taskflow_api.py took 0.184 seconds
[2023-02-12T04:07:18.332+0000] {processor.py:154} INFO - Started process (PID=202) to work on /home/airflow/.local/lib/python3.7/site-packages/airflow/example_dags/tutorial_taskflow_api.py
[2023-02-12T04:07:18.335+0000] {processor.py:756} INFO - Processing file /home/airflow/.local/lib/python3.7/site-packages/airflow/example_dags/tutorial_taskflow_api.py for tasks to queue
[2023-02-12T04:07:18.337+0000] {logging_mixin.py:120} INFO - [2023-02-12T04:07:18.337+0000] {dagbag.py:537} INFO - Filling up the DagBag from /home/airflow/.local/lib/python3.7/site-packages/airflow/example_dags/tutorial_taskflow_api.py
[2023-02-12T04:07:18.370+0000] {processor.py:766} INFO - DAG(s) dict_keys(['tutorial_taskflow_api']) retrieved from /home/airflow/.local/lib/python3.7/site-packages/airflow/example_dags/tutorial_taskflow_api.py
[2023-02-12T04:07:18.430+0000] {logging_mixin.py:120} INFO - [2023-02-12T04:07:18.430+0000] {dag.py:2585} INFO - Sync 1 DAGs
[2023-02-12T04:07:18.467+0000] {logging_mixin.py:120} INFO - [2023-02-12T04:07:18.467+0000] {dag.py:3340} INFO - Setting next_dagrun for tutorial_taskflow_api to None, run_after=None
[2023-02-12T04:07:18.500+0000] {processor.py:176} INFO - Processing /home/airflow/.local/lib/python3.7/site-packages/airflow/example_dags/tutorial_taskflow_api.py took 0.177 seconds
[2023-02-12T04:07:48.718+0000] {processor.py:154} INFO - Started process (PID=267) to work on /home/airflow/.local/lib/python3.7/site-packages/airflow/example_dags/tutorial_taskflow_api.py
[2023-02-12T04:07:48.721+0000] {processor.py:756} INFO - Processing file /home/airflow/.local/lib/python3.7/site-packages/airflow/example_dags/tutorial_taskflow_api.py for tasks to queue
[2023-02-12T04:07:48.723+0000] {logging_mixin.py:120} INFO - [2023-02-12T04:07:48.723+0000] {dagbag.py:537} INFO - Filling up the DagBag from /home/airflow/.local/lib/python3.7/site-packages/airflow/example_dags/tutorial_taskflow_api.py
[2023-02-12T04:07:48.753+0000] {processor.py:766} INFO - DAG(s) dict_keys(['tutorial_taskflow_api']) retrieved from /home/airflow/.local/lib/python3.7/site-packages/airflow/example_dags/tutorial_taskflow_api.py
[2023-02-12T04:07:48.807+0000] {logging_mixin.py:120} INFO - [2023-02-12T04:07:48.806+0000] {dag.py:2585} INFO - Sync 1 DAGs
[2023-02-12T04:07:48.840+0000] {logging_mixin.py:120} INFO - [2023-02-12T04:07:48.840+0000] {dag.py:3340} INFO - Setting next_dagrun for tutorial_taskflow_api to None, run_after=None
[2023-02-12T04:07:48.867+0000] {processor.py:176} INFO - Processing /home/airflow/.local/lib/python3.7/site-packages/airflow/example_dags/tutorial_taskflow_api.py took 0.155 seconds
[2023-02-12T04:08:19.451+0000] {processor.py:154} INFO - Started process (PID=332) to work on /home/airflow/.local/lib/python3.7/site-packages/airflow/example_dags/tutorial_taskflow_api.py
[2023-02-12T04:08:19.455+0000] {processor.py:756} INFO - Processing file /home/airflow/.local/lib/python3.7/site-packages/airflow/example_dags/tutorial_taskflow_api.py for tasks to queue
[2023-02-12T04:08:19.459+0000] {logging_mixin.py:120} INFO - [2023-02-12T04:08:19.458+0000] {dagbag.py:537} INFO - Filling up the DagBag from /home/airflow/.local/lib/python3.7/site-packages/airflow/example_dags/tutorial_taskflow_api.py
[2023-02-12T04:08:19.506+0000] {processor.py:766} INFO - DAG(s) dict_keys(['tutorial_taskflow_api']) retrieved from /home/airflow/.local/lib/python3.7/site-packages/airflow/example_dags/tutorial_taskflow_api.py
[2023-02-12T04:08:19.604+0000] {logging_mixin.py:120} INFO - [2023-02-12T04:08:19.603+0000] {dag.py:2585} INFO - Sync 1 DAGs
[2023-02-12T04:08:19.668+0000] {logging_mixin.py:120} INFO - [2023-02-12T04:08:19.668+0000] {dag.py:3340} INFO - Setting next_dagrun for tutorial_taskflow_api to None, run_after=None
[2023-02-12T04:08:19.703+0000] {processor.py:176} INFO - Processing /home/airflow/.local/lib/python3.7/site-packages/airflow/example_dags/tutorial_taskflow_api.py took 0.259 seconds
[2023-02-12T04:08:49.999+0000] {processor.py:154} INFO - Started process (PID=388) to work on /home/airflow/.local/lib/python3.7/site-packages/airflow/example_dags/tutorial_taskflow_api.py
[2023-02-12T04:08:50.003+0000] {processor.py:756} INFO - Processing file /home/airflow/.local/lib/python3.7/site-packages/airflow/example_dags/tutorial_taskflow_api.py for tasks to queue
[2023-02-12T04:08:50.006+0000] {logging_mixin.py:120} INFO - [2023-02-12T04:08:50.005+0000] {dagbag.py:537} INFO - Filling up the DagBag from /home/airflow/.local/lib/python3.7/site-packages/airflow/example_dags/tutorial_taskflow_api.py
[2023-02-12T04:08:50.039+0000] {processor.py:766} INFO - DAG(s) dict_keys(['tutorial_taskflow_api']) retrieved from /home/airflow/.local/lib/python3.7/site-packages/airflow/example_dags/tutorial_taskflow_api.py
[2023-02-12T04:08:50.093+0000] {logging_mixin.py:120} INFO - [2023-02-12T04:08:50.093+0000] {dag.py:2585} INFO - Sync 1 DAGs
[2023-02-12T04:08:50.127+0000] {logging_mixin.py:120} INFO - [2023-02-12T04:08:50.127+0000] {dag.py:3340} INFO - Setting next_dagrun for tutorial_taskflow_api to None, run_after=None
[2023-02-12T04:08:50.152+0000] {processor.py:176} INFO - Processing /home/airflow/.local/lib/python3.7/site-packages/airflow/example_dags/tutorial_taskflow_api.py took 0.160 seconds
